
------Berry Plastics RatioCompiler Version 2.0 
Date: 4/15/2017, Time: 09:47:42
Program path: /Users/frankbraswell/Library/Mobile Documents/com~apple~CloudDocs/Business Folders/Berry Plastics/BerryPlastics/Berry Plastics perl debug/BerryPlastics-Perl
Command line: runprog.pl
cwd Program path: /
Command line: runprog.pl
**Fonts & Colors file: Berry Fonts & Colors.eps
-Font: Courier
-Font: Helvetica
-Font: Helvetica-Black
-Font: Helvetica-Bold
-Font: Helvetica-Condensed-Bold
-Font: Helvetica-UltraCompressed
-Font: Myriad-Roman
-Font: Times-Bold
-Font: Times-Roman
=Process Color: Black
=Process Color: Cyan
=Process Color: Magenta
=Process Color: Yellow
=Spot Color: Berry Blue
=Spot Color: PANTONE 106 M
=Spot Color: PANTONE 277 M
=Spot Color: PANTONE 2925 M
=Spot Color: PANTONE 484 M
=Spot Color: PANTONE Reflex Blue CVC
Input file: /Users/frankbraswell/Library/Mobile Documents/com~apple~CloudDocs/Business Folders/Berry Plastics/Berry Test Files/Berry Update Dec 2016/Test Files Dec 2016/3 T30304LW Parameter chart.txt
^^^^File Name: 3 T30304LW Parameter chart.txt, TXT  - Unix file with LF - File Length: 1150
Looking for table in "3 T30304LW Parameter chart.txt" at line 0
Input file: /Users/frankbraswell/Library/Mobile Documents/com~apple~CloudDocs/Business Folders/Berry Plastics/Berry Test Files/Berry Update Dec 2016/Test Files Dec 2016/1 Inch Markings-Table 1.txt
^^^^File Name: 1 Inch Markings-Table 1.txt, TXT  - Unix file with LF - File Length: 490
++Parse ratio tables
Input file: /Users/frankbraswell/Library/Mobile Documents/com~apple~CloudDocs/Business Folders/Berry Plastics/Berry Test Files/Berry Update Dec 2016/Test Files Dec 2016/2 H1080696 Ratio Chart.txt
^^^^File Name: 2 H1080696 Ratio Chart.txt, TXT  - Mac file with CR - File Length: 1869
Looking for table in "2 H1080696 Ratio Chart.txt" at line 2
Looking for table in "2 H1080696 Ratio Chart.txt" at line 3
Looking for table in "2 H1080696 Ratio Chart.txt" at line 5
Looking for table in "2 H1080696 Ratio Chart.txt" at line 10
Looking for table in "2 H1080696 Ratio Chart.txt" at line 11
Looking for table in "2 H1080696 Ratio Chart.txt" at line 12
Looking for table in "2 H1080696 Ratio Chart.txt" at line 13
Looking for table in "2 H1080696 Ratio Chart.txt" at line 14
Looking for table in "2 H1080696 Ratio Chart.txt" at line 15
Looking for table in "2 H1080696 Ratio Chart.txt" at line 16
Looking for table in "2 H1080696 Ratio Chart.txt" at line 19
Looking for table in "2 H1080696 Ratio Chart.txt" at line 20
Looking for table in "2 H1080696 Ratio Chart.txt" at line 21
Looking for table in "2 H1080696 Ratio Chart.txt" at line 22
Looking for table in "2 H1080696 Ratio Chart.txt" at line 23
Looking for table in "2 H1080696 Ratio Chart.txt" at line 24
Looking for table in "2 H1080696 Ratio Chart.txt" at line 27
Looking for table in "2 H1080696 Ratio Chart.txt" at line 28
Looking for table in "2 H1080696 Ratio Chart.txt" at line 29
Looking for table in "2 H1080696 Ratio Chart.txt" at line 30
Looking for table in "2 H1080696 Ratio Chart.txt" at line 31
Looking for table in "2 H1080696 Ratio Chart.txt" at line 32
Looking for table in "2 H1080696 Ratio Chart.txt" at line 35
Looking for table in "2 H1080696 Ratio Chart.txt" at line 36
Looking for table in "2 H1080696 Ratio Chart.txt" at line 37
Looking for table in "2 H1080696 Ratio Chart.txt" at line 38
Looking for table in "2 H1080696 Ratio Chart.txt" at line 39
Looking for table in "2 H1080696 Ratio Chart.txt" at line 40
Looking for table in "2 H1080696 Ratio Chart.txt" at line 41
Looking for table in "2 H1080696 Ratio Chart.txt" at line 44
Looking for table in "2 H1080696 Ratio Chart.txt" at line 45
Looking for table in "2 H1080696 Ratio Chart.txt" at line 46
Looking for table in "2 H1080696 Ratio Chart.txt" at line 47
Looking for table in "2 H1080696 Ratio Chart.txt" at line 48
Looking for table in "2 H1080696 Ratio Chart.txt" at line 49
++Parse measurement tables
Ratio table from: table00
row 0: 	|	2|	1|	10%|
row 1: 	1|	30|	45|	48|
row 2: 	2|	60|	90|	96|
row 3: 	3|	90|	135|	144|
row 4: 	4|	120|	180|	192|
row 5: 	5|	150|	225|	240|
row 6: 	6|	180|	270|	288|
End Ratio table from tableprint 
Ratio table from: table01
row 0: 	|	3|	1|	1|	1|
row 1: 	1|	30|	40|	50|	60|
row 2: 	2|	60|	80|	100|	120|
row 3: 	3|	90|	120|	150|	180|
row 4: 	4|	120|	160|	200|	240|
row 5: 	5|	150|	200|	250|	300|
End Ratio table from tableprint 
Ratio table from: table02
row 0: 	|	3|	2|	1|
row 1: 	1|	30|	50|	60|
row 2: 	2|	60|	100|	120|
row 3: 	3|	90|	150|	180|
row 4: 	4|	120|	200|	240|
row 5: 	5|	150|	250|	300|
End Ratio table from tableprint 
Ratio table from: table03
row 0: 	|	4|	1|	1|
row 1: 	1|	32|	40|	48|
row 2: 	2|	64|	80|	96|
row 3: 	3|	96|	120|	144|
row 4: 	4|	128|	160|	192|
row 5: 	5|	160|	200|	240|
row 6: 	6|	192|	240|	288|
End Ratio table from tableprint 
Ratio table from: table04
row 0: 	|	4|	1|	2|
row 1: 	1|	32|	40|	56|
row 2: 	2|	64|	80|	112|
row 3: 	3|	96|	120|	168|
row 4: 	4|	128|	160|	224|
row 5: 	5|	160|	200|	280|
End Ratio table from tableprint 
Ratio table from: table05
row 0: 	Parts|	 |
row 1: 	1|	30|
row 2: 	2|	60|
row 3: 	3|	90|
row 4: 	4|	120|
row 5: 	5|	150|
row 6: 	6|	180|
row 7: 	7|	210|
row 8: 	8|	240|
row 9: 	9|	270|
row 10: 	10|	300|
End Ratio table from tableprint 
Ratio table from: table06
row 0: 	Ounces|	 |
row 1: 	2|	59.1|
row 2: 	3|	88.7|
row 3: 	4|	118.3|
row 4: 	5|	147.9|
row 5: 	6|	177.4|
row 6: 	7|	207.0|
row 7: 	8|	236.6|
row 8: 	9|	266.1|
row 9: 	10|	295.7|
row 10: 	11|	325.3|
End Ratio table from tableprint 
Ratio table from: table07
row 0: 	mL|
row 1: 	50|
row 2: 	75|
row 3: 	100|
row 4: 	125|
row 5: 	150|
row 6: 	175|
row 7: 	200|
row 8: 	225|
row 9: 	250|
row 10: 	275|
row 11: 	300|
End Ratio table from tableprint 
++Build EPS file
FATAL ERROR MESSAGE! Conversion table doesn't exist
