
------Berry Plastics RatioCompiler Version 2.0 
Date: 4/15/2017, Time: 11:52:57
Program path: /Users/frankbraswell/Library/Mobile Documents/com~apple~CloudDocs/Business Folders/Berry Plastics/BerryPlastics/Berry Plastics perl debug/BerryPlastics-Perl
Command line: runprog.pl
cwd Program path: /
Command line: runprog.pl
**Fonts & Colors file: Berry Fonts & Colors.eps
-Font: Courier
-Font: Helvetica
-Font: Helvetica-Black
-Font: Helvetica-Bold
-Font: Helvetica-Condensed-Bold
-Font: Helvetica-UltraCompressed
-Font: Myriad-Roman
-Font: Times-Bold
-Font: Times-Roman
=Process Color: Black
=Process Color: Cyan
=Process Color: Magenta
=Process Color: Yellow
=Spot Color: Berry Blue
=Spot Color: PANTONE 106 M
=Spot Color: PANTONE 277 M
=Spot Color: PANTONE 2925 M
=Spot Color: PANTONE 484 M
=Spot Color: PANTONE Reflex Blue CVC
Input file: /Users/frankbraswell/Library/Mobile Documents/com~apple~CloudDocs/Business Folders/Berry Plastics/Berry Test Files/Berry Update Dec 2016/Test Files Dec 2016/Test 2/3 T30304LW Parameter chart copy.txt
^^^^File Name: 3 T30304LW Parameter chart copy.txt, TXT  - Mac file CR - File Length: 1150 - 34 tabs
Looking for table in "3 T30304LW Parameter chart copy.txt" at line 1
++Parse parameter table
Parameter table from: parametertable
line: 1 = val: 0.15			key: Column Space (inches)
line: 2 = val: T30304LW			key: Container Part Number
line: 3 = val: HYMAN			key: Customer Name
line: 4 = val: Black			key: Header Horizontal Line Color
line: 5 = val: 1.5			key: Header Horizontal Line Weight (points)
line: 6 = val: Black			key: Horizontal Line Color
line: 7 = val: .75			key: Horizontal Line Weight (points)
line: 8 = val: H1305709			key: Job Number
line: 9 = val: Helvetica-Bold			key: Measurement Chart Font
line: 10 = val: Black			key: Measurement Chart Font Color
line: 11 = val: 7			key: Measurement Chart Font Size (points)
line: 12 = val: 0.9375			key: Measurement Chart Height (inches)
line: 13 = val: Right			key: Measurement Chart Location (on Right or on Left)
line: 14 = val: 0.75			key: Measurement Chart Width (inches)
line: 15 = val: Bill			key: Operator Name
line: 16 = val: 0.9375			key: Ratio Chart Height (inches)
line: 17 = val: 0.125			key: Ratio Chart Top Offset (inches)
line: 18 = val: 0.2			key: Ratio Chart Width (inches)
line: 19 = val: Helvetica-Condensed-Bold			key: Ratio Column Font
line: 20 = val: Black			key: Ratio Column Font Color
line: 21 = val: 6			key: Ratio Column Font Size (points)
line: 22 = val: Helvetica-Condensed-Bold			key: Ratio Header Font
line: 23 = val: Black			key: Ratio Header Font Color
line: 24 = val: 8			key: Ratio Header Font Size (points)
line: 25 = val: 0.125			key: Ratio Header Height (inches)
line: 26 = val: Below			key: Ratio Number Location (Above or Below)
line: 27 = val: Black			key: Vertical Line Color Inside
line: 28 = val: Black			key: Vertical Line Color Outside
line: 29 = val: .75			key: Vertical Line Weight Inside (points)
line: 30 = val: 1.5			key: Vertical Line Weight Outside (points)
End parameter table from paramtableprint
++Color and Font Check.
-color param: Header Horizontal Line Color = Black --Exists in process colors hash.
-color param: Horizontal Line Color = Black --Exists in process colors hash.
-color param: Measurement Chart Font Color = Black --Exists in process colors hash.
-color param: Ratio Column Font Color = Black --Exists in process colors hash.
-color param: Ratio Header Font Color = Black --Exists in process colors hash.
-color param: Vertical Line Color Inside = Black --Exists in process colors hash.
-color param: Vertical Line Color Outside = Black --Exists in process colors hash.
-font param: Measurement Chart Font = Helvetica-Bold--Exists in fonts hash.
-font param: Ratio Column Font = Helvetica-Condensed-Bold--Exists in fonts hash.
-font param: Ratio Header Font = Helvetica-Condensed-Bold--Exists in fonts hash.
Input file: /Users/frankbraswell/Library/Mobile Documents/com~apple~CloudDocs/Business Folders/Berry Plastics/Berry Test Files/Berry Update Dec 2016/Test Files Dec 2016/Test 2/Inch Markings-conversion chart 1 copy.txt
^^^^File Name: Inch Markings-conversion chart 1 copy.txt, TXT  - Mac file CR - File Length: 500 - 160 commas
WARNING MESSAGE! Use of uninitialized value $linearr[1] in pattern match (m//) at /Users/frankbraswell/Library/Mobile Documents/com~apple~CloudDocs/Business Folders/Berry Plastics/BerryPlastics/Berry Plastics perl debug/BerryPlastics-Perl/SOM/SOMcontrol.pm line 474, <$fh> chunk 45.
Looking for table in "Inch Markings-conversion chart 1 copy.txt" at line 5
WARNING MESSAGE! Use of uninitialized value $linearr[1] in pattern match (m//) at /Users/frankbraswell/Library/Mobile Documents/com~apple~CloudDocs/Business Folders/Berry Plastics/BerryPlastics/Berry Plastics perl debug/BerryPlastics-Perl/SOM/SOMcontrol.pm line 474, <$fh> chunk 46.
Looking for table in "Inch Markings-conversion chart 1 copy.txt" at line 6
WARNING MESSAGE! Use of uninitialized value $linearr[1] in pattern match (m//) at /Users/frankbraswell/Library/Mobile Documents/com~apple~CloudDocs/Business Folders/Berry Plastics/BerryPlastics/Berry Plastics perl debug/BerryPlastics-Perl/SOM/SOMcontrol.pm line 474, <$fh> chunk 47.
Looking for table in "Inch Markings-conversion chart 1 copy.txt" at line 7
WARNING MESSAGE! Use of uninitialized value $linearr[1] in pattern match (m//) at /Users/frankbraswell/Library/Mobile Documents/com~apple~CloudDocs/Business Folders/Berry Plastics/BerryPlastics/Berry Plastics perl debug/BerryPlastics-Perl/SOM/SOMcontrol.pm line 474, <$fh> chunk 48.
Looking for table in "Inch Markings-conversion chart 1 copy.txt" at line 8
WARNING MESSAGE! Use of uninitialized value $linearr[1] in pattern match (m//) at /Users/frankbraswell/Library/Mobile Documents/com~apple~CloudDocs/Business Folders/Berry Plastics/BerryPlastics/Berry Plastics perl debug/BerryPlastics-Perl/SOM/SOMcontrol.pm line 474, <$fh> chunk 49.
Looking for table in "Inch Markings-conversion chart 1 copy.txt" at line 9
WARNING MESSAGE! Use of uninitialized value $linearr[1] in pattern match (m//) at /Users/frankbraswell/Library/Mobile Documents/com~apple~CloudDocs/Business Folders/Berry Plastics/BerryPlastics/Berry Plastics perl debug/BerryPlastics-Perl/SOM/SOMcontrol.pm line 474, <$fh> chunk 50.
Looking for table in "Inch Markings-conversion chart 1 copy.txt" at line 10
WARNING MESSAGE! Use of uninitialized value $linearr[1] in pattern match (m//) at /Users/frankbraswell/Library/Mobile Documents/com~apple~CloudDocs/Business Folders/Berry Plastics/BerryPlastics/Berry Plastics perl debug/BerryPlastics-Perl/SOM/SOMcontrol.pm line 474, <$fh> chunk 51.
Looking for table in "Inch Markings-conversion chart 1 copy.txt" at line 11
WARNING MESSAGE! Use of uninitialized value $linearr[1] in pattern match (m//) at /Users/frankbraswell/Library/Mobile Documents/com~apple~CloudDocs/Business Folders/Berry Plastics/BerryPlastics/Berry Plastics perl debug/BerryPlastics-Perl/SOM/SOMcontrol.pm line 474, <$fh> chunk 52.
Looking for table in "Inch Markings-conversion chart 1 copy.txt" at line 12
WARNING MESSAGE! Use of uninitialized value $linearr[1] in pattern match (m//) at /Users/frankbraswell/Library/Mobile Documents/com~apple~CloudDocs/Business Folders/Berry Plastics/BerryPlastics/Berry Plastics perl debug/BerryPlastics-Perl/SOM/SOMcontrol.pm line 474, <$fh> chunk 53.
Looking for table in "Inch Markings-conversion chart 1 copy.txt" at line 13
WARNING MESSAGE! Use of uninitialized value $linearr[1] in pattern match (m//) at /Users/frankbraswell/Library/Mobile Documents/com~apple~CloudDocs/Business Folders/Berry Plastics/BerryPlastics/Berry Plastics perl debug/BerryPlastics-Perl/SOM/SOMcontrol.pm line 474, <$fh> chunk 54.
Looking for table in "Inch Markings-conversion chart 1 copy.txt" at line 14
WARNING MESSAGE! Use of uninitialized value $linearr[1] in pattern match (m//) at /Users/frankbraswell/Library/Mobile Documents/com~apple~CloudDocs/Business Folders/Berry Plastics/BerryPlastics/Berry Plastics perl debug/BerryPlastics-Perl/SOM/SOMcontrol.pm line 474, <$fh> chunk 55.
Looking for table in "Inch Markings-conversion chart 1 copy.txt" at line 15
WARNING MESSAGE! Use of uninitialized value $linearr[1] in pattern match (m//) at /Users/frankbraswell/Library/Mobile Documents/com~apple~CloudDocs/Business Folders/Berry Plastics/BerryPlastics/Berry Plastics perl debug/BerryPlastics-Perl/SOM/SOMcontrol.pm line 474, <$fh> chunk 56.
Looking for table in "Inch Markings-conversion chart 1 copy.txt" at line 16
WARNING MESSAGE! Use of uninitialized value $linearr[1] in pattern match (m//) at /Users/frankbraswell/Library/Mobile Documents/com~apple~CloudDocs/Business Folders/Berry Plastics/BerryPlastics/Berry Plastics perl debug/BerryPlastics-Perl/SOM/SOMcontrol.pm line 474, <$fh> chunk 57.
Looking for table in "Inch Markings-conversion chart 1 copy.txt" at line 17
WARNING MESSAGE! Use of uninitialized value $linearr[1] in pattern match (m//) at /Users/frankbraswell/Library/Mobile Documents/com~apple~CloudDocs/Business Folders/Berry Plastics/BerryPlastics/Berry Plastics perl debug/BerryPlastics-Perl/SOM/SOMcontrol.pm line 474, <$fh> chunk 58.
Looking for table in "Inch Markings-conversion chart 1 copy.txt" at line 18
WARNING MESSAGE! Use of uninitialized value $linearr[1] in pattern match (m//) at /Users/frankbraswell/Library/Mobile Documents/com~apple~CloudDocs/Business Folders/Berry Plastics/BerryPlastics/Berry Plastics perl debug/BerryPlastics-Perl/SOM/SOMcontrol.pm line 474, <$fh> chunk 59.
Looking for table in "Inch Markings-conversion chart 1 copy.txt" at line 19
WARNING MESSAGE! Use of uninitialized value $linearr[1] in pattern match (m//) at /Users/frankbraswell/Library/Mobile Documents/com~apple~CloudDocs/Business Folders/Berry Plastics/BerryPlastics/Berry Plastics perl debug/BerryPlastics-Perl/SOM/SOMcontrol.pm line 474, <$fh> chunk 60.
Looking for table in "Inch Markings-conversion chart 1 copy.txt" at line 20
WARNING MESSAGE! Use of uninitialized value $linearr[1] in pattern match (m//) at /Users/frankbraswell/Library/Mobile Documents/com~apple~CloudDocs/Business Folders/Berry Plastics/BerryPlastics/Berry Plastics perl debug/BerryPlastics-Perl/SOM/SOMcontrol.pm line 474, <$fh> chunk 61.
Looking for table in "Inch Markings-conversion chart 1 copy.txt" at line 21
WARNING MESSAGE! Use of uninitialized value $linearr[1] in pattern match (m//) at /Users/frankbraswell/Library/Mobile Documents/com~apple~CloudDocs/Business Folders/Berry Plastics/BerryPlastics/Berry Plastics perl debug/BerryPlastics-Perl/SOM/SOMcontrol.pm line 474, <$fh> chunk 62.
Looking for table in "Inch Markings-conversion chart 1 copy.txt" at line 22
WARNING MESSAGE! Use of uninitialized value $linearr[1] in pattern match (m//) at /Users/frankbraswell/Library/Mobile Documents/com~apple~CloudDocs/Business Folders/Berry Plastics/BerryPlastics/Berry Plastics perl debug/BerryPlastics-Perl/SOM/SOMcontrol.pm line 474, <$fh> chunk 63.
Looking for table in "Inch Markings-conversion chart 1 copy.txt" at line 23
WARNING MESSAGE! Use of uninitialized value $linearr[1] in pattern match (m//) at /Users/frankbraswell/Library/Mobile Documents/com~apple~CloudDocs/Business Folders/Berry Plastics/BerryPlastics/Berry Plastics perl debug/BerryPlastics-Perl/SOM/SOMcontrol.pm line 474, <$fh> chunk 64.
Looking for table in "Inch Markings-conversion chart 1 copy.txt" at line 24
WARNING MESSAGE! Use of uninitialized value $linearr[1] in pattern match (m//) at /Users/frankbraswell/Library/Mobile Documents/com~apple~CloudDocs/Business Folders/Berry Plastics/BerryPlastics/Berry Plastics perl debug/BerryPlastics-Perl/SOM/SOMcontrol.pm line 474, <$fh> chunk 65.
Looking for table in "Inch Markings-conversion chart 1 copy.txt" at line 25
WARNING MESSAGE! Use of uninitialized value $linearr[1] in pattern match (m//) at /Users/frankbraswell/Library/Mobile Documents/com~apple~CloudDocs/Business Folders/Berry Plastics/BerryPlastics/Berry Plastics perl debug/BerryPlastics-Perl/SOM/SOMcontrol.pm line 474, <$fh> chunk 66.
Looking for table in "Inch Markings-conversion chart 1 copy.txt" at line 26
WARNING MESSAGE! Use of uninitialized value $linearr[1] in pattern match (m//) at /Users/frankbraswell/Library/Mobile Documents/com~apple~CloudDocs/Business Folders/Berry Plastics/BerryPlastics/Berry Plastics perl debug/BerryPlastics-Perl/SOM/SOMcontrol.pm line 474, <$fh> chunk 67.
Looking for table in "Inch Markings-conversion chart 1 copy.txt" at line 27
WARNING MESSAGE! Use of uninitialized value $linearr[1] in pattern match (m//) at /Users/frankbraswell/Library/Mobile Documents/com~apple~CloudDocs/Business Folders/Berry Plastics/BerryPlastics/Berry Plastics perl debug/BerryPlastics-Perl/SOM/SOMcontrol.pm line 474, <$fh> chunk 68.
Looking for table in "Inch Markings-conversion chart 1 copy.txt" at line 28
WARNING MESSAGE! Use of uninitialized value $linearr[1] in pattern match (m//) at /Users/frankbraswell/Library/Mobile Documents/com~apple~CloudDocs/Business Folders/Berry Plastics/BerryPlastics/Berry Plastics perl debug/BerryPlastics-Perl/SOM/SOMcontrol.pm line 474, <$fh> chunk 69.
Looking for table in "Inch Markings-conversion chart 1 copy.txt" at line 29
WARNING MESSAGE! Use of uninitialized value $linearr[1] in pattern match (m//) at /Users/frankbraswell/Library/Mobile Documents/com~apple~CloudDocs/Business Folders/Berry Plastics/BerryPlastics/Berry Plastics perl debug/BerryPlastics-Perl/SOM/SOMcontrol.pm line 474, <$fh> chunk 70.
Looking for table in "Inch Markings-conversion chart 1 copy.txt" at line 30
WARNING MESSAGE! Use of uninitialized value $linearr[1] in pattern match (m//) at /Users/frankbraswell/Library/Mobile Documents/com~apple~CloudDocs/Business Folders/Berry Plastics/BerryPlastics/Berry Plastics perl debug/BerryPlastics-Perl/SOM/SOMcontrol.pm line 474, <$fh> chunk 71.
Looking for table in "Inch Markings-conversion chart 1 copy.txt" at line 31
WARNING MESSAGE! Use of uninitialized value $linearr[1] in pattern match (m//) at /Users/frankbraswell/Library/Mobile Documents/com~apple~CloudDocs/Business Folders/Berry Plastics/BerryPlastics/Berry Plastics perl debug/BerryPlastics-Perl/SOM/SOMcontrol.pm line 474, <$fh> chunk 72.
Looking for table in "Inch Markings-conversion chart 1 copy.txt" at line 32
WARNING MESSAGE! Use of uninitialized value $linearr[1] in pattern match (m//) at /Users/frankbraswell/Library/Mobile Documents/com~apple~CloudDocs/Business Folders/Berry Plastics/BerryPlastics/Berry Plastics perl debug/BerryPlastics-Perl/SOM/SOMcontrol.pm line 474, <$fh> chunk 73.
Looking for table in "Inch Markings-conversion chart 1 copy.txt" at line 33
WARNING MESSAGE! Use of uninitialized value $linearr[1] in pattern match (m//) at /Users/frankbraswell/Library/Mobile Documents/com~apple~CloudDocs/Business Folders/Berry Plastics/BerryPlastics/Berry Plastics perl debug/BerryPlastics-Perl/SOM/SOMcontrol.pm line 474, <$fh> chunk 74.
Looking for table in "Inch Markings-conversion chart 1 copy.txt" at line 34
WARNING MESSAGE! Use of uninitialized value $linearr[1] in pattern match (m//) at /Users/frankbraswell/Library/Mobile Documents/com~apple~CloudDocs/Business Folders/Berry Plastics/BerryPlastics/Berry Plastics perl debug/BerryPlastics-Perl/SOM/SOMcontrol.pm line 474, <$fh> chunk 75.
Looking for table in "Inch Markings-conversion chart 1 copy.txt" at line 35
WARNING MESSAGE! Use of uninitialized value $linearr[1] in pattern match (m//) at /Users/frankbraswell/Library/Mobile Documents/com~apple~CloudDocs/Business Folders/Berry Plastics/BerryPlastics/Berry Plastics perl debug/BerryPlastics-Perl/SOM/SOMcontrol.pm line 474, <$fh> chunk 76.
Looking for table in "Inch Markings-conversion chart 1 copy.txt" at line 36
WARNING MESSAGE! Use of uninitialized value $linearr[1] in pattern match (m//) at /Users/frankbraswell/Library/Mobile Documents/com~apple~CloudDocs/Business Folders/Berry Plastics/BerryPlastics/Berry Plastics perl debug/BerryPlastics-Perl/SOM/SOMcontrol.pm line 474, <$fh> chunk 77.
Looking for table in "Inch Markings-conversion chart 1 copy.txt" at line 37
WARNING MESSAGE! Use of uninitialized value $linearr[1] in pattern match (m//) at /Users/frankbraswell/Library/Mobile Documents/com~apple~CloudDocs/Business Folders/Berry Plastics/BerryPlastics/Berry Plastics perl debug/BerryPlastics-Perl/SOM/SOMcontrol.pm line 474, <$fh> chunk 78.
Looking for table in "Inch Markings-conversion chart 1 copy.txt" at line 38
WARNING MESSAGE! Use of uninitialized value $linearr[1] in pattern match (m//) at /Users/frankbraswell/Library/Mobile Documents/com~apple~CloudDocs/Business Folders/Berry Plastics/BerryPlastics/Berry Plastics perl debug/BerryPlastics-Perl/SOM/SOMcontrol.pm line 474, <$fh> chunk 79.
Looking for table in "Inch Markings-conversion chart 1 copy.txt" at line 39
Input file: /Users/frankbraswell/Library/Mobile Documents/com~apple~CloudDocs/Business Folders/Berry Plastics/Berry Test Files/Berry Update Dec 2016/Test Files Dec 2016/Test 2/T30304LW-ratio chart 1 copy.txt
^^^^File Name: T30304LW-ratio chart 1 copy.txt, TXT  - Mac file CR - File Length: 1762 - 1089 commas
WARNING MESSAGE! Use of uninitialized value $linearr[1] in pattern match (m//) at /Users/frankbraswell/Library/Mobile Documents/com~apple~CloudDocs/Business Folders/Berry Plastics/BerryPlastics/Berry Plastics perl debug/BerryPlastics-Perl/SOM/SOMcontrol.pm line 474, <$fh> chunk 86.
Looking for table in "T30304LW-ratio chart 1 copy.txt" at line 5
WARNING MESSAGE! Use of uninitialized value $linearr[1] in pattern match (m//) at /Users/frankbraswell/Library/Mobile Documents/com~apple~CloudDocs/Business Folders/Berry Plastics/BerryPlastics/Berry Plastics perl debug/BerryPlastics-Perl/SOM/SOMcontrol.pm line 474, <$fh> chunk 87.
Looking for table in "T30304LW-ratio chart 1 copy.txt" at line 6
WARNING MESSAGE! Use of uninitialized value $linearr[1] in pattern match (m//) at /Users/frankbraswell/Library/Mobile Documents/com~apple~CloudDocs/Business Folders/Berry Plastics/BerryPlastics/Berry Plastics perl debug/BerryPlastics-Perl/SOM/SOMcontrol.pm line 474, <$fh> chunk 88.
Looking for table in "T30304LW-ratio chart 1 copy.txt" at line 7
WARNING MESSAGE! Use of uninitialized value $linearr[1] in pattern match (m//) at /Users/frankbraswell/Library/Mobile Documents/com~apple~CloudDocs/Business Folders/Berry Plastics/BerryPlastics/Berry Plastics perl debug/BerryPlastics-Perl/SOM/SOMcontrol.pm line 474, <$fh> chunk 89.
Looking for table in "T30304LW-ratio chart 1 copy.txt" at line 8
WARNING MESSAGE! Use of uninitialized value $linearr[1] in pattern match (m//) at /Users/frankbraswell/Library/Mobile Documents/com~apple~CloudDocs/Business Folders/Berry Plastics/BerryPlastics/Berry Plastics perl debug/BerryPlastics-Perl/SOM/SOMcontrol.pm line 474, <$fh> chunk 90.
Looking for table in "T30304LW-ratio chart 1 copy.txt" at line 9
WARNING MESSAGE! Use of uninitialized value $linearr[1] in pattern match (m//) at /Users/frankbraswell/Library/Mobile Documents/com~apple~CloudDocs/Business Folders/Berry Plastics/BerryPlastics/Berry Plastics perl debug/BerryPlastics-Perl/SOM/SOMcontrol.pm line 474, <$fh> chunk 91.
Looking for table in "T30304LW-ratio chart 1 copy.txt" at line 10
WARNING MESSAGE! Use of uninitialized value $linearr[1] in pattern match (m//) at /Users/frankbraswell/Library/Mobile Documents/com~apple~CloudDocs/Business Folders/Berry Plastics/BerryPlastics/Berry Plastics perl debug/BerryPlastics-Perl/SOM/SOMcontrol.pm line 474, <$fh> chunk 92.
Looking for table in "T30304LW-ratio chart 1 copy.txt" at line 11
WARNING MESSAGE! Use of uninitialized value $linearr[1] in pattern match (m//) at /Users/frankbraswell/Library/Mobile Documents/com~apple~CloudDocs/Business Folders/Berry Plastics/BerryPlastics/Berry Plastics perl debug/BerryPlastics-Perl/SOM/SOMcontrol.pm line 474, <$fh> chunk 93.
Looking for table in "T30304LW-ratio chart 1 copy.txt" at line 12
WARNING MESSAGE! Use of uninitialized value $linearr[1] in pattern match (m//) at /Users/frankbraswell/Library/Mobile Documents/com~apple~CloudDocs/Business Folders/Berry Plastics/BerryPlastics/Berry Plastics perl debug/BerryPlastics-Perl/SOM/SOMcontrol.pm line 474, <$fh> chunk 94.
Looking for table in "T30304LW-ratio chart 1 copy.txt" at line 13
WARNING MESSAGE! Use of uninitialized value $linearr[1] in pattern match (m//) at /Users/frankbraswell/Library/Mobile Documents/com~apple~CloudDocs/Business Folders/Berry Plastics/BerryPlastics/Berry Plastics perl debug/BerryPlastics-Perl/SOM/SOMcontrol.pm line 474, <$fh> chunk 95.
Looking for table in "T30304LW-ratio chart 1 copy.txt" at line 14
WARNING MESSAGE! Use of uninitialized value $linearr[1] in pattern match (m//) at /Users/frankbraswell/Library/Mobile Documents/com~apple~CloudDocs/Business Folders/Berry Plastics/BerryPlastics/Berry Plastics perl debug/BerryPlastics-Perl/SOM/SOMcontrol.pm line 474, <$fh> chunk 96.
Looking for table in "T30304LW-ratio chart 1 copy.txt" at line 15
WARNING MESSAGE! Use of uninitialized value $linearr[1] in pattern match (m//) at /Users/frankbraswell/Library/Mobile Documents/com~apple~CloudDocs/Business Folders/Berry Plastics/BerryPlastics/Berry Plastics perl debug/BerryPlastics-Perl/SOM/SOMcontrol.pm line 474, <$fh> chunk 97.
Looking for table in "T30304LW-ratio chart 1 copy.txt" at line 16
WARNING MESSAGE! Use of uninitialized value $linearr[1] in pattern match (m//) at /Users/frankbraswell/Library/Mobile Documents/com~apple~CloudDocs/Business Folders/Berry Plastics/BerryPlastics/Berry Plastics perl debug/BerryPlastics-Perl/SOM/SOMcontrol.pm line 474, <$fh> chunk 98.
Looking for table in "T30304LW-ratio chart 1 copy.txt" at line 17
WARNING MESSAGE! Use of uninitialized value $linearr[1] in pattern match (m//) at /Users/frankbraswell/Library/Mobile Documents/com~apple~CloudDocs/Business Folders/Berry Plastics/BerryPlastics/Berry Plastics perl debug/BerryPlastics-Perl/SOM/SOMcontrol.pm line 474, <$fh> chunk 99.
Looking for table in "T30304LW-ratio chart 1 copy.txt" at line 18
WARNING MESSAGE! Use of uninitialized value $linearr[1] in pattern match (m//) at /Users/frankbraswell/Library/Mobile Documents/com~apple~CloudDocs/Business Folders/Berry Plastics/BerryPlastics/Berry Plastics perl debug/BerryPlastics-Perl/SOM/SOMcontrol.pm line 474, <$fh> chunk 100.
Looking for table in "T30304LW-ratio chart 1 copy.txt" at line 19
WARNING MESSAGE! Use of uninitialized value $linearr[1] in pattern match (m//) at /Users/frankbraswell/Library/Mobile Documents/com~apple~CloudDocs/Business Folders/Berry Plastics/BerryPlastics/Berry Plastics perl debug/BerryPlastics-Perl/SOM/SOMcontrol.pm line 474, <$fh> chunk 101.
Looking for table in "T30304LW-ratio chart 1 copy.txt" at line 20
WARNING MESSAGE! Use of uninitialized value $linearr[1] in pattern match (m//) at /Users/frankbraswell/Library/Mobile Documents/com~apple~CloudDocs/Business Folders/Berry Plastics/BerryPlastics/Berry Plastics perl debug/BerryPlastics-Perl/SOM/SOMcontrol.pm line 474, <$fh> chunk 102.
Looking for table in "T30304LW-ratio chart 1 copy.txt" at line 21
WARNING MESSAGE! Use of uninitialized value $linearr[1] in pattern match (m//) at /Users/frankbraswell/Library/Mobile Documents/com~apple~CloudDocs/Business Folders/Berry Plastics/BerryPlastics/Berry Plastics perl debug/BerryPlastics-Perl/SOM/SOMcontrol.pm line 474, <$fh> chunk 103.
Looking for table in "T30304LW-ratio chart 1 copy.txt" at line 22
WARNING MESSAGE! Use of uninitialized value $linearr[1] in pattern match (m//) at /Users/frankbraswell/Library/Mobile Documents/com~apple~CloudDocs/Business Folders/Berry Plastics/BerryPlastics/Berry Plastics perl debug/BerryPlastics-Perl/SOM/SOMcontrol.pm line 474, <$fh> chunk 104.
Looking for table in "T30304LW-ratio chart 1 copy.txt" at line 23
WARNING MESSAGE! Use of uninitialized value $linearr[1] in pattern match (m//) at /Users/frankbraswell/Library/Mobile Documents/com~apple~CloudDocs/Business Folders/Berry Plastics/BerryPlastics/Berry Plastics perl debug/BerryPlastics-Perl/SOM/SOMcontrol.pm line 474, <$fh> chunk 105.
Looking for table in "T30304LW-ratio chart 1 copy.txt" at line 24
WARNING MESSAGE! Use of uninitialized value $linearr[1] in pattern match (m//) at /Users/frankbraswell/Library/Mobile Documents/com~apple~CloudDocs/Business Folders/Berry Plastics/BerryPlastics/Berry Plastics perl debug/BerryPlastics-Perl/SOM/SOMcontrol.pm line 474, <$fh> chunk 106.
Looking for table in "T30304LW-ratio chart 1 copy.txt" at line 25
WARNING MESSAGE! Use of uninitialized value $linearr[1] in pattern match (m//) at /Users/frankbraswell/Library/Mobile Documents/com~apple~CloudDocs/Business Folders/Berry Plastics/BerryPlastics/Berry Plastics perl debug/BerryPlastics-Perl/SOM/SOMcontrol.pm line 474, <$fh> chunk 107.
Looking for table in "T30304LW-ratio chart 1 copy.txt" at line 26
WARNING MESSAGE! Use of uninitialized value $linearr[1] in pattern match (m//) at /Users/frankbraswell/Library/Mobile Documents/com~apple~CloudDocs/Business Folders/Berry Plastics/BerryPlastics/Berry Plastics perl debug/BerryPlastics-Perl/SOM/SOMcontrol.pm line 474, <$fh> chunk 108.
Looking for table in "T30304LW-ratio chart 1 copy.txt" at line 27
WARNING MESSAGE! Use of uninitialized value $linearr[1] in pattern match (m//) at /Users/frankbraswell/Library/Mobile Documents/com~apple~CloudDocs/Business Folders/Berry Plastics/BerryPlastics/Berry Plastics perl debug/BerryPlastics-Perl/SOM/SOMcontrol.pm line 474, <$fh> chunk 109.
Looking for table in "T30304LW-ratio chart 1 copy.txt" at line 28
WARNING MESSAGE! Use of uninitialized value $linearr[1] in pattern match (m//) at /Users/frankbraswell/Library/Mobile Documents/com~apple~CloudDocs/Business Folders/Berry Plastics/BerryPlastics/Berry Plastics perl debug/BerryPlastics-Perl/SOM/SOMcontrol.pm line 474, <$fh> chunk 110.
Looking for table in "T30304LW-ratio chart 1 copy.txt" at line 29
WARNING MESSAGE! Use of uninitialized value $linearr[1] in pattern match (m//) at /Users/frankbraswell/Library/Mobile Documents/com~apple~CloudDocs/Business Folders/Berry Plastics/BerryPlastics/Berry Plastics perl debug/BerryPlastics-Perl/SOM/SOMcontrol.pm line 474, <$fh> chunk 111.
Looking for table in "T30304LW-ratio chart 1 copy.txt" at line 30
WARNING MESSAGE! Use of uninitialized value $linearr[1] in pattern match (m//) at /Users/frankbraswell/Library/Mobile Documents/com~apple~CloudDocs/Business Folders/Berry Plastics/BerryPlastics/Berry Plastics perl debug/BerryPlastics-Perl/SOM/SOMcontrol.pm line 474, <$fh> chunk 112.
Looking for table in "T30304LW-ratio chart 1 copy.txt" at line 31
WARNING MESSAGE! Use of uninitialized value $linearr[1] in pattern match (m//) at /Users/frankbraswell/Library/Mobile Documents/com~apple~CloudDocs/Business Folders/Berry Plastics/BerryPlastics/Berry Plastics perl debug/BerryPlastics-Perl/SOM/SOMcontrol.pm line 474, <$fh> chunk 113.
Looking for table in "T30304LW-ratio chart 1 copy.txt" at line 32
WARNING MESSAGE! Use of uninitialized value $linearr[1] in pattern match (m//) at /Users/frankbraswell/Library/Mobile Documents/com~apple~CloudDocs/Business Folders/Berry Plastics/BerryPlastics/Berry Plastics perl debug/BerryPlastics-Perl/SOM/SOMcontrol.pm line 474, <$fh> chunk 114.
Looking for table in "T30304LW-ratio chart 1 copy.txt" at line 33
WARNING MESSAGE! Use of uninitialized value $linearr[1] in pattern match (m//) at /Users/frankbraswell/Library/Mobile Documents/com~apple~CloudDocs/Business Folders/Berry Plastics/BerryPlastics/Berry Plastics perl debug/BerryPlastics-Perl/SOM/SOMcontrol.pm line 474, <$fh> chunk 115.
Looking for table in "T30304LW-ratio chart 1 copy.txt" at line 34
WARNING MESSAGE! Use of uninitialized value $linearr[1] in pattern match (m//) at /Users/frankbraswell/Library/Mobile Documents/com~apple~CloudDocs/Business Folders/Berry Plastics/BerryPlastics/Berry Plastics perl debug/BerryPlastics-Perl/SOM/SOMcontrol.pm line 474, <$fh> chunk 116.
Looking for table in "T30304LW-ratio chart 1 copy.txt" at line 35
WARNING MESSAGE! Use of uninitialized value $linearr[1] in pattern match (m//) at /Users/frankbraswell/Library/Mobile Documents/com~apple~CloudDocs/Business Folders/Berry Plastics/BerryPlastics/Berry Plastics perl debug/BerryPlastics-Perl/SOM/SOMcontrol.pm line 474, <$fh> chunk 117.
Looking for table in "T30304LW-ratio chart 1 copy.txt" at line 36
WARNING MESSAGE! Use of uninitialized value $linearr[1] in pattern match (m//) at /Users/frankbraswell/Library/Mobile Documents/com~apple~CloudDocs/Business Folders/Berry Plastics/BerryPlastics/Berry Plastics perl debug/BerryPlastics-Perl/SOM/SOMcontrol.pm line 474, <$fh> chunk 118.
Looking for table in "T30304LW-ratio chart 1 copy.txt" at line 37
WARNING MESSAGE! Use of uninitialized value $linearr[1] in pattern match (m//) at /Users/frankbraswell/Library/Mobile Documents/com~apple~CloudDocs/Business Folders/Berry Plastics/BerryPlastics/Berry Plastics perl debug/BerryPlastics-Perl/SOM/SOMcontrol.pm line 474, <$fh> chunk 119.
Looking for table in "T30304LW-ratio chart 1 copy.txt" at line 38
WARNING MESSAGE! Use of uninitialized value $linearr[1] in pattern match (m//) at /Users/frankbraswell/Library/Mobile Documents/com~apple~CloudDocs/Business Folders/Berry Plastics/BerryPlastics/Berry Plastics perl debug/BerryPlastics-Perl/SOM/SOMcontrol.pm line 474, <$fh> chunk 120.
Looking for table in "T30304LW-ratio chart 1 copy.txt" at line 39
WARNING MESSAGE! Use of uninitialized value $linearr[1] in pattern match (m//) at /Users/frankbraswell/Library/Mobile Documents/com~apple~CloudDocs/Business Folders/Berry Plastics/BerryPlastics/Berry Plastics perl debug/BerryPlastics-Perl/SOM/SOMcontrol.pm line 474, <$fh> chunk 121.
Looking for table in "T30304LW-ratio chart 1 copy.txt" at line 40
WARNING MESSAGE! Use of uninitialized value $linearr[1] in pattern match (m//) at /Users/frankbraswell/Library/Mobile Documents/com~apple~CloudDocs/Business Folders/Berry Plastics/BerryPlastics/Berry Plastics perl debug/BerryPlastics-Perl/SOM/SOMcontrol.pm line 474, <$fh> chunk 122.
Looking for table in "T30304LW-ratio chart 1 copy.txt" at line 41
WARNING MESSAGE! Use of uninitialized value $linearr[1] in pattern match (m//) at /Users/frankbraswell/Library/Mobile Documents/com~apple~CloudDocs/Business Folders/Berry Plastics/BerryPlastics/Berry Plastics perl debug/BerryPlastics-Perl/SOM/SOMcontrol.pm line 474, <$fh> chunk 123.
Looking for table in "T30304LW-ratio chart 1 copy.txt" at line 42
WARNING MESSAGE! Use of uninitialized value $linearr[1] in pattern match (m//) at /Users/frankbraswell/Library/Mobile Documents/com~apple~CloudDocs/Business Folders/Berry Plastics/BerryPlastics/Berry Plastics perl debug/BerryPlastics-Perl/SOM/SOMcontrol.pm line 474, <$fh> chunk 124.
Looking for table in "T30304LW-ratio chart 1 copy.txt" at line 43
WARNING MESSAGE! Use of uninitialized value $linearr[1] in pattern match (m//) at /Users/frankbraswell/Library/Mobile Documents/com~apple~CloudDocs/Business Folders/Berry Plastics/BerryPlastics/Berry Plastics perl debug/BerryPlastics-Perl/SOM/SOMcontrol.pm line 474, <$fh> chunk 125.
Looking for table in "T30304LW-ratio chart 1 copy.txt" at line 44
WARNING MESSAGE! Use of uninitialized value $linearr[1] in pattern match (m//) at /Users/frankbraswell/Library/Mobile Documents/com~apple~CloudDocs/Business Folders/Berry Plastics/BerryPlastics/Berry Plastics perl debug/BerryPlastics-Perl/SOM/SOMcontrol.pm line 474, <$fh> chunk 126.
Looking for table in "T30304LW-ratio chart 1 copy.txt" at line 45
WARNING MESSAGE! Use of uninitialized value $linearr[1] in pattern match (m//) at /Users/frankbraswell/Library/Mobile Documents/com~apple~CloudDocs/Business Folders/Berry Plastics/BerryPlastics/Berry Plastics perl debug/BerryPlastics-Perl/SOM/SOMcontrol.pm line 474, <$fh> chunk 127.
Looking for table in "T30304LW-ratio chart 1 copy.txt" at line 46
WARNING MESSAGE! Use of uninitialized value $linearr[1] in pattern match (m//) at /Users/frankbraswell/Library/Mobile Documents/com~apple~CloudDocs/Business Folders/Berry Plastics/BerryPlastics/Berry Plastics perl debug/BerryPlastics-Perl/SOM/SOMcontrol.pm line 474, <$fh> chunk 128.
Looking for table in "T30304LW-ratio chart 1 copy.txt" at line 47
WARNING MESSAGE! Use of uninitialized value $linearr[1] in pattern match (m//) at /Users/frankbraswell/Library/Mobile Documents/com~apple~CloudDocs/Business Folders/Berry Plastics/BerryPlastics/Berry Plastics perl debug/BerryPlastics-Perl/SOM/SOMcontrol.pm line 474, <$fh> chunk 129.
Looking for table in "T30304LW-ratio chart 1 copy.txt" at line 48
WARNING MESSAGE! Use of uninitialized value $linearr[1] in pattern match (m//) at /Users/frankbraswell/Library/Mobile Documents/com~apple~CloudDocs/Business Folders/Berry Plastics/BerryPlastics/Berry Plastics perl debug/BerryPlastics-Perl/SOM/SOMcontrol.pm line 474, <$fh> chunk 130.
Looking for table in "T30304LW-ratio chart 1 copy.txt" at line 49
WARNING MESSAGE! Use of uninitialized value $linearr[1] in pattern match (m//) at /Users/frankbraswell/Library/Mobile Documents/com~apple~CloudDocs/Business Folders/Berry Plastics/BerryPlastics/Berry Plastics perl debug/BerryPlastics-Perl/SOM/SOMcontrol.pm line 474, <$fh> chunk 131.
Looking for table in "T30304LW-ratio chart 1 copy.txt" at line 50
WARNING MESSAGE! Use of uninitialized value $linearr[1] in pattern match (m//) at /Users/frankbraswell/Library/Mobile Documents/com~apple~CloudDocs/Business Folders/Berry Plastics/BerryPlastics/Berry Plastics perl debug/BerryPlastics-Perl/SOM/SOMcontrol.pm line 474, <$fh> chunk 132.
Looking for table in "T30304LW-ratio chart 1 copy.txt" at line 51
WARNING MESSAGE! Use of uninitialized value $linearr[1] in pattern match (m//) at /Users/frankbraswell/Library/Mobile Documents/com~apple~CloudDocs/Business Folders/Berry Plastics/BerryPlastics/Berry Plastics perl debug/BerryPlastics-Perl/SOM/SOMcontrol.pm line 474, <$fh> chunk 133.
Looking for table in "T30304LW-ratio chart 1 copy.txt" at line 52
WARNING MESSAGE! Use of uninitialized value $linearr[1] in pattern match (m//) at /Users/frankbraswell/Library/Mobile Documents/com~apple~CloudDocs/Business Folders/Berry Plastics/BerryPlastics/Berry Plastics perl debug/BerryPlastics-Perl/SOM/SOMcontrol.pm line 474, <$fh> chunk 134.
Looking for table in "T30304LW-ratio chart 1 copy.txt" at line 53
WARNING MESSAGE! Use of uninitialized value $linearr[1] in pattern match (m//) at /Users/frankbraswell/Library/Mobile Documents/com~apple~CloudDocs/Business Folders/Berry Plastics/BerryPlastics/Berry Plastics perl debug/BerryPlastics-Perl/SOM/SOMcontrol.pm line 474, <$fh> chunk 135.
Looking for table in "T30304LW-ratio chart 1 copy.txt" at line 54
WARNING MESSAGE! Use of uninitialized value $linearr[1] in pattern match (m//) at /Users/frankbraswell/Library/Mobile Documents/com~apple~CloudDocs/Business Folders/Berry Plastics/BerryPlastics/Berry Plastics perl debug/BerryPlastics-Perl/SOM/SOMcontrol.pm line 474, <$fh> chunk 136.
Looking for table in "T30304LW-ratio chart 1 copy.txt" at line 55
WARNING MESSAGE! Use of uninitialized value $linearr[1] in pattern match (m//) at /Users/frankbraswell/Library/Mobile Documents/com~apple~CloudDocs/Business Folders/Berry Plastics/BerryPlastics/Berry Plastics perl debug/BerryPlastics-Perl/SOM/SOMcontrol.pm line 474, <$fh> chunk 137.
Looking for table in "T30304LW-ratio chart 1 copy.txt" at line 56
WARNING MESSAGE! Use of uninitialized value $linearr[1] in pattern match (m//) at /Users/frankbraswell/Library/Mobile Documents/com~apple~CloudDocs/Business Folders/Berry Plastics/BerryPlastics/Berry Plastics perl debug/BerryPlastics-Perl/SOM/SOMcontrol.pm line 474, <$fh> chunk 138.
Looking for table in "T30304LW-ratio chart 1 copy.txt" at line 57
WARNING MESSAGE! Use of uninitialized value $linearr[1] in pattern match (m//) at /Users/frankbraswell/Library/Mobile Documents/com~apple~CloudDocs/Business Folders/Berry Plastics/BerryPlastics/Berry Plastics perl debug/BerryPlastics-Perl/SOM/SOMcontrol.pm line 474, <$fh> chunk 139.
Looking for table in "T30304LW-ratio chart 1 copy.txt" at line 58
WARNING MESSAGE! Use of uninitialized value $linearr[1] in pattern match (m//) at /Users/frankbraswell/Library/Mobile Documents/com~apple~CloudDocs/Business Folders/Berry Plastics/BerryPlastics/Berry Plastics perl debug/BerryPlastics-Perl/SOM/SOMcontrol.pm line 474, <$fh> chunk 140.
Looking for table in "T30304LW-ratio chart 1 copy.txt" at line 59
WARNING MESSAGE! Use of uninitialized value $linearr[1] in pattern match (m//) at /Users/frankbraswell/Library/Mobile Documents/com~apple~CloudDocs/Business Folders/Berry Plastics/BerryPlastics/Berry Plastics perl debug/BerryPlastics-Perl/SOM/SOMcontrol.pm line 474, <$fh> chunk 141.
Looking for table in "T30304LW-ratio chart 1 copy.txt" at line 60
WARNING MESSAGE! Use of uninitialized value $linearr[1] in pattern match (m//) at /Users/frankbraswell/Library/Mobile Documents/com~apple~CloudDocs/Business Folders/Berry Plastics/BerryPlastics/Berry Plastics perl debug/BerryPlastics-Perl/SOM/SOMcontrol.pm line 474, <$fh> chunk 142.
Looking for table in "T30304LW-ratio chart 1 copy.txt" at line 61
WARNING MESSAGE! Use of uninitialized value $linearr[1] in pattern match (m//) at /Users/frankbraswell/Library/Mobile Documents/com~apple~CloudDocs/Business Folders/Berry Plastics/BerryPlastics/Berry Plastics perl debug/BerryPlastics-Perl/SOM/SOMcontrol.pm line 474, <$fh> chunk 143.
Looking for table in "T30304LW-ratio chart 1 copy.txt" at line 62
WARNING MESSAGE! Use of uninitialized value $linearr[1] in pattern match (m//) at /Users/frankbraswell/Library/Mobile Documents/com~apple~CloudDocs/Business Folders/Berry Plastics/BerryPlastics/Berry Plastics perl debug/BerryPlastics-Perl/SOM/SOMcontrol.pm line 474, <$fh> chunk 144.
Looking for table in "T30304LW-ratio chart 1 copy.txt" at line 63
WARNING MESSAGE! Use of uninitialized value $linearr[1] in pattern match (m//) at /Users/frankbraswell/Library/Mobile Documents/com~apple~CloudDocs/Business Folders/Berry Plastics/BerryPlastics/Berry Plastics perl debug/BerryPlastics-Perl/SOM/SOMcontrol.pm line 474, <$fh> chunk 145.
Looking for table in "T30304LW-ratio chart 1 copy.txt" at line 64
WARNING MESSAGE! Use of uninitialized value $linearr[1] in pattern match (m//) at /Users/frankbraswell/Library/Mobile Documents/com~apple~CloudDocs/Business Folders/Berry Plastics/BerryPlastics/Berry Plastics perl debug/BerryPlastics-Perl/SOM/SOMcontrol.pm line 474, <$fh> chunk 146.
Looking for table in "T30304LW-ratio chart 1 copy.txt" at line 65
WARNING MESSAGE! Use of uninitialized value $linearr[1] in pattern match (m//) at /Users/frankbraswell/Library/Mobile Documents/com~apple~CloudDocs/Business Folders/Berry Plastics/BerryPlastics/Berry Plastics perl debug/BerryPlastics-Perl/SOM/SOMcontrol.pm line 474, <$fh> chunk 147.
Looking for table in "T30304LW-ratio chart 1 copy.txt" at line 66
WARNING MESSAGE! Use of uninitialized value $linearr[1] in pattern match (m//) at /Users/frankbraswell/Library/Mobile Documents/com~apple~CloudDocs/Business Folders/Berry Plastics/BerryPlastics/Berry Plastics perl debug/BerryPlastics-Perl/SOM/SOMcontrol.pm line 474, <$fh> chunk 148.
Looking for table in "T30304LW-ratio chart 1 copy.txt" at line 67
WARNING MESSAGE! Use of uninitialized value $linearr[1] in pattern match (m//) at /Users/frankbraswell/Library/Mobile Documents/com~apple~CloudDocs/Business Folders/Berry Plastics/BerryPlastics/Berry Plastics perl debug/BerryPlastics-Perl/SOM/SOMcontrol.pm line 474, <$fh> chunk 149.
Looking for table in "T30304LW-ratio chart 1 copy.txt" at line 68
WARNING MESSAGE! Use of uninitialized value $linearr[1] in pattern match (m//) at /Users/frankbraswell/Library/Mobile Documents/com~apple~CloudDocs/Business Folders/Berry Plastics/BerryPlastics/Berry Plastics perl debug/BerryPlastics-Perl/SOM/SOMcontrol.pm line 474, <$fh> chunk 150.
Looking for table in "T30304LW-ratio chart 1 copy.txt" at line 69
WARNING MESSAGE! Use of uninitialized value $linearr[1] in pattern match (m//) at /Users/frankbraswell/Library/Mobile Documents/com~apple~CloudDocs/Business Folders/Berry Plastics/BerryPlastics/Berry Plastics perl debug/BerryPlastics-Perl/SOM/SOMcontrol.pm line 474, <$fh> chunk 151.
Looking for table in "T30304LW-ratio chart 1 copy.txt" at line 70
WARNING MESSAGE! Use of uninitialized value $linearr[1] in pattern match (m//) at /Users/frankbraswell/Library/Mobile Documents/com~apple~CloudDocs/Business Folders/Berry Plastics/BerryPlastics/Berry Plastics perl debug/BerryPlastics-Perl/SOM/SOMcontrol.pm line 474, <$fh> chunk 152.
Looking for table in "T30304LW-ratio chart 1 copy.txt" at line 71
WARNING MESSAGE! Use of uninitialized value $linearr[1] in pattern match (m//) at /Users/frankbraswell/Library/Mobile Documents/com~apple~CloudDocs/Business Folders/Berry Plastics/BerryPlastics/Berry Plastics perl debug/BerryPlastics-Perl/SOM/SOMcontrol.pm line 474, <$fh> chunk 153.
Looking for table in "T30304LW-ratio chart 1 copy.txt" at line 72
WARNING MESSAGE! Use of uninitialized value $linearr[1] in pattern match (m//) at /Users/frankbraswell/Library/Mobile Documents/com~apple~CloudDocs/Business Folders/Berry Plastics/BerryPlastics/Berry Plastics perl debug/BerryPlastics-Perl/SOM/SOMcontrol.pm line 474, <$fh> chunk 154.
Looking for table in "T30304LW-ratio chart 1 copy.txt" at line 73
WARNING MESSAGE! Use of uninitialized value $linearr[1] in pattern match (m//) at /Users/frankbraswell/Library/Mobile Documents/com~apple~CloudDocs/Business Folders/Berry Plastics/BerryPlastics/Berry Plastics perl debug/BerryPlastics-Perl/SOM/SOMcontrol.pm line 474, <$fh> chunk 155.
Looking for table in "T30304LW-ratio chart 1 copy.txt" at line 74
WARNING MESSAGE! Use of uninitialized value $linearr[1] in pattern match (m//) at /Users/frankbraswell/Library/Mobile Documents/com~apple~CloudDocs/Business Folders/Berry Plastics/BerryPlastics/Berry Plastics perl debug/BerryPlastics-Perl/SOM/SOMcontrol.pm line 474, <$fh> chunk 156.
Looking for table in "T30304LW-ratio chart 1 copy.txt" at line 75
WARNING MESSAGE! Use of uninitialized value $linearr[1] in pattern match (m//) at /Users/frankbraswell/Library/Mobile Documents/com~apple~CloudDocs/Business Folders/Berry Plastics/BerryPlastics/Berry Plastics perl debug/BerryPlastics-Perl/SOM/SOMcontrol.pm line 474, <$fh> chunk 157.
Looking for table in "T30304LW-ratio chart 1 copy.txt" at line 76
WARNING MESSAGE! Use of uninitialized value $linearr[1] in pattern match (m//) at /Users/frankbraswell/Library/Mobile Documents/com~apple~CloudDocs/Business Folders/Berry Plastics/BerryPlastics/Berry Plastics perl debug/BerryPlastics-Perl/SOM/SOMcontrol.pm line 474, <$fh> chunk 158.
Looking for table in "T30304LW-ratio chart 1 copy.txt" at line 77
WARNING MESSAGE! Use of uninitialized value $linearr[1] in pattern match (m//) at /Users/frankbraswell/Library/Mobile Documents/com~apple~CloudDocs/Business Folders/Berry Plastics/BerryPlastics/Berry Plastics perl debug/BerryPlastics-Perl/SOM/SOMcontrol.pm line 474, <$fh> chunk 159.
Looking for table in "T30304LW-ratio chart 1 copy.txt" at line 78
WARNING MESSAGE! Use of uninitialized value $linearr[1] in pattern match (m//) at /Users/frankbraswell/Library/Mobile Documents/com~apple~CloudDocs/Business Folders/Berry Plastics/BerryPlastics/Berry Plastics perl debug/BerryPlastics-Perl/SOM/SOMcontrol.pm line 474, <$fh> chunk 160.
Looking for table in "T30304LW-ratio chart 1 copy.txt" at line 79
WARNING MESSAGE! Use of uninitialized value $linearr[1] in pattern match (m//) at /Users/frankbraswell/Library/Mobile Documents/com~apple~CloudDocs/Business Folders/Berry Plastics/BerryPlastics/Berry Plastics perl debug/BerryPlastics-Perl/SOM/SOMcontrol.pm line 474, <$fh> chunk 161.
Looking for table in "T30304LW-ratio chart 1 copy.txt" at line 80
WARNING MESSAGE! Use of uninitialized value $linearr[1] in pattern match (m//) at /Users/frankbraswell/Library/Mobile Documents/com~apple~CloudDocs/Business Folders/Berry Plastics/BerryPlastics/Berry Plastics perl debug/BerryPlastics-Perl/SOM/SOMcontrol.pm line 474, <$fh> chunk 162.
Looking for table in "T30304LW-ratio chart 1 copy.txt" at line 81
WARNING MESSAGE! Use of uninitialized value $linearr[1] in pattern match (m//) at /Users/frankbraswell/Library/Mobile Documents/com~apple~CloudDocs/Business Folders/Berry Plastics/BerryPlastics/Berry Plastics perl debug/BerryPlastics-Perl/SOM/SOMcontrol.pm line 474, <$fh> chunk 163.
Looking for table in "T30304LW-ratio chart 1 copy.txt" at line 82
WARNING MESSAGE! Use of uninitialized value $linearr[1] in pattern match (m//) at /Users/frankbraswell/Library/Mobile Documents/com~apple~CloudDocs/Business Folders/Berry Plastics/BerryPlastics/Berry Plastics perl debug/BerryPlastics-Perl/SOM/SOMcontrol.pm line 474, <$fh> chunk 164.
Looking for table in "T30304LW-ratio chart 1 copy.txt" at line 83
WARNING MESSAGE! Use of uninitialized value $linearr[1] in pattern match (m//) at /Users/frankbraswell/Library/Mobile Documents/com~apple~CloudDocs/Business Folders/Berry Plastics/BerryPlastics/Berry Plastics perl debug/BerryPlastics-Perl/SOM/SOMcontrol.pm line 474, <$fh> chunk 165.
Looking for table in "T30304LW-ratio chart 1 copy.txt" at line 84
WARNING MESSAGE! Use of uninitialized value $linearr[1] in pattern match (m//) at /Users/frankbraswell/Library/Mobile Documents/com~apple~CloudDocs/Business Folders/Berry Plastics/BerryPlastics/Berry Plastics perl debug/BerryPlastics-Perl/SOM/SOMcontrol.pm line 474, <$fh> chunk 166.
Looking for table in "T30304LW-ratio chart 1 copy.txt" at line 85
WARNING MESSAGE! Use of uninitialized value $linearr[1] in pattern match (m//) at /Users/frankbraswell/Library/Mobile Documents/com~apple~CloudDocs/Business Folders/Berry Plastics/BerryPlastics/Berry Plastics perl debug/BerryPlastics-Perl/SOM/SOMcontrol.pm line 474, <$fh> chunk 167.
Looking for table in "T30304LW-ratio chart 1 copy.txt" at line 86
WARNING MESSAGE! Use of uninitialized value $linearr[1] in pattern match (m//) at /Users/frankbraswell/Library/Mobile Documents/com~apple~CloudDocs/Business Folders/Berry Plastics/BerryPlastics/Berry Plastics perl debug/BerryPlastics-Perl/SOM/SOMcontrol.pm line 474, <$fh> chunk 168.
Looking for table in "T30304LW-ratio chart 1 copy.txt" at line 87
WARNING MESSAGE! Use of uninitialized value $linearr[1] in pattern match (m//) at /Users/frankbraswell/Library/Mobile Documents/com~apple~CloudDocs/Business Folders/Berry Plastics/BerryPlastics/Berry Plastics perl debug/BerryPlastics-Perl/SOM/SOMcontrol.pm line 474, <$fh> chunk 169.
Looking for table in "T30304LW-ratio chart 1 copy.txt" at line 88
WARNING MESSAGE! Use of uninitialized value $linearr[1] in pattern match (m//) at /Users/frankbraswell/Library/Mobile Documents/com~apple~CloudDocs/Business Folders/Berry Plastics/BerryPlastics/Berry Plastics perl debug/BerryPlastics-Perl/SOM/SOMcontrol.pm line 474, <$fh> chunk 170.
Looking for table in "T30304LW-ratio chart 1 copy.txt" at line 89
WARNING MESSAGE! Use of uninitialized value $linearr[1] in pattern match (m//) at /Users/frankbraswell/Library/Mobile Documents/com~apple~CloudDocs/Business Folders/Berry Plastics/BerryPlastics/Berry Plastics perl debug/BerryPlastics-Perl/SOM/SOMcontrol.pm line 474, <$fh> chunk 171.
Looking for table in "T30304LW-ratio chart 1 copy.txt" at line 90
WARNING MESSAGE! Use of uninitialized value $linearr[1] in pattern match (m//) at /Users/frankbraswell/Library/Mobile Documents/com~apple~CloudDocs/Business Folders/Berry Plastics/BerryPlastics/Berry Plastics perl debug/BerryPlastics-Perl/SOM/SOMcontrol.pm line 474, <$fh> chunk 172.
Looking for table in "T30304LW-ratio chart 1 copy.txt" at line 91
WARNING MESSAGE! Use of uninitialized value $linearr[1] in pattern match (m//) at /Users/frankbraswell/Library/Mobile Documents/com~apple~CloudDocs/Business Folders/Berry Plastics/BerryPlastics/Berry Plastics perl debug/BerryPlastics-Perl/SOM/SOMcontrol.pm line 474, <$fh> chunk 173.
Looking for table in "T30304LW-ratio chart 1 copy.txt" at line 92
WARNING MESSAGE! Use of uninitialized value $linearr[1] in pattern match (m//) at /Users/frankbraswell/Library/Mobile Documents/com~apple~CloudDocs/Business Folders/Berry Plastics/BerryPlastics/Berry Plastics perl debug/BerryPlastics-Perl/SOM/SOMcontrol.pm line 474, <$fh> chunk 174.
Looking for table in "T30304LW-ratio chart 1 copy.txt" at line 93
WARNING MESSAGE! Use of uninitialized value $linearr[1] in pattern match (m//) at /Users/frankbraswell/Library/Mobile Documents/com~apple~CloudDocs/Business Folders/Berry Plastics/BerryPlastics/Berry Plastics perl debug/BerryPlastics-Perl/SOM/SOMcontrol.pm line 474, <$fh> chunk 175.
Looking for table in "T30304LW-ratio chart 1 copy.txt" at line 94
WARNING MESSAGE! Use of uninitialized value $linearr[1] in pattern match (m//) at /Users/frankbraswell/Library/Mobile Documents/com~apple~CloudDocs/Business Folders/Berry Plastics/BerryPlastics/Berry Plastics perl debug/BerryPlastics-Perl/SOM/SOMcontrol.pm line 474, <$fh> chunk 176.
Looking for table in "T30304LW-ratio chart 1 copy.txt" at line 95
WARNING MESSAGE! Use of uninitialized value $linearr[1] in pattern match (m//) at /Users/frankbraswell/Library/Mobile Documents/com~apple~CloudDocs/Business Folders/Berry Plastics/BerryPlastics/Berry Plastics perl debug/BerryPlastics-Perl/SOM/SOMcontrol.pm line 474, <$fh> chunk 177.
Looking for table in "T30304LW-ratio chart 1 copy.txt" at line 96
WARNING MESSAGE! Use of uninitialized value $linearr[1] in pattern match (m//) at /Users/frankbraswell/Library/Mobile Documents/com~apple~CloudDocs/Business Folders/Berry Plastics/BerryPlastics/Berry Plastics perl debug/BerryPlastics-Perl/SOM/SOMcontrol.pm line 474, <$fh> chunk 178.
Looking for table in "T30304LW-ratio chart 1 copy.txt" at line 97
WARNING MESSAGE! Use of uninitialized value $linearr[1] in pattern match (m//) at /Users/frankbraswell/Library/Mobile Documents/com~apple~CloudDocs/Business Folders/Berry Plastics/BerryPlastics/Berry Plastics perl debug/BerryPlastics-Perl/SOM/SOMcontrol.pm line 474, <$fh> chunk 179.
Looking for table in "T30304LW-ratio chart 1 copy.txt" at line 98
WARNING MESSAGE! Use of uninitialized value $linearr[1] in pattern match (m//) at /Users/frankbraswell/Library/Mobile Documents/com~apple~CloudDocs/Business Folders/Berry Plastics/BerryPlastics/Berry Plastics perl debug/BerryPlastics-Perl/SOM/SOMcontrol.pm line 474, <$fh> chunk 180.
Looking for table in "T30304LW-ratio chart 1 copy.txt" at line 99
WARNING MESSAGE! Use of uninitialized value $linearr[1] in pattern match (m//) at /Users/frankbraswell/Library/Mobile Documents/com~apple~CloudDocs/Business Folders/Berry Plastics/BerryPlastics/Berry Plastics perl debug/BerryPlastics-Perl/SOM/SOMcontrol.pm line 474, <$fh> chunk 181.
Looking for table in "T30304LW-ratio chart 1 copy.txt" at line 100
WARNING MESSAGE! Use of uninitialized value $linearr[1] in pattern match (m//) at /Users/frankbraswell/Library/Mobile Documents/com~apple~CloudDocs/Business Folders/Berry Plastics/BerryPlastics/Berry Plastics perl debug/BerryPlastics-Perl/SOM/SOMcontrol.pm line 474, <$fh> chunk 182.
Looking for table in "T30304LW-ratio chart 1 copy.txt" at line 101
WARNING MESSAGE! Use of uninitialized value $linearr[1] in pattern match (m//) at /Users/frankbraswell/Library/Mobile Documents/com~apple~CloudDocs/Business Folders/Berry Plastics/BerryPlastics/Berry Plastics perl debug/BerryPlastics-Perl/SOM/SOMcontrol.pm line 474, <$fh> chunk 183.
Looking for table in "T30304LW-ratio chart 1 copy.txt" at line 102
WARNING MESSAGE! Use of uninitialized value $linearr[1] in pattern match (m//) at /Users/frankbraswell/Library/Mobile Documents/com~apple~CloudDocs/Business Folders/Berry Plastics/BerryPlastics/Berry Plastics perl debug/BerryPlastics-Perl/SOM/SOMcontrol.pm line 474, <$fh> chunk 184.
Looking for table in "T30304LW-ratio chart 1 copy.txt" at line 103
WARNING MESSAGE! Use of uninitialized value $linearr[1] in pattern match (m//) at /Users/frankbraswell/Library/Mobile Documents/com~apple~CloudDocs/Business Folders/Berry Plastics/BerryPlastics/Berry Plastics perl debug/BerryPlastics-Perl/SOM/SOMcontrol.pm line 474, <$fh> chunk 185.
Looking for table in "T30304LW-ratio chart 1 copy.txt" at line 104
WARNING MESSAGE! Use of uninitialized value $linearr[1] in pattern match (m//) at /Users/frankbraswell/Library/Mobile Documents/com~apple~CloudDocs/Business Folders/Berry Plastics/BerryPlastics/Berry Plastics perl debug/BerryPlastics-Perl/SOM/SOMcontrol.pm line 474, <$fh> chunk 186.
Looking for table in "T30304LW-ratio chart 1 copy.txt" at line 105
WARNING MESSAGE! Use of uninitialized value $linearr[1] in pattern match (m//) at /Users/frankbraswell/Library/Mobile Documents/com~apple~CloudDocs/Business Folders/Berry Plastics/BerryPlastics/Berry Plastics perl debug/BerryPlastics-Perl/SOM/SOMcontrol.pm line 474, <$fh> chunk 187.
Looking for table in "T30304LW-ratio chart 1 copy.txt" at line 106
WARNING MESSAGE! Use of uninitialized value $linearr[1] in pattern match (m//) at /Users/frankbraswell/Library/Mobile Documents/com~apple~CloudDocs/Business Folders/Berry Plastics/BerryPlastics/Berry Plastics perl debug/BerryPlastics-Perl/SOM/SOMcontrol.pm line 474, <$fh> chunk 188.
Looking for table in "T30304LW-ratio chart 1 copy.txt" at line 107
WARNING MESSAGE! Use of uninitialized value $linearr[1] in pattern match (m//) at /Users/frankbraswell/Library/Mobile Documents/com~apple~CloudDocs/Business Folders/Berry Plastics/BerryPlastics/Berry Plastics perl debug/BerryPlastics-Perl/SOM/SOMcontrol.pm line 474, <$fh> chunk 189.
Looking for table in "T30304LW-ratio chart 1 copy.txt" at line 108
WARNING MESSAGE! Use of uninitialized value $linearr[1] in pattern match (m//) at /Users/frankbraswell/Library/Mobile Documents/com~apple~CloudDocs/Business Folders/Berry Plastics/BerryPlastics/Berry Plastics perl debug/BerryPlastics-Perl/SOM/SOMcontrol.pm line 474, <$fh> chunk 190.
Looking for table in "T30304LW-ratio chart 1 copy.txt" at line 109
WARNING MESSAGE! Use of uninitialized value $linearr[1] in pattern match (m//) at /Users/frankbraswell/Library/Mobile Documents/com~apple~CloudDocs/Business Folders/Berry Plastics/BerryPlastics/Berry Plastics perl debug/BerryPlastics-Perl/SOM/SOMcontrol.pm line 474, <$fh> chunk 191.
Looking for table in "T30304LW-ratio chart 1 copy.txt" at line 110
WARNING MESSAGE! Use of uninitialized value $linearr[1] in pattern match (m//) at /Users/frankbraswell/Library/Mobile Documents/com~apple~CloudDocs/Business Folders/Berry Plastics/BerryPlastics/Berry Plastics perl debug/BerryPlastics-Perl/SOM/SOMcontrol.pm line 474, <$fh> chunk 192.
Looking for table in "T30304LW-ratio chart 1 copy.txt" at line 111
WARNING MESSAGE! Use of uninitialized value $linearr[1] in pattern match (m//) at /Users/frankbraswell/Library/Mobile Documents/com~apple~CloudDocs/Business Folders/Berry Plastics/BerryPlastics/Berry Plastics perl debug/BerryPlastics-Perl/SOM/SOMcontrol.pm line 474, <$fh> chunk 193.
Looking for table in "T30304LW-ratio chart 1 copy.txt" at line 112
WARNING MESSAGE! Use of uninitialized value $linearr[1] in pattern match (m//) at /Users/frankbraswell/Library/Mobile Documents/com~apple~CloudDocs/Business Folders/Berry Plastics/BerryPlastics/Berry Plastics perl debug/BerryPlastics-Perl/SOM/SOMcontrol.pm line 474, <$fh> chunk 194.
Looking for table in "T30304LW-ratio chart 1 copy.txt" at line 113
WARNING MESSAGE! Use of uninitialized value $linearr[1] in pattern match (m//) at /Users/frankbraswell/Library/Mobile Documents/com~apple~CloudDocs/Business Folders/Berry Plastics/BerryPlastics/Berry Plastics perl debug/BerryPlastics-Perl/SOM/SOMcontrol.pm line 474, <$fh> chunk 195.
Looking for table in "T30304LW-ratio chart 1 copy.txt" at line 114
WARNING MESSAGE! Use of uninitialized value $linearr[1] in pattern match (m//) at /Users/frankbraswell/Library/Mobile Documents/com~apple~CloudDocs/Business Folders/Berry Plastics/BerryPlastics/Berry Plastics perl debug/BerryPlastics-Perl/SOM/SOMcontrol.pm line 474, <$fh> chunk 196.
Looking for table in "T30304LW-ratio chart 1 copy.txt" at line 115
WARNING MESSAGE! Use of uninitialized value $linearr[1] in pattern match (m//) at /Users/frankbraswell/Library/Mobile Documents/com~apple~CloudDocs/Business Folders/Berry Plastics/BerryPlastics/Berry Plastics perl debug/BerryPlastics-Perl/SOM/SOMcontrol.pm line 474, <$fh> chunk 197.
Looking for table in "T30304LW-ratio chart 1 copy.txt" at line 116
WARNING MESSAGE! Use of uninitialized value $linearr[1] in pattern match (m//) at /Users/frankbraswell/Library/Mobile Documents/com~apple~CloudDocs/Business Folders/Berry Plastics/BerryPlastics/Berry Plastics perl debug/BerryPlastics-Perl/SOM/SOMcontrol.pm line 474, <$fh> chunk 198.
Looking for table in "T30304LW-ratio chart 1 copy.txt" at line 117
WARNING MESSAGE! Use of uninitialized value $linearr[1] in pattern match (m//) at /Users/frankbraswell/Library/Mobile Documents/com~apple~CloudDocs/Business Folders/Berry Plastics/BerryPlastics/Berry Plastics perl debug/BerryPlastics-Perl/SOM/SOMcontrol.pm line 474, <$fh> chunk 199.
Looking for table in "T30304LW-ratio chart 1 copy.txt" at line 118
WARNING MESSAGE! Use of uninitialized value $linearr[1] in pattern match (m//) at /Users/frankbraswell/Library/Mobile Documents/com~apple~CloudDocs/Business Folders/Berry Plastics/BerryPlastics/Berry Plastics perl debug/BerryPlastics-Perl/SOM/SOMcontrol.pm line 474, <$fh> chunk 200.
Looking for table in "T30304LW-ratio chart 1 copy.txt" at line 119
WARNING MESSAGE! Use of uninitialized value $linearr[1] in pattern match (m//) at /Users/frankbraswell/Library/Mobile Documents/com~apple~CloudDocs/Business Folders/Berry Plastics/BerryPlastics/Berry Plastics perl debug/BerryPlastics-Perl/SOM/SOMcontrol.pm line 474, <$fh> chunk 201.
Looking for table in "T30304LW-ratio chart 1 copy.txt" at line 120
++Build EPS file
FATAL ERROR MESSAGE! Conversion table doesn't exist
