
------Berry Plastics RatioCompiler Version 1.6 
Date: 2/12/2017, Time: 22:46:53
=Process Color: Black
=Process Color: Cyan
=Process Color: Magenta
=Process Color: Yellow
Input file: /Users/frankbraswell/Library/Mobile Documents/com~apple~CloudDocs/Business Folders/Berry Plastics/Berry Test Files/Bug Test 5-29-13/SOM Test/Ratio Files/H1072803/Reference/H1072803 Conversion Chart.txt
Parse conversion table
k 29.6|v 2.6602|k 99|v 2.0334|k 195|v 1.2290|
k 30|v 2.6560|k 100|v 2.0250|k 196|v 1.2220|
k 32|v 2.635|k 101|v 2.0140|k 198|v 1.2080|
k 33|v 2.6245|k 101.3|v 2.0109|k 200|v 1.1940|
k 33.3|v 2.6213|k 102|v 2.0035|k 202.5|v 1.1732|
k 33.8|v 2.6161|k 103.5|v 1.9878|k 203|v 1.1690|
k 34|v 2.6140|k 104|v 1.9825|k 204|v 1.1606|
k 35|v 2.6032|k 105|v 1.9720|k 206|v 1.1437|
k 36|v 2.5923|k 106|v 1.9636|k 207|v 1.1353|
k 36.7|v 2.5847|k 108|v 1.9468|k 207.5|v 1.1311|
k 37.5|v 2.5760|k 110|v 1.9300|k 208|v 1.1269|
k 38|v 2.5700|k 112.5|v 1.9090|k 210|v 1.1100|
k 38.3|v 2.5680|k 113|v 1.9050|k 212|v 1.0947|
k 39|v 2.5598|k 114|v 1.8967|k 215|v 1.0717|
k 40|v 2.5480|k 114.8|v 1.8900|k 216|v 1.0640|
k 41.5|v 2.5336|k 115|v 1.8883|k 220|v 1.0333|
k 42|v 2.5288|k 117|v 1.8711|k 224|v 1.0027|
k 43|v 2.5192|k 118.3|v 1.8600|k 225|v 0.9950|
k 44|v 2.5096|k 120|v 1.8450|k 228|v 0.9757|
k 45|v 2.5000|k 122|v 1.8282|k 229.5|v 0.9660|
k 46|v 2.4933|k 124.5|v 1.8072|k 230|v 0.9626|
k 46.5|v 2.4900|k 125|v 1.8030|k 231|v 0.9560|k 0.95596|WARNING MESSAGE! Use of uninitialized value $v in concatenation (.) or string at /Users/frankbraswell/Library/Mobile Documents/com~apple~CloudDocs/Business Folders/Berry Plastics/BerryPlastics/Berry Plastics perl debug/SOM/SOMcontrol.pm line 888, <$fh> chunk 28.
v |
k 47.5|v 2.4826|k 126|v 1.7946|k 232.5|v 0.9460|
k 48|v 2.4789|k 128|v 1.7778|k 233.3|v 0.9393|
k 48.8|v 2.4730|k 129|v 1.7694|k 234|v 0.9335|
k 49|v 2.4717|k 130|v 1.7610|k 236.3|v 0.9145|
k 49.5|v 2.4684|k 132|v 1.7442|k 236.6|v 0.9120|
k 50|v 2.4650|k 133.3|v 1.7333|k 237.5|v 0.9043|
k 51|v 2.4538|k 135|v 1.7190|k 238|v 0.90004|
k 51.8|v 2.4448|k 138|v 1.6890|k 240|v 0.8830|
k 52|v 2.4426|k 139.5|v 1.6740|k 243.8|v 0.8560|
k 52.5|v 2.4370|k 140|v 1.6704|k 244|v 0.8546|
k 53|v 2.4312|k 142.5|v 1.6524|k 245|v 0.8476|
k 54|v 2.4196|k 143|v 1.6488|k 246|v 0.8407|
k 55|v 2.4080|k 144|v 1.6416|k 247.5|v 0.8303|
k 56.3|v 2.4000|k 146.3|v 1.6250|k 249|v 0.8199|
k 57|v 2.3958|k 146.7|v 1.6222|k 250|v 0.8130|
k 57.5|v 2.3928|k 147|v 1.6201|k 252|v 0.7976|
k 59.1|v 2.3830|k 147.9|v 1.6138|k 255|v 0.7746|
k 60|v 2.3770|k 148.5|v 1.6096|k 256.7|v 0.7615|
k 61|v 2.3643|k 150|v 1.5990|k 258|v 0.7515|
k 63|v 2.3388|k 153|v 1.5750|k 260|v 0.7362|
k 64|v 2.3261|k 155.3|v 1.5561|k 262.5|v 0.7170|
k 65|v 2.3133|k 156|v 1.5503|k 263|v 0.7130|
k 66|v 2.3005|k 157.5|v 1.5380|k 264|v 0.7035|
k 66.7|v 2.2916|k 159|v 1.5320|k 265|v 0.6939|
k 67.5|v 2.2814|k 160|v 1.5280|k 266.1|v 0.6834|
k 68|v 2.2750|k 162|v 1.5098|k 266.7|v 0.6776|
k 69|v 2.2688|k 165|v 1.4824|k 270|v 0.6460|
k 70|v 2.2625|k 166|v 1.4733|k 273|v 0.6293|
k 72|v 2.2499|k 166.7|v 1.4669|k 275|v 0.6182|
k 73.3|v 2.2417|k 168|v 1.4551|k 276|v 0.6126|
k 75|v 2.2310|k 168.8|v 1.4478|k 279|v 0.5960|
k 76.5|v 2.2170|k 169|v 1.4460|k 280|v 0.5885|
k 78|v 2.2024|k 171|v 1.4265|k 281.3|v 0.5788|
k 80|v 2.1830|k 172|v 1.4167|k 285|v 0.5511|
k 83|v 2.1623|k 172.5|v 1.4118|k 286|v 0.5436|
k 84|v 2.1554|k 175|v 1.3874|k 287.5|v 0.5324|
k 86|v 2.1416|k 176|v 1.3777|k 288|v 0.5286|
k 88|v 2.1278|k 177.4|v 1.3640|k 290.5|v 0.5099|
k 88.7|v 2.1230|k 180|v 1.3490|k 292.5|v 0.4950|
k 90|v 2.1140|k 183|v 1.3310|k 293.3|v 0.4877|
k 92|v 2.0946|k 183.3|v 1.3292|k 294|v 0.4814|
k 93|v 2.0850|k 184|v 1.3250|k 295.7|v 0.4660|
k 95|v 2.0676|k 186|v 1.3130|k 300|v 0.4260|
k 96|v 2.0590|k 187.5|v 1.2988|k 301|v 0.4184|
k 97.5|v 2.0460|k 188|v 1.2940|k 312|v 0.3348|
k 98|v 2.0418|k 189|v 1.2849|k 315|v 0.3120|
k 190|v 1.2758|k 322|v 0.2726|
k 191.3|v 1.2640|k 325.3|v 0.2540|
k 192|v 1.2574|k 325.5|v 0.2530|
k 330|v 0.2150|
Input file: /Users/frankbraswell/Library/Mobile Documents/com~apple~CloudDocs/Business Folders/Berry Plastics/Berry Test Files/Bug Test 5-29-13/SOM Test/Ratio Files/H1072803/Reference/H1072803 Ratio Chart.txt
No table found
No table found
No table found
Parse ratio tables
%% ERROR firstcol%%Ratio table from: table00
row 0: 	|	1|	1|	10%|	50%|
row 1: 	1|	30|	60|	63|	75|
row 2: 	2|	60|	120|	126|	150|
row 3: 	3|	90|	180|	189|	225|
row 4: 	4|	120|	240|	252|	300|
End Ratio table from tableprint 
Ratio table from: table01
row 0: 	|	1|	10%|	20%|
row 1: 	1|	30|	33|	36|
row 2: 	2|	60|	66|	72|
row 3: 	3|	90|	99|	108|
row 4: 	4|	120|	132|	144|
row 5: 	5|	150|	165|	180|
row 6: 	6|	180|	198|	216|
row 7: 	7|	210|	231|	252|
row 8: 	8|	240|	264|	288|
End Ratio table from tableprint 
Ratio table from: table02
row 0: 	|	2|	1|	10%|	25%|	30%|	1|	2|
row 1: 	1|	30|	45|	48|	52.5|	54|	60|	75|
row 2: 	2|	60|	90|	96|	105|	108|	120|	150|
row 3: 	3|	90|	135|	144|	157.5|	162|	180|	225|
row 4: 	4|	120|	180|	192|	210|	216|	240|	300|
End Ratio table from tableprint 
Ratio table from: table03
row 0: 	1|	30|	40|	45|	50|
row 1: 	2|	60|	80|	90|	100|
row 2: 	3|	90|	120|	135|	150|
row 3: 	4|	120|	160|	180|	200|
row 4: 	5|	150|	200|	225|	250|
row 5: 	6|	180|	240|	270|	300|
End Ratio table from tableprint 
Ratio table from: table04
row 0: 	|	4|	1|	 1/2|	1|	2|
row 1: 	1|	40|	50|	55|	60|	70|
row 2: 	2|	80|	100|	110|	120|	140|
row 3: 	3|	120|	150|	165|	180|	210|
row 4: 	4|	160|	200|	220|	240|	280|
End Ratio table from tableprint 
Ratio table from: table05
row 0: 	|	5|	1|	1|
row 1: 	1|	30|	36|	42|
row 2: 	2|	60|	72|	84|
row 3: 	3|	90|	108|	126|
row 4: 	4|	120|	144|	168|
row 5: 	5|	150|	180|	210|
row 6: 	6|	180|	216|	252|
row 7: 	7|	210|	252|	294|
End Ratio table from tableprint 
Ratio table from: table06
row 0: 	|	6|	1|	1|
row 1: 	1|	30|	35|	40|
row 2: 	2|	60|	70|	80|
row 3: 	3|	90|	105|	120|
row 4: 	4|	120|	140|	160|
row 5: 	5|	150|	175|	200|
row 6: 	6|	180|	210|	240|
row 7: 	7|	210|	245|	280|
End Ratio table from tableprint 
Ratio table from: table07
row 0: 	|	8|	1|	1|
row 1: 	1|	40|	45|	50|
row 2: 	2|	80|	90|	100|
row 3: 	3|	120|	135|	150|
row 4: 	4|	160|	180|	200|
row 5: 	5|	200|	225|	250|
row 6: 	6|	240|	270|	300|
End Ratio table from tableprint 
Ratio table from: table08
row 0: 	Parts|	dummy|
row 1: 	1|	30|
row 2: 	2|	420|
row 3: 	3|	630|
row 4: 	4|	840|
row 5: 	5|	1050|
row 6: 	6|	1260|
row 7: 	7|	1470|
row 8: 	8|	1680|
row 9: 	9|	1890|
row 10: 	10|	2100|
End Ratio table from tableprint 
Ratio table from: table09
row 0: 	Ounces|	dummy|
row 1: 	2|	59.1|
row 2: 	3|	88.7|
row 3: 	4|	118.3|
row 4: 	5|	147.9|
row 5: 	6|	177.4|
row 6: 	7|	207.0|
row 7: 	8|	236.6|
row 8: 	9|	266.1|
row 9: 	10|	295.7|
row 10: 	11|	325.3|
End Ratio table from tableprint 
Ratio table from: table10
row 0: 	mL|
row 1: 	50|
row 2: 	75|
row 3: 	100|
row 4: 	125|
row 5: 	150|
row 6: 	175|
row 7: 	200|
row 8: 	225|
row 9: 	250|
row 10: 	275|
row 11: 	300|
End Ratio table from tableprint 
Input file: /Users/frankbraswell/Library/Mobile Documents/com~apple~CloudDocs/Business Folders/Berry Plastics/Berry Test Files/Bug Test 5-29-13/SOM Test/Ratio Files/H1072803/Reference/T30915CP Parameter chart.txt
No table found
Parse parameter table
WARNING MESSAGE! Use of uninitialized value $linearr[1] in hash element at /Users/frankbraswell/Library/Mobile Documents/com~apple~CloudDocs/Business Folders/Berry Plastics/BerryPlastics/Berry Plastics perl debug/SOM/SOMcontrol.pm line 709, <$fh> chunk 251.
Parameter table from: parametertable
line: 1 = val: .			key: 
line: 2 = val: 0.15			key: Column Space (inches)
line: 3 = val: T30915CP			key: Container Part Number
line: 4 = val: Hyman			key: Customer Name
line: 5 = val: Black			key: Header Horizontal Line Color
line: 6 = val: 1			key: Header Horizontal Line Weight (points)
line: 7 = val: Black			key: Horizontal Line Color
line: 8 = val: 1			key: Horizontal Line Weight (points)
line: 9 = val: H444444_9108			key: Job Number
line: 10 = val: Helvetica-Bold			key: Measurement Chart Font
line: 11 = val: Black			key: Measurement Chart Font Color
line: 12 = val: 8			key: Measurement Chart Font Size (points)
line: 13 = val: 2.5625			key: Measurement Chart Height (inches)
line: 14 = val: Right			key: Measurement Chart Location (on Right or on Left)
line: 15 = val: 0.75			key: Measurement Chart Width (inches)
line: 16 = val: Kim			key: Operator Name
line: 17 = val: 2.5625			key: Ratio Chart Height (inches)
line: 18 = val: 0.1875			key: Ratio Chart Top Offset (inches)
line: 19 = val: 0.2			key: Ratio Chart Width (inches)
line: 20 = val: Helvetica-Bold			key: Ratio Column Font
line: 21 = val: Black			key: Ratio Column Font Color
line: 22 = val: 8			key: Ratio Column Font Size (points)
line: 23 = val: Helvetica-Condensed-Bold			key: Ratio Header Font
line: 24 = val: Black			key: Ratio Header Font Color
line: 25 = val: 11			key: Ratio Header Font Size (points)
line: 26 = val: 0.1875			key: Ratio Header Height (inches)
line: 27 = val: Below			key: Ratio Number Location (Above or Below)
line: 28 = val: Black			key: Vertical Line Color Inside
line: 29 = val: Black			key: Vertical Line Color Outside
line: 30 = val: 1			key: Vertical Line Weight Inside (points)
line: 31 = val: 2			key: Vertical Line Weight Outside (points)
End parameter table from paramtableprint
++Color and Font Check.
-color param: Header Horizontal Line Color = Black --Exists in process colors hash.
-color param: Horizontal Line Color = Black --Exists in process colors hash.
-color param: Measurement Chart Font Color = Black --Exists in process colors hash.
-color param: Ratio Column Font Color = Black --Exists in process colors hash.
-color param: Ratio Header Font Color = Black --Exists in process colors hash.
-color param: Vertical Line Color Inside = Black --Exists in process colors hash.
-color param: Vertical Line Color Outside = Black --Exists in process colors hash.
-font param: Measurement Chart Font = Helvetica-Bold **WARNING** The font: Helvetica-Bold is not in the font list. Please add it to the list of fonts and try again.
-font param: Ratio Column Font = Helvetica-Bold **WARNING** The font: Helvetica-Bold is not in the font list. Please add it to the list of fonts and try again.
-font param: Ratio Header Font = Helvetica-Condensed-Bold **WARNING** The font: Helvetica-Condensed-Bold is not in the font list. Please add it to the list of fonts and try again.
WARNING MESSAGE! Use of uninitialized value $maxlen in addition (+) at /Users/frankbraswell/Library/Mobile Documents/com~apple~CloudDocs/Business Folders/Berry Plastics/BerryPlastics/Berry Plastics perl debug/SOM/SOMtables.pm line 154, <$fh> chunk 284.
WARNING MESSAGE! Use of uninitialized value $maxlen in addition (+) at /Users/frankbraswell/Library/Mobile Documents/com~apple~CloudDocs/Business Folders/Berry Plastics/BerryPlastics/Berry Plastics perl debug/SOM/SOMtables.pm line 154, <$fh> chunk 284.
WARNING MESSAGE! Use of uninitialized value $maxlen in addition (+) at /Users/frankbraswell/Library/Mobile Documents/com~apple~CloudDocs/Business Folders/Berry Plastics/BerryPlastics/Berry Plastics perl debug/SOM/SOMtables.pm line 154, <$fh> chunk 284.
WARNING MESSAGE! Use of uninitialized value $maxlen in addition (+) at /Users/frankbraswell/Library/Mobile Documents/com~apple~CloudDocs/Business Folders/Berry Plastics/BerryPlastics/Berry Plastics perl debug/SOM/SOMtables.pm line 154, <$fh> chunk 284.
WARNING MESSAGE! Use of uninitialized value $maxlen in addition (+) at /Users/frankbraswell/Library/Mobile Documents/com~apple~CloudDocs/Business Folders/Berry Plastics/BerryPlastics/Berry Plastics perl debug/SOM/SOMtables.pm line 154, <$fh> chunk 284.
WARNING MESSAGE! Use of uninitialized value $maxlen in addition (+) at /Users/frankbraswell/Library/Mobile Documents/com~apple~CloudDocs/Business Folders/Berry Plastics/BerryPlastics/Berry Plastics perl debug/SOM/SOMtables.pm line 154, <$fh> chunk 284.
WARNING MESSAGE! Use of uninitialized value $maxlen in addition (+) at /Users/frankbraswell/Library/Mobile Documents/com~apple~CloudDocs/Business Folders/Berry Plastics/BerryPlastics/Berry Plastics perl debug/SOM/SOMtables.pm line 154, <$fh> chunk 284.
WARNING MESSAGE! Use of uninitialized value $maxlen in addition (+) at /Users/frankbraswell/Library/Mobile Documents/com~apple~CloudDocs/Business Folders/Berry Plastics/BerryPlastics/Berry Plastics perl debug/SOM/SOMtables.pm line 154, <$fh> chunk 284.
WARNING MESSAGE! Use of uninitialized value $maxlen in addition (+) at /Users/frankbraswell/Library/Mobile Documents/com~apple~CloudDocs/Business Folders/Berry Plastics/BerryPlastics/Berry Plastics perl debug/SOM/SOMtables.pm line 154, <$fh> chunk 284.
WARNING MESSAGE! Use of uninitialized value $maxlen in addition (+) at /Users/frankbraswell/Library/Mobile Documents/com~apple~CloudDocs/Business Folders/Berry Plastics/BerryPlastics/Berry Plastics perl debug/SOM/SOMtables.pm line 154, <$fh> chunk 284.
WARNING MESSAGE! Use of uninitialized value $maxlen in addition (+) at /Users/frankbraswell/Library/Mobile Documents/com~apple~CloudDocs/Business Folders/Berry Plastics/BerryPlastics/Berry Plastics perl debug/SOM/SOMtables.pm line 154, <$fh> chunk 284.
WARNING MESSAGE! Use of uninitialized value $maxlen in addition (+) at /Users/frankbraswell/Library/Mobile Documents/com~apple~CloudDocs/Business Folders/Berry Plastics/BerryPlastics/Berry Plastics perl debug/SOM/SOMtables.pm line 154, <$fh> chunk 284.
WARNING MESSAGE! Use of uninitialized value $maxlen in addition (+) at /Users/frankbraswell/Library/Mobile Documents/com~apple~CloudDocs/Business Folders/Berry Plastics/BerryPlastics/Berry Plastics perl debug/SOM/SOMtables.pm line 154, <$fh> chunk 284.
WARNING MESSAGE! Use of uninitialized value $maxlen in addition (+) at /Users/frankbraswell/Library/Mobile Documents/com~apple~CloudDocs/Business Folders/Berry Plastics/BerryPlastics/Berry Plastics perl debug/SOM/SOMtables.pm line 154, <$fh> chunk 284.
WARNING MESSAGE! Use of uninitialized value $maxlen in addition (+) at /Users/frankbraswell/Library/Mobile Documents/com~apple~CloudDocs/Business Folders/Berry Plastics/BerryPlastics/Berry Plastics perl debug/SOM/SOMtables.pm line 154, <$fh> chunk 284.
WARNING MESSAGE! Use of uninitialized value $maxlen in addition (+) at /Users/frankbraswell/Library/Mobile Documents/com~apple~CloudDocs/Business Folders/Berry Plastics/BerryPlastics/Berry Plastics perl debug/SOM/SOMtables.pm line 154, <$fh> chunk 284.
WARNING MESSAGE! Use of uninitialized value $maxlen in addition (+) at /Users/frankbraswell/Library/Mobile Documents/com~apple~CloudDocs/Business Folders/Berry Plastics/BerryPlastics/Berry Plastics perl debug/SOM/SOMtables.pm line 154, <$fh> chunk 284.
WARNING MESSAGE! Use of uninitialized value $maxlen in addition (+) at /Users/frankbraswell/Library/Mobile Documents/com~apple~CloudDocs/Business Folders/Berry Plastics/BerryPlastics/Berry Plastics perl debug/SOM/SOMtables.pm line 154, <$fh> chunk 284.
WARNING MESSAGE! Use of uninitialized value $maxlen in addition (+) at /Users/frankbraswell/Library/Mobile Documents/com~apple~CloudDocs/Business Folders/Berry Plastics/BerryPlastics/Berry Plastics perl debug/SOM/SOMtables.pm line 154, <$fh> chunk 284.
WARNING MESSAGE! Use of uninitialized value $maxlen in addition (+) at /Users/frankbraswell/Library/Mobile Documents/com~apple~CloudDocs/Business Folders/Berry Plastics/BerryPlastics/Berry Plastics perl debug/SOM/SOMtables.pm line 154, <$fh> chunk 284.
--Warning - Value outside printable area!
---table name: table08 - row: 2; col: 1; name: 2; Measurement Value: 420; offset: no value - skip to next value
--Warning - Value outside printable area!
---table name: table08 - row: 3; col: 1; name: 3; Measurement Value: 630; offset: no value - skip to next value
--Warning - Value outside printable area!
---table name: table08 - row: 4; col: 1; name: 4; Measurement Value: 840; offset: no value - skip to next value
--Warning - Value outside printable area!
---table name: table08 - row: 5; col: 1; name: 5; Measurement Value: 1050; offset: no value - skip to next value
--Warning - Value outside printable area!
---table name: table08 - row: 6; col: 1; name: 6; Measurement Value: 1260; offset: no value - skip to next value
--Warning - Value outside printable area!
---table name: table08 - row: 7; col: 1; name: 7; Measurement Value: 1470; offset: no value - skip to next value
--Warning - Value outside printable area!
---table name: table08 - row: 8; col: 1; name: 8; Measurement Value: 1680; offset: no value - skip to next value
--Warning - Value outside printable area!
---table name: table08 - row: 9; col: 1; name: 9; Measurement Value: 1890; offset: no value - skip to next value
--Warning - Value outside printable area!
---table name: table08 - row: 10; col: 1; name: 10; Measurement Value: 2100; offset: no value - skip to next value
WARNING MESSAGE! Use of uninitialized value $maxlen in addition (+) at /Users/frankbraswell/Library/Mobile Documents/com~apple~CloudDocs/Business Folders/Berry Plastics/BerryPlastics/Berry Plastics perl debug/SOM/SOMtables.pm line 154, <$fh> chunk 284.
WARNING MESSAGE! Use of uninitialized value $maxlen in addition (+) at /Users/frankbraswell/Library/Mobile Documents/com~apple~CloudDocs/Business Folders/Berry Plastics/BerryPlastics/Berry Plastics perl debug/SOM/SOMtables.pm line 154, <$fh> chunk 284.
New file name: /Users/frankbraswell/Library/Mobile Documents/com~apple~CloudDocs/Business Folders/Berry Plastics/Berry Test Files/Bug Test 5-29-13/SOM Test/Ratio Files/H1072803/Reference/H1072803 Ratio Chart.eps
