
------Berry Plastics RatioCompiler Version 1.6 
Date: 2/8/2017, Time: 21:55:37
=Process Color: Black
=Process Color: Cyan
=Process Color: Magenta
=Process Color: Yellow
Input file: /Users/frankbraswell/Library/Mobile Documents/com~apple~CloudDocs/Business Folders/Berry Plastics/Berry Test Files/Berry Update Dec 2016/Test Files Dec 2016/Inch Markings-Table 1.txt
Parse ratio tables
Input file: /Users/frankbraswell/Library/Mobile Documents/com~apple~CloudDocs/Business Folders/Berry Plastics/Berry Test Files/Berry Update Dec 2016/Test Files Dec 2016/T30304LW-Table 1.txt
Parse measurement tables
Ratio table from: table00
row 0: 	|	4|	1|	1|	
1|	15|	20|	25|
End Ratio table from tableprint 
Ratio table from: table01
row 0: 	|	1|	15|	18.8|	22.5|	
2|	30|	40|	50|
End Ratio table from tableprint 
Ratio table from: table02
row 0: 	|	2|	30|	37.5|	45.0|	
3|	45|	60|	75|
End Ratio table from tableprint 
Ratio table from: table03
row 0: 	|	3|	45|	56.3|	67.5|	
|	|	|	|	|	|	|	|	|	
|	|	|	|	|	|	|	|	|	
|	5|	1|	1|
End Ratio table from tableprint 
Ratio table from: table04
row 0: 	|	6|	1|	1|	
1|	15|	18|	21|
End Ratio table from tableprint 
Ratio table from: table05
row 0: 	|	1|	15|	17.5|	20|	
2|	30|	36|	42|
End Ratio table from tableprint 
Ratio table from: table06
row 0: 	|	2|	30|	35|	40|	
3|	45|	54|	63|
End Ratio table from tableprint 
Ratio table from: table07
row 0: 	|	3|	45|	52.5|	60|	
|	|	|	|	|	4|	60|	70|	80|	
|	|	|	|	|	|	|	|	|	
|	|	|	|	|	|	|	|	|	
|	8|	1|	1|
End Ratio table from tableprint 
Ratio table from: table08
row 0: 	|	1|	1|
End Ratio table from tableprint 
Ratio table from: table09
row 0: 	|	1|	20|	40|
End Ratio table from tableprint 
Ratio table from: table10
row 0: 	|	2|	40|	80|
End Ratio table from tableprint 
Ratio table from: table11
row 0: 	Ounces|	dummy|
End Ratio table from tableprint 
Input file: /Users/frankbraswell/Library/Mobile Documents/com~apple~CloudDocs/Business Folders/Berry Plastics/Berry Test Files/Berry Update Dec 2016/Test Files Dec 2016/T30304LW Parameter chart.txt
No table found
Parse parameter table
WARNING MESSAGE! Use of uninitialized value $linearr[1] in hash element at /Users/frankbraswell/Library/Mobile Documents/com~apple~CloudDocs/Business Folders/Berry Plastics/BerryPlastics/Berry Plastics perl debug/SOM/SOMcontrol.pm line 709, <$fh> chunk 8.
Parameter table from: parametertable
line: 1 = val: .			key: 
line: 2 = val: 0.15			key: Column Space (inches)
line: 3 = val: T30304LW			key: Container Part Number
line: 4 = val: HYMAN			key: Customer Name
line: 5 = val: Black			key: Header Horizontal Line Color
line: 6 = val: 1.5			key: Header Horizontal Line Weight (points)
line: 7 = val: Black			key: Horizontal Line Color
line: 8 = val: .75			key: Horizontal Line Weight (points)
line: 9 = val: H1305709			key: Job Number
line: 10 = val: Helvetica-Bold			key: Measurement Chart Font
line: 11 = val: Black			key: Measurement Chart Font Color
line: 12 = val: 7			key: Measurement Chart Font Size (points)
line: 13 = val: 0.9375			key: Measurement Chart Height (inches)
line: 14 = val: Right			key: Measurement Chart Location (on Right or on Left)
line: 15 = val: 0.75			key: Measurement Chart Width (inches)
line: 16 = val: Bill			key: Operator Name
line: 17 = val: 0.9375			key: Ratio Chart Height (inches)
line: 18 = val: 0.125			key: Ratio Chart Top Offset (inches)
line: 19 = val: 0.2			key: Ratio Chart Width (inches)
line: 20 = val: Helvetica-Condensed-Bold			key: Ratio Column Font
line: 21 = val: Black			key: Ratio Column Font Color
line: 22 = val: 6			key: Ratio Column Font Size (points)
line: 23 = val: Helvetica-Condensed-Bold			key: Ratio Header Font
line: 24 = val: Black			key: Ratio Header Font Color
line: 25 = val: 8			key: Ratio Header Font Size (points)
line: 26 = val: 0.125			key: Ratio Header Height (inches)
line: 27 = val: Below			key: Ratio Number Location (Above or Below)
line: 28 = val: Black			key: Vertical Line Color Inside
line: 29 = val: Black			key: Vertical Line Color Outside
line: 30 = val: .75			key: Vertical Line Weight Inside (points)
line: 31 = val: 1.5			key: Vertical Line Weight Outside (points)
End parameter table from paramtableprint
++Color and Font Check.
-color param: Header Horizontal Line Color = Black --Exists in process colors hash.
-color param: Horizontal Line Color = Black --Exists in process colors hash.
-color param: Measurement Chart Font Color = Black --Exists in process colors hash.
-color param: Ratio Column Font Color = Black --Exists in process colors hash.
-color param: Ratio Header Font Color = Black --Exists in process colors hash.
-color param: Vertical Line Color Inside = Black --Exists in process colors hash.
-color param: Vertical Line Color Outside = Black --Exists in process colors hash.
-font param: Measurement Chart Font = Helvetica-Bold **WARNING** The font: Helvetica-Bold is not in the font list. Please add it to the list of fonts and try again.
-font param: Ratio Column Font = Helvetica-Condensed-Bold **WARNING** The font: Helvetica-Condensed-Bold is not in the font list. Please add it to the list of fonts and try again.
-font param: Ratio Header Font = Helvetica-Condensed-Bold **WARNING** The font: Helvetica-Condensed-Bold is not in the font list. Please add it to the list of fonts and try again.
FATAL ERROR MESSAGE! Conversion table doesn't exist
