
------Berry Plastics RatioCompiler Version 1.6 
Date: 2/12/2017, Time: 22:31:44
=Process Color: Black
=Process Color: Cyan
=Process Color: Magenta
=Process Color: Yellow
Input file: /Users/frankbraswell/Library/Mobile Documents/com~apple~CloudDocs/Business Folders/Berry Plastics/Berry Test Files/Berry Update Dec 2016/Test Files Dec 2016/Inch Markings-Table 1.txt
Parse ratio tables
Input file: /Users/frankbraswell/Library/Mobile Documents/com~apple~CloudDocs/Business Folders/Berry Plastics/Berry Test Files/Berry Update Dec 2016/Test Files Dec 2016/T30304LW Parameter chart.txt
Parse ratio tables
Input file: /Users/frankbraswell/Library/Mobile Documents/com~apple~CloudDocs/Business Folders/Berry Plastics/Berry Test Files/Berry Update Dec 2016/Test Files Dec 2016/T30304LW-Table 1.txt
Parse measurement tables
Ratio table from: table00
row 0: 	|	4|	1|	1|	
1|	15|	20|	25|
End Ratio table from tableprint 
Ratio table from: table01
row 0: 	|	1|	15|	18.8|	22.5|	
2|	30|	40|	50|
End Ratio table from tableprint 
Ratio table from: table02
row 0: 	|	2|	30|	37.5|	45.0|	
3|	45|	60|	75|
End Ratio table from tableprint 
Ratio table from: table03
row 0: 	|	3|	45|	56.3|	67.5|	
|	|	|	|	|	|	|	|	|	
|	|	|	|	|	|	|	|	|	
|	5|	1|	1|
End Ratio table from tableprint 
Ratio table from: table04
row 0: 	|	6|	1|	1|	
1|	15|	18|	21|
End Ratio table from tableprint 
Ratio table from: table05
row 0: 	|	1|	15|	17.5|	20|	
2|	30|	36|	42|
End Ratio table from tableprint 
Ratio table from: table06
row 0: 	|	2|	30|	35|	40|	
3|	45|	54|	63|
End Ratio table from tableprint 
Ratio table from: table07
row 0: 	|	3|	45|	52.5|	60|	
|	|	|	|	|	4|	60|	70|	80|	
|	|	|	|	|	|	|	|	|	
|	|	|	|	|	|	|	|	|	
|	8|	1|	1|
End Ratio table from tableprint 
Ratio table from: table08
row 0: 	|	1|	1|
End Ratio table from tableprint 
Ratio table from: table09
row 0: 	|	1|	20|	40|
End Ratio table from tableprint 
Ratio table from: table10
row 0: 	|	2|	40|	80|
End Ratio table from tableprint 
Ratio table from: table11
row 0: 	
Ounces|	dummy|
End Ratio table from tableprint 
FATAL ERROR MESSAGE! Conversion table doesn't exist
