
------Berry Plastics RatioCompiler Version 1.5 
Date: 1/28/2017, Time: 21:59:10
=Process Color: Black
=Process Color: Cyan
=Process Color: Magenta
=Process Color: Yellow
Input file: /Users/frankbraswell/Library/Mobile Documents/com~apple~CloudDocs/Business Folders/Berry Plastics/Berry Test Files/Berry Update Dec 2016/Test Files Dec 2016/Inch Markings-Table 1.csv
WARNING MESSAGE! Use of uninitialized value $linearr[1] in pattern match (m//) at /Users/frankbraswell/Library/Mobile Documents/com~apple~CloudDocs/Business Folders/Berry Plastics/BerryPlastics/Berry Plastics perl debug/SOM/SOMcontrol.pm line 375, <$fh> chunk 6.
No table found
WARNING MESSAGE! Use of uninitialized value $linearr[1] in pattern match (m//) at /Users/frankbraswell/Library/Mobile Documents/com~apple~CloudDocs/Business Folders/Berry Plastics/BerryPlastics/Berry Plastics perl debug/SOM/SOMcontrol.pm line 375, <$fh> chunk 7.
No table found
WARNING MESSAGE! Use of uninitialized value $linearr[1] in pattern match (m//) at /Users/frankbraswell/Library/Mobile Documents/com~apple~CloudDocs/Business Folders/Berry Plastics/BerryPlastics/Berry Plastics perl debug/SOM/SOMcontrol.pm line 375, <$fh> chunk 8.
No table found
WARNING MESSAGE! Use of uninitialized value $linearr[1] in pattern match (m//) at /Users/frankbraswell/Library/Mobile Documents/com~apple~CloudDocs/Business Folders/Berry Plastics/BerryPlastics/Berry Plastics perl debug/SOM/SOMcontrol.pm line 375, <$fh> chunk 9.
No table found
WARNING MESSAGE! Use of uninitialized value $linearr[1] in pattern match (m//) at /Users/frankbraswell/Library/Mobile Documents/com~apple~CloudDocs/Business Folders/Berry Plastics/BerryPlastics/Berry Plastics perl debug/SOM/SOMcontrol.pm line 375, <$fh> chunk 10.
No table found
WARNING MESSAGE! Use of uninitialized value $linearr[1] in pattern match (m//) at /Users/frankbraswell/Library/Mobile Documents/com~apple~CloudDocs/Business Folders/Berry Plastics/BerryPlastics/Berry Plastics perl debug/SOM/SOMcontrol.pm line 375, <$fh> chunk 11.
No table found
WARNING MESSAGE! Use of uninitialized value $linearr[1] in pattern match (m//) at /Users/frankbraswell/Library/Mobile Documents/com~apple~CloudDocs/Business Folders/Berry Plastics/BerryPlastics/Berry Plastics perl debug/SOM/SOMcontrol.pm line 375, <$fh> chunk 12.
No table found
WARNING MESSAGE! Use of uninitialized value $linearr[1] in pattern match (m//) at /Users/frankbraswell/Library/Mobile Documents/com~apple~CloudDocs/Business Folders/Berry Plastics/BerryPlastics/Berry Plastics perl debug/SOM/SOMcontrol.pm line 375, <$fh> chunk 13.
No table found
WARNING MESSAGE! Use of uninitialized value $linearr[1] in pattern match (m//) at /Users/frankbraswell/Library/Mobile Documents/com~apple~CloudDocs/Business Folders/Berry Plastics/BerryPlastics/Berry Plastics perl debug/SOM/SOMcontrol.pm line 375, <$fh> chunk 14.
No table found
WARNING MESSAGE! Use of uninitialized value $linearr[1] in pattern match (m//) at /Users/frankbraswell/Library/Mobile Documents/com~apple~CloudDocs/Business Folders/Berry Plastics/BerryPlastics/Berry Plastics perl debug/SOM/SOMcontrol.pm line 375, <$fh> chunk 15.
No table found
WARNING MESSAGE! Use of uninitialized value $linearr[1] in pattern match (m//) at /Users/frankbraswell/Library/Mobile Documents/com~apple~CloudDocs/Business Folders/Berry Plastics/BerryPlastics/Berry Plastics perl debug/SOM/SOMcontrol.pm line 375, <$fh> chunk 16.
No table found
WARNING MESSAGE! Use of uninitialized value $linearr[1] in pattern match (m//) at /Users/frankbraswell/Library/Mobile Documents/com~apple~CloudDocs/Business Folders/Berry Plastics/BerryPlastics/Berry Plastics perl debug/SOM/SOMcontrol.pm line 375, <$fh> chunk 17.
No table found
WARNING MESSAGE! Use of uninitialized value $linearr[1] in pattern match (m//) at /Users/frankbraswell/Library/Mobile Documents/com~apple~CloudDocs/Business Folders/Berry Plastics/BerryPlastics/Berry Plastics perl debug/SOM/SOMcontrol.pm line 375, <$fh> chunk 18.
No table found
WARNING MESSAGE! Use of uninitialized value $linearr[1] in pattern match (m//) at /Users/frankbraswell/Library/Mobile Documents/com~apple~CloudDocs/Business Folders/Berry Plastics/BerryPlastics/Berry Plastics perl debug/SOM/SOMcontrol.pm line 375, <$fh> chunk 19.
No table found
WARNING MESSAGE! Use of uninitialized value $linearr[1] in pattern match (m//) at /Users/frankbraswell/Library/Mobile Documents/com~apple~CloudDocs/Business Folders/Berry Plastics/BerryPlastics/Berry Plastics perl debug/SOM/SOMcontrol.pm line 375, <$fh> chunk 20.
No table found
WARNING MESSAGE! Use of uninitialized value $linearr[1] in pattern match (m//) at /Users/frankbraswell/Library/Mobile Documents/com~apple~CloudDocs/Business Folders/Berry Plastics/BerryPlastics/Berry Plastics perl debug/SOM/SOMcontrol.pm line 375, <$fh> chunk 21.
No table found
WARNING MESSAGE! Use of uninitialized value $linearr[1] in pattern match (m//) at /Users/frankbraswell/Library/Mobile Documents/com~apple~CloudDocs/Business Folders/Berry Plastics/BerryPlastics/Berry Plastics perl debug/SOM/SOMcontrol.pm line 375, <$fh> chunk 22.
No table found
WARNING MESSAGE! Use of uninitialized value $linearr[1] in pattern match (m//) at /Users/frankbraswell/Library/Mobile Documents/com~apple~CloudDocs/Business Folders/Berry Plastics/BerryPlastics/Berry Plastics perl debug/SOM/SOMcontrol.pm line 375, <$fh> chunk 23.
No table found
WARNING MESSAGE! Use of uninitialized value $linearr[1] in pattern match (m//) at /Users/frankbraswell/Library/Mobile Documents/com~apple~CloudDocs/Business Folders/Berry Plastics/BerryPlastics/Berry Plastics perl debug/SOM/SOMcontrol.pm line 375, <$fh> chunk 24.
No table found
WARNING MESSAGE! Use of uninitialized value $linearr[1] in pattern match (m//) at /Users/frankbraswell/Library/Mobile Documents/com~apple~CloudDocs/Business Folders/Berry Plastics/BerryPlastics/Berry Plastics perl debug/SOM/SOMcontrol.pm line 375, <$fh> chunk 25.
No table found
WARNING MESSAGE! Use of uninitialized value $linearr[1] in pattern match (m//) at /Users/frankbraswell/Library/Mobile Documents/com~apple~CloudDocs/Business Folders/Berry Plastics/BerryPlastics/Berry Plastics perl debug/SOM/SOMcontrol.pm line 375, <$fh> chunk 26.
No table found
WARNING MESSAGE! Use of uninitialized value $linearr[1] in pattern match (m//) at /Users/frankbraswell/Library/Mobile Documents/com~apple~CloudDocs/Business Folders/Berry Plastics/BerryPlastics/Berry Plastics perl debug/SOM/SOMcontrol.pm line 375, <$fh> chunk 27.
No table found
WARNING MESSAGE! Use of uninitialized value $linearr[1] in pattern match (m//) at /Users/frankbraswell/Library/Mobile Documents/com~apple~CloudDocs/Business Folders/Berry Plastics/BerryPlastics/Berry Plastics perl debug/SOM/SOMcontrol.pm line 375, <$fh> chunk 28.
No table found
WARNING MESSAGE! Use of uninitialized value $linearr[1] in pattern match (m//) at /Users/frankbraswell/Library/Mobile Documents/com~apple~CloudDocs/Business Folders/Berry Plastics/BerryPlastics/Berry Plastics perl debug/SOM/SOMcontrol.pm line 375, <$fh> chunk 29.
No table found
WARNING MESSAGE! Use of uninitialized value $linearr[1] in pattern match (m//) at /Users/frankbraswell/Library/Mobile Documents/com~apple~CloudDocs/Business Folders/Berry Plastics/BerryPlastics/Berry Plastics perl debug/SOM/SOMcontrol.pm line 375, <$fh> chunk 30.
No table found
WARNING MESSAGE! Use of uninitialized value $linearr[1] in pattern match (m//) at /Users/frankbraswell/Library/Mobile Documents/com~apple~CloudDocs/Business Folders/Berry Plastics/BerryPlastics/Berry Plastics perl debug/SOM/SOMcontrol.pm line 375, <$fh> chunk 31.
No table found
WARNING MESSAGE! Use of uninitialized value $linearr[1] in pattern match (m//) at /Users/frankbraswell/Library/Mobile Documents/com~apple~CloudDocs/Business Folders/Berry Plastics/BerryPlastics/Berry Plastics perl debug/SOM/SOMcontrol.pm line 375, <$fh> chunk 32.
No table found
WARNING MESSAGE! Use of uninitialized value $linearr[1] in pattern match (m//) at /Users/frankbraswell/Library/Mobile Documents/com~apple~CloudDocs/Business Folders/Berry Plastics/BerryPlastics/Berry Plastics perl debug/SOM/SOMcontrol.pm line 375, <$fh> chunk 33.
No table found
WARNING MESSAGE! Use of uninitialized value $linearr[1] in pattern match (m//) at /Users/frankbraswell/Library/Mobile Documents/com~apple~CloudDocs/Business Folders/Berry Plastics/BerryPlastics/Berry Plastics perl debug/SOM/SOMcontrol.pm line 375, <$fh> chunk 34.
No table found
WARNING MESSAGE! Use of uninitialized value $linearr[1] in pattern match (m//) at /Users/frankbraswell/Library/Mobile Documents/com~apple~CloudDocs/Business Folders/Berry Plastics/BerryPlastics/Berry Plastics perl debug/SOM/SOMcontrol.pm line 375, <$fh> chunk 35.
No table found
WARNING MESSAGE! Use of uninitialized value $linearr[1] in pattern match (m//) at /Users/frankbraswell/Library/Mobile Documents/com~apple~CloudDocs/Business Folders/Berry Plastics/BerryPlastics/Berry Plastics perl debug/SOM/SOMcontrol.pm line 375, <$fh> chunk 36.
No table found
WARNING MESSAGE! Use of uninitialized value $linearr[1] in pattern match (m//) at /Users/frankbraswell/Library/Mobile Documents/com~apple~CloudDocs/Business Folders/Berry Plastics/BerryPlastics/Berry Plastics perl debug/SOM/SOMcontrol.pm line 375, <$fh> chunk 37.
No table found
WARNING MESSAGE! Use of uninitialized value $linearr[1] in pattern match (m//) at /Users/frankbraswell/Library/Mobile Documents/com~apple~CloudDocs/Business Folders/Berry Plastics/BerryPlastics/Berry Plastics perl debug/SOM/SOMcontrol.pm line 375, <$fh> chunk 38.
No table found
WARNING MESSAGE! Use of uninitialized value $linearr[1] in pattern match (m//) at /Users/frankbraswell/Library/Mobile Documents/com~apple~CloudDocs/Business Folders/Berry Plastics/BerryPlastics/Berry Plastics perl debug/SOM/SOMcontrol.pm line 375, <$fh> chunk 39.
No table found
WARNING MESSAGE! Use of uninitialized value $linearr[1] in pattern match (m//) at /Users/frankbraswell/Library/Mobile Documents/com~apple~CloudDocs/Business Folders/Berry Plastics/BerryPlastics/Berry Plastics perl debug/SOM/SOMcontrol.pm line 375, <$fh> chunk 40.
No table found
Input file: /Users/frankbraswell/Library/Mobile Documents/com~apple~CloudDocs/Business Folders/Berry Plastics/Berry Test Files/Berry Update Dec 2016/Test Files Dec 2016/T30304LW-Table 1.csv
WARNING MESSAGE! Use of uninitialized value $linearr[1] in pattern match (m//) at /Users/frankbraswell/Library/Mobile Documents/com~apple~CloudDocs/Business Folders/Berry Plastics/BerryPlastics/Berry Plastics perl debug/SOM/SOMcontrol.pm line 375, <$fh> chunk 46.
No table found
WARNING MESSAGE! Use of uninitialized value $linearr[1] in pattern match (m//) at /Users/frankbraswell/Library/Mobile Documents/com~apple~CloudDocs/Business Folders/Berry Plastics/BerryPlastics/Berry Plastics perl debug/SOM/SOMcontrol.pm line 375, <$fh> chunk 47.
No table found
WARNING MESSAGE! Use of uninitialized value $linearr[1] in pattern match (m//) at /Users/frankbraswell/Library/Mobile Documents/com~apple~CloudDocs/Business Folders/Berry Plastics/BerryPlastics/Berry Plastics perl debug/SOM/SOMcontrol.pm line 375, <$fh> chunk 48.
No table found
WARNING MESSAGE! Use of uninitialized value $linearr[1] in pattern match (m//) at /Users/frankbraswell/Library/Mobile Documents/com~apple~CloudDocs/Business Folders/Berry Plastics/BerryPlastics/Berry Plastics perl debug/SOM/SOMcontrol.pm line 375, <$fh> chunk 49.
No table found
WARNING MESSAGE! Use of uninitialized value $linearr[1] in pattern match (m//) at /Users/frankbraswell/Library/Mobile Documents/com~apple~CloudDocs/Business Folders/Berry Plastics/BerryPlastics/Berry Plastics perl debug/SOM/SOMcontrol.pm line 375, <$fh> chunk 50.
No table found
WARNING MESSAGE! Use of uninitialized value $linearr[1] in pattern match (m//) at /Users/frankbraswell/Library/Mobile Documents/com~apple~CloudDocs/Business Folders/Berry Plastics/BerryPlastics/Berry Plastics perl debug/SOM/SOMcontrol.pm line 375, <$fh> chunk 51.
No table found
WARNING MESSAGE! Use of uninitialized value $linearr[1] in pattern match (m//) at /Users/frankbraswell/Library/Mobile Documents/com~apple~CloudDocs/Business Folders/Berry Plastics/BerryPlastics/Berry Plastics perl debug/SOM/SOMcontrol.pm line 375, <$fh> chunk 52.
No table found
WARNING MESSAGE! Use of uninitialized value $linearr[1] in pattern match (m//) at /Users/frankbraswell/Library/Mobile Documents/com~apple~CloudDocs/Business Folders/Berry Plastics/BerryPlastics/Berry Plastics perl debug/SOM/SOMcontrol.pm line 375, <$fh> chunk 53.
No table found
WARNING MESSAGE! Use of uninitialized value $linearr[1] in pattern match (m//) at /Users/frankbraswell/Library/Mobile Documents/com~apple~CloudDocs/Business Folders/Berry Plastics/BerryPlastics/Berry Plastics perl debug/SOM/SOMcontrol.pm line 375, <$fh> chunk 54.
No table found
WARNING MESSAGE! Use of uninitialized value $linearr[1] in pattern match (m//) at /Users/frankbraswell/Library/Mobile Documents/com~apple~CloudDocs/Business Folders/Berry Plastics/BerryPlastics/Berry Plastics perl debug/SOM/SOMcontrol.pm line 375, <$fh> chunk 55.
No table found
WARNING MESSAGE! Use of uninitialized value $linearr[1] in pattern match (m//) at /Users/frankbraswell/Library/Mobile Documents/com~apple~CloudDocs/Business Folders/Berry Plastics/BerryPlastics/Berry Plastics perl debug/SOM/SOMcontrol.pm line 375, <$fh> chunk 56.
No table found
WARNING MESSAGE! Use of uninitialized value $linearr[1] in pattern match (m//) at /Users/frankbraswell/Library/Mobile Documents/com~apple~CloudDocs/Business Folders/Berry Plastics/BerryPlastics/Berry Plastics perl debug/SOM/SOMcontrol.pm line 375, <$fh> chunk 57.
No table found
WARNING MESSAGE! Use of uninitialized value $linearr[1] in pattern match (m//) at /Users/frankbraswell/Library/Mobile Documents/com~apple~CloudDocs/Business Folders/Berry Plastics/BerryPlastics/Berry Plastics perl debug/SOM/SOMcontrol.pm line 375, <$fh> chunk 58.
No table found
WARNING MESSAGE! Use of uninitialized value $linearr[1] in pattern match (m//) at /Users/frankbraswell/Library/Mobile Documents/com~apple~CloudDocs/Business Folders/Berry Plastics/BerryPlastics/Berry Plastics perl debug/SOM/SOMcontrol.pm line 375, <$fh> chunk 59.
No table found
WARNING MESSAGE! Use of uninitialized value $linearr[1] in pattern match (m//) at /Users/frankbraswell/Library/Mobile Documents/com~apple~CloudDocs/Business Folders/Berry Plastics/BerryPlastics/Berry Plastics perl debug/SOM/SOMcontrol.pm line 375, <$fh> chunk 60.
No table found
WARNING MESSAGE! Use of uninitialized value $linearr[1] in pattern match (m//) at /Users/frankbraswell/Library/Mobile Documents/com~apple~CloudDocs/Business Folders/Berry Plastics/BerryPlastics/Berry Plastics perl debug/SOM/SOMcontrol.pm line 375, <$fh> chunk 61.
No table found
WARNING MESSAGE! Use of uninitialized value $linearr[1] in pattern match (m//) at /Users/frankbraswell/Library/Mobile Documents/com~apple~CloudDocs/Business Folders/Berry Plastics/BerryPlastics/Berry Plastics perl debug/SOM/SOMcontrol.pm line 375, <$fh> chunk 62.
No table found
WARNING MESSAGE! Use of uninitialized value $linearr[1] in pattern match (m//) at /Users/frankbraswell/Library/Mobile Documents/com~apple~CloudDocs/Business Folders/Berry Plastics/BerryPlastics/Berry Plastics perl debug/SOM/SOMcontrol.pm line 375, <$fh> chunk 63.
No table found
WARNING MESSAGE! Use of uninitialized value $linearr[1] in pattern match (m//) at /Users/frankbraswell/Library/Mobile Documents/com~apple~CloudDocs/Business Folders/Berry Plastics/BerryPlastics/Berry Plastics perl debug/SOM/SOMcontrol.pm line 375, <$fh> chunk 64.
No table found
WARNING MESSAGE! Use of uninitialized value $linearr[1] in pattern match (m//) at /Users/frankbraswell/Library/Mobile Documents/com~apple~CloudDocs/Business Folders/Berry Plastics/BerryPlastics/Berry Plastics perl debug/SOM/SOMcontrol.pm line 375, <$fh> chunk 65.
No table found
WARNING MESSAGE! Use of uninitialized value $linearr[1] in pattern match (m//) at /Users/frankbraswell/Library/Mobile Documents/com~apple~CloudDocs/Business Folders/Berry Plastics/BerryPlastics/Berry Plastics perl debug/SOM/SOMcontrol.pm line 375, <$fh> chunk 66.
No table found
WARNING MESSAGE! Use of uninitialized value $linearr[1] in pattern match (m//) at /Users/frankbraswell/Library/Mobile Documents/com~apple~CloudDocs/Business Folders/Berry Plastics/BerryPlastics/Berry Plastics perl debug/SOM/SOMcontrol.pm line 375, <$fh> chunk 67.
No table found
WARNING MESSAGE! Use of uninitialized value $linearr[1] in pattern match (m//) at /Users/frankbraswell/Library/Mobile Documents/com~apple~CloudDocs/Business Folders/Berry Plastics/BerryPlastics/Berry Plastics perl debug/SOM/SOMcontrol.pm line 375, <$fh> chunk 68.
No table found
WARNING MESSAGE! Use of uninitialized value $linearr[1] in pattern match (m//) at /Users/frankbraswell/Library/Mobile Documents/com~apple~CloudDocs/Business Folders/Berry Plastics/BerryPlastics/Berry Plastics perl debug/SOM/SOMcontrol.pm line 375, <$fh> chunk 69.
No table found
WARNING MESSAGE! Use of uninitialized value $linearr[1] in pattern match (m//) at /Users/frankbraswell/Library/Mobile Documents/com~apple~CloudDocs/Business Folders/Berry Plastics/BerryPlastics/Berry Plastics perl debug/SOM/SOMcontrol.pm line 375, <$fh> chunk 70.
No table found
WARNING MESSAGE! Use of uninitialized value $linearr[1] in pattern match (m//) at /Users/frankbraswell/Library/Mobile Documents/com~apple~CloudDocs/Business Folders/Berry Plastics/BerryPlastics/Berry Plastics perl debug/SOM/SOMcontrol.pm line 375, <$fh> chunk 71.
No table found
WARNING MESSAGE! Use of uninitialized value $linearr[1] in pattern match (m//) at /Users/frankbraswell/Library/Mobile Documents/com~apple~CloudDocs/Business Folders/Berry Plastics/BerryPlastics/Berry Plastics perl debug/SOM/SOMcontrol.pm line 375, <$fh> chunk 72.
No table found
WARNING MESSAGE! Use of uninitialized value $linearr[1] in pattern match (m//) at /Users/frankbraswell/Library/Mobile Documents/com~apple~CloudDocs/Business Folders/Berry Plastics/BerryPlastics/Berry Plastics perl debug/SOM/SOMcontrol.pm line 375, <$fh> chunk 73.
No table found
WARNING MESSAGE! Use of uninitialized value $linearr[1] in pattern match (m//) at /Users/frankbraswell/Library/Mobile Documents/com~apple~CloudDocs/Business Folders/Berry Plastics/BerryPlastics/Berry Plastics perl debug/SOM/SOMcontrol.pm line 375, <$fh> chunk 74.
No table found
WARNING MESSAGE! Use of uninitialized value $linearr[1] in pattern match (m//) at /Users/frankbraswell/Library/Mobile Documents/com~apple~CloudDocs/Business Folders/Berry Plastics/BerryPlastics/Berry Plastics perl debug/SOM/SOMcontrol.pm line 375, <$fh> chunk 75.
No table found
WARNING MESSAGE! Use of uninitialized value $linearr[1] in pattern match (m//) at /Users/frankbraswell/Library/Mobile Documents/com~apple~CloudDocs/Business Folders/Berry Plastics/BerryPlastics/Berry Plastics perl debug/SOM/SOMcontrol.pm line 375, <$fh> chunk 76.
No table found
WARNING MESSAGE! Use of uninitialized value $linearr[1] in pattern match (m//) at /Users/frankbraswell/Library/Mobile Documents/com~apple~CloudDocs/Business Folders/Berry Plastics/BerryPlastics/Berry Plastics perl debug/SOM/SOMcontrol.pm line 375, <$fh> chunk 77.
No table found
WARNING MESSAGE! Use of uninitialized value $linearr[1] in pattern match (m//) at /Users/frankbraswell/Library/Mobile Documents/com~apple~CloudDocs/Business Folders/Berry Plastics/BerryPlastics/Berry Plastics perl debug/SOM/SOMcontrol.pm line 375, <$fh> chunk 78.
No table found
WARNING MESSAGE! Use of uninitialized value $linearr[1] in pattern match (m//) at /Users/frankbraswell/Library/Mobile Documents/com~apple~CloudDocs/Business Folders/Berry Plastics/BerryPlastics/Berry Plastics perl debug/SOM/SOMcontrol.pm line 375, <$fh> chunk 79.
No table found
WARNING MESSAGE! Use of uninitialized value $linearr[1] in pattern match (m//) at /Users/frankbraswell/Library/Mobile Documents/com~apple~CloudDocs/Business Folders/Berry Plastics/BerryPlastics/Berry Plastics perl debug/SOM/SOMcontrol.pm line 375, <$fh> chunk 80.
No table found
WARNING MESSAGE! Use of uninitialized value $linearr[1] in pattern match (m//) at /Users/frankbraswell/Library/Mobile Documents/com~apple~CloudDocs/Business Folders/Berry Plastics/BerryPlastics/Berry Plastics perl debug/SOM/SOMcontrol.pm line 375, <$fh> chunk 81.
No table found
WARNING MESSAGE! Use of uninitialized value $linearr[1] in pattern match (m//) at /Users/frankbraswell/Library/Mobile Documents/com~apple~CloudDocs/Business Folders/Berry Plastics/BerryPlastics/Berry Plastics perl debug/SOM/SOMcontrol.pm line 375, <$fh> chunk 82.
No table found
WARNING MESSAGE! Use of uninitialized value $linearr[1] in pattern match (m//) at /Users/frankbraswell/Library/Mobile Documents/com~apple~CloudDocs/Business Folders/Berry Plastics/BerryPlastics/Berry Plastics perl debug/SOM/SOMcontrol.pm line 375, <$fh> chunk 83.
No table found
WARNING MESSAGE! Use of uninitialized value $linearr[1] in pattern match (m//) at /Users/frankbraswell/Library/Mobile Documents/com~apple~CloudDocs/Business Folders/Berry Plastics/BerryPlastics/Berry Plastics perl debug/SOM/SOMcontrol.pm line 375, <$fh> chunk 84.
No table found
WARNING MESSAGE! Use of uninitialized value $linearr[1] in pattern match (m//) at /Users/frankbraswell/Library/Mobile Documents/com~apple~CloudDocs/Business Folders/Berry Plastics/BerryPlastics/Berry Plastics perl debug/SOM/SOMcontrol.pm line 375, <$fh> chunk 85.
No table found
WARNING MESSAGE! Use of uninitialized value $linearr[1] in pattern match (m//) at /Users/frankbraswell/Library/Mobile Documents/com~apple~CloudDocs/Business Folders/Berry Plastics/BerryPlastics/Berry Plastics perl debug/SOM/SOMcontrol.pm line 375, <$fh> chunk 86.
No table found
WARNING MESSAGE! Use of uninitialized value $linearr[1] in pattern match (m//) at /Users/frankbraswell/Library/Mobile Documents/com~apple~CloudDocs/Business Folders/Berry Plastics/BerryPlastics/Berry Plastics perl debug/SOM/SOMcontrol.pm line 375, <$fh> chunk 87.
No table found
WARNING MESSAGE! Use of uninitialized value $linearr[1] in pattern match (m//) at /Users/frankbraswell/Library/Mobile Documents/com~apple~CloudDocs/Business Folders/Berry Plastics/BerryPlastics/Berry Plastics perl debug/SOM/SOMcontrol.pm line 375, <$fh> chunk 88.
No table found
WARNING MESSAGE! Use of uninitialized value $linearr[1] in pattern match (m//) at /Users/frankbraswell/Library/Mobile Documents/com~apple~CloudDocs/Business Folders/Berry Plastics/BerryPlastics/Berry Plastics perl debug/SOM/SOMcontrol.pm line 375, <$fh> chunk 89.
No table found
Input file: /Users/frankbraswell/Library/Mobile Documents/com~apple~CloudDocs/Business Folders/Berry Plastics/Berry Test Files/Berry Update Dec 2016/Test Files Dec 2016/T30304LW Parameter chart.txt
No table found
Parse parameter table
WARNING MESSAGE! Use of uninitialized value $linearr[1] in hash element at /Users/frankbraswell/Library/Mobile Documents/com~apple~CloudDocs/Business Folders/Berry Plastics/BerryPlastics/Berry Plastics perl debug/SOM/SOMcontrol.pm line 700, <$fh> chunk 93.
Parameter table from: parametertable
line: 1 = val: .			key: 
line: 2 = val: 0.15			key: Column Space (inches)
line: 3 = val: T30304LW			key: Container Part Number
line: 4 = val: HYMAN			key: Customer Name
line: 5 = val: Black			key: Header Horizontal Line Color
line: 6 = val: 1.5			key: Header Horizontal Line Weight (points)
line: 7 = val: Black			key: Horizontal Line Color
line: 8 = val: .75			key: Horizontal Line Weight (points)
line: 9 = val: H1305709			key: Job Number
line: 10 = val: Helvetica-Bold			key: Measurement Chart Font
line: 11 = val: Black			key: Measurement Chart Font Color
line: 12 = val: 7			key: Measurement Chart Font Size (points)
line: 13 = val: 0.9375			key: Measurement Chart Height (inches)
line: 14 = val: Right			key: Measurement Chart Location (on Right or on Left)
line: 15 = val: 0.75			key: Measurement Chart Width (inches)
line: 16 = val: Bill			key: Operator Name
line: 17 = val: 0.9375			key: Ratio Chart Height (inches)
line: 18 = val: 0.125			key: Ratio Chart Top Offset (inches)
line: 19 = val: 0.2			key: Ratio Chart Width (inches)
line: 20 = val: Helvetica-Condensed-Bold			key: Ratio Column Font
line: 21 = val: Black			key: Ratio Column Font Color
line: 22 = val: 6			key: Ratio Column Font Size (points)
line: 23 = val: Helvetica-Condensed-Bold			key: Ratio Header Font
line: 24 = val: Black			key: Ratio Header Font Color
line: 25 = val: 8			key: Ratio Header Font Size (points)
line: 26 = val: 0.125			key: Ratio Header Height (inches)
line: 27 = val: Below			key: Ratio Number Location (Above or Below)
line: 28 = val: Black			key: Vertical Line Color Inside
line: 29 = val: Black			key: Vertical Line Color Outside
line: 30 = val: .75			key: Vertical Line Weight Inside (points)
line: 31 = val: 1.5			key: Vertical Line Weight Outside (points)
End parameter table from paramtableprint
++Color and Font Check.
-color param: Header Horizontal Line Color = Black --Exists in process colors hash.
-color param: Horizontal Line Color = Black --Exists in process colors hash.
-color param: Measurement Chart Font Color = Black --Exists in process colors hash.
-color param: Ratio Column Font Color = Black --Exists in process colors hash.
-color param: Ratio Header Font Color = Black --Exists in process colors hash.
-color param: Vertical Line Color Inside = Black --Exists in process colors hash.
-color param: Vertical Line Color Outside = Black --Exists in process colors hash.
-font param: Measurement Chart Font = Helvetica-Bold **WARNING** The font: Helvetica-Bold is not in the font list. Please add it to the list of fonts and try again.
-font param: Ratio Column Font = Helvetica-Condensed-Bold **WARNING** The font: Helvetica-Condensed-Bold is not in the font list. Please add it to the list of fonts and try again.
-font param: Ratio Header Font = Helvetica-Condensed-Bold **WARNING** The font: Helvetica-Condensed-Bold is not in the font list. Please add it to the list of fonts and try again.
FATAL ERROR MESSAGE! Conversion table doesn't exist
