
------Berry Plastics RatioCompiler Version 1.5 
Date: 1/28/2017, Time: 21:57:32
=Process Color: Black
=Process Color: Cyan
=Process Color: Magenta
=Process Color: Yellow
Input file: /Users/frankbraswell/Library/Mobile Documents/com~apple~CloudDocs/Business Folders/Berry Plastics/Berry Test Files/Bug Test 5-29-13/SOM Test/Ratio Files/H1080696/Reference/H1080696 Ratio Chart.txt
No table found
No table found
No table found
Parse ratio tables
Ratio table from: table00
row 0: 	|	2|	1|	10%|
row 1: 	1|	30|	45|	48|
row 2: 	2|	60|	90|	96|
row 3: 	3|	90|	135|	144|
row 4: 	4|	120|	180|	192|
row 5: 	5|	150|	225|	240|
row 6: 	6|	180|	270|	288|
End Ratio table from tableprint 
Ratio table from: table01
row 0: 	|	3|	1|	1|	1|
row 1: 	1|	30|	40|	50|	60|
row 2: 	2|	60|	80|	100|	120|
row 3: 	3|	90|	120|	150|	180|
row 4: 	4|	120|	160|	200|	240|
row 5: 	5|	150|	200|	250|	300|
End Ratio table from tableprint 
Ratio table from: table02
row 0: 	|	3|	2|	1|
row 1: 	1|	30|	50|	60|
row 2: 	2|	60|	100|	120|
row 3: 	3|	90|	150|	180|
row 4: 	4|	120|	200|	240|
row 5: 	5|	150|	250|	300|
End Ratio table from tableprint 
Ratio table from: table03
row 0: 	|	4|	1|	1|
row 1: 	1|	32|	40|	48|
row 2: 	2|	64|	80|	96|
row 3: 	3|	96|	120|	144|
row 4: 	4|	128|	160|	192|
row 5: 	5|	160|	200|	240|
row 6: 	6|	192|	240|	288|
End Ratio table from tableprint 
Ratio table from: table04
row 0: 	|	4|	1|	2|
row 1: 	1|	32|	40|	56|
row 2: 	2|	64|	80|	112|
row 3: 	3|	96|	120|	168|
row 4: 	4|	128|	160|	224|
row 5: 	5|	160|	200|	280|
End Ratio table from tableprint 
Ratio table from: table05
row 0: 	Parts|	dummy|
row 1: 	1|	30|
row 2: 	2|	60|
row 3: 	3|	90|
row 4: 	4|	120|
row 5: 	5|	150|
row 6: 	6|	180|
row 7: 	7|	210|
row 8: 	8|	240|
row 9: 	9|	270|
row 10: 	10|	300|
End Ratio table from tableprint 
Ratio table from: table06
row 0: 	Ounces|	dummy|
row 1: 	2|	59.1|
row 2: 	3|	88.7|
row 3: 	4|	118.3|
row 4: 	5|	147.9|
row 5: 	6|	177.4|
row 6: 	7|	207.0|
row 7: 	8|	236.6|
row 8: 	9|	266.1|
row 9: 	10|	295.7|
row 10: 	11|	325.3|
End Ratio table from tableprint 
Ratio table from: table07
row 0: 	mL|
row 1: 	50|
row 2: 	75|
row 3: 	100|
row 4: 	125|
row 5: 	150|
row 6: 	175|
row 7: 	200|
row 8: 	225|
row 9: 	250|
row 10: 	275|
row 11: 	300|
End Ratio table from tableprint 
Input file: /Users/frankbraswell/Library/Mobile Documents/com~apple~CloudDocs/Business Folders/Berry Plastics/Berry Test Files/Bug Test 5-29-13/SOM Test/Ratio Files/H1080696/Reference/H1080696 Conversion Chart.txt
Parse conversion table
Input file: /Users/frankbraswell/Library/Mobile Documents/com~apple~CloudDocs/Business Folders/Berry Plastics/Berry Test Files/Bug Test 5-29-13/SOM Test/Ratio Files/H1080696/Reference/T30915CP Parameter chart.txt
No table found
Parse parameter table
WARNING MESSAGE! Use of uninitialized value $linearr[1] in hash element at /Users/frankbraswell/Library/Mobile Documents/com~apple~CloudDocs/Business Folders/Berry Plastics/BerryPlastics/Berry Plastics perl debug/SOM/SOMcontrol.pm line 700, <$fh> chunk 235.
Parameter table from: parametertable
line: 1 = val: .			key: 
line: 2 = val: 0.15			key: Column Space (inches)
line: 3 = val: T30915CP			key: Container Part Number
line: 4 = val: Hyman			key: Customer Name
line: 5 = val: Black			key: Header Horizontal Line Color
line: 6 = val: 1			key: Header Horizontal Line Weight (points)
line: 7 = val: Black			key: Horizontal Line Color
line: 8 = val: 1			key: Horizontal Line Weight (points)
line: 9 = val: H444444_9108			key: Job Number
line: 10 = val: Helvetica-Bold			key: Measurement Chart Font
line: 11 = val: Black			key: Measurement Chart Font Color
line: 12 = val: 8			key: Measurement Chart Font Size (points)
line: 13 = val: 2.5625			key: Measurement Chart Height (inches)
line: 14 = val: Right			key: Measurement Chart Location (on Right or on Left)
line: 15 = val: 0.75			key: Measurement Chart Width (inches)
line: 16 = val: Kim			key: Operator Name
line: 17 = val: 2.5625			key: Ratio Chart Height (inches)
line: 18 = val: 0.1875			key: Ratio Chart Top Offset (inches)
line: 19 = val: 0.2			key: Ratio Chart Width (inches)
line: 20 = val: Helvetica-Bold			key: Ratio Column Font
line: 21 = val: Black			key: Ratio Column Font Color
line: 22 = val: 8			key: Ratio Column Font Size (points)
line: 23 = val: Helvetica-Condensed-Bold			key: Ratio Header Font
line: 24 = val: Black			key: Ratio Header Font Color
line: 25 = val: 11			key: Ratio Header Font Size (points)
line: 26 = val: 0.1875			key: Ratio Header Height (inches)
line: 27 = val: Below			key: Ratio Number Location (Above or Below)
line: 28 = val: Black			key: Vertical Line Color Inside
line: 29 = val: Black			key: Vertical Line Color Outside
line: 30 = val: 1			key: Vertical Line Weight Inside (points)
line: 31 = val: 2			key: Vertical Line Weight Outside (points)
End parameter table from paramtableprint
++Color and Font Check.
-color param: Header Horizontal Line Color = Black --Exists in process colors hash.
-color param: Horizontal Line Color = Black --Exists in process colors hash.
-color param: Measurement Chart Font Color = Black --Exists in process colors hash.
-color param: Ratio Column Font Color = Black --Exists in process colors hash.
-color param: Ratio Header Font Color = Black --Exists in process colors hash.
-color param: Vertical Line Color Inside = Black --Exists in process colors hash.
-color param: Vertical Line Color Outside = Black --Exists in process colors hash.
-font param: Measurement Chart Font = Helvetica-Bold **WARNING** The font: Helvetica-Bold is not in the font list. Please add it to the list of fonts and try again.
-font param: Ratio Column Font = Helvetica-Bold **WARNING** The font: Helvetica-Bold is not in the font list. Please add it to the list of fonts and try again.
-font param: Ratio Header Font = Helvetica-Condensed-Bold **WARNING** The font: Helvetica-Condensed-Bold is not in the font list. Please add it to the list of fonts and try again.
New file name: /Users/frankbraswell/Library/Mobile Documents/com~apple~CloudDocs/Business Folders/Berry Plastics/Berry Test Files/Bug Test 5-29-13/SOM Test/Ratio Files/H1080696/Reference/H1080696 Ratio Chart.eps
