WARNING MESSAGE! Possible unintended interpolation of @linearr in string at /Users/frankbraswell/Library/Mobile Documents/com~apple~CloudDocs/Business Folders/Berry Plastics/BerryPlastics/Berry Plastics perl debug/SOM/SOMcontrol.pm line 236.
WARNING MESSAGE! Possible unintended interpolation of @coltemplate in string at /Users/frankbraswell/Library/Mobile Documents/com~apple~CloudDocs/Business Folders/Berry Plastics/BerryPlastics/Berry Plastics perl debug/SOM/SOMcontrol.pm line 236.
WARNING MESSAGE! Possible unintended interpolation of @tableobjects in string at /Users/frankbraswell/Library/Mobile Documents/com~apple~CloudDocs/Business Folders/Berry Plastics/BerryPlastics/Berry Plastics perl debug/SOM/SOMcontrol.pm line 236.
WARNING MESSAGE! Possible unintended interpolation of @linearr in string at /Users/frankbraswell/Library/Mobile Documents/com~apple~CloudDocs/Business Folders/Berry Plastics/BerryPlastics/Berry Plastics perl debug/SOM/SOMcontrol.pm line 236.
WARNING MESSAGE! Backslash found where operator expected at /Users/frankbraswell/Library/Mobile Documents/com~apple~CloudDocs/Business Folders/Berry Plastics/BerryPlastics/Berry Plastics perl debug/SOM/SOMcontrol.pm line 251, near "@linearr = split "\"
  (Might be a runaway multi-line "" string starting on line 236)
FATAL ERROR MESSAGE! Global symbol "$prevloc" requires explicit package name at /Users/frankbraswell/Library/Mobile Documents/com~apple~CloudDocs/Business Folders/Berry Plastics/BerryPlastics/Berry Plastics perl debug/SOM/SOMcontrol.pm line 236.
Global symbol "$partnum" requires explicit package name at /Users/frankbraswell/Library/Mobile Documents/com~apple~CloudDocs/Business Folders/Berry Plastics/BerryPlastics/Berry Plastics perl debug/SOM/SOMcontrol.pm line 236.
Global symbol "$charttype" requires explicit package name at /Users/frankbraswell/Library/Mobile Documents/com~apple~CloudDocs/Business Folders/Berry Plastics/BerryPlastics/Berry Plastics perl debug/SOM/SOMcontrol.pm line 236.
Global symbol "@linearr" requires explicit package name at /Users/frankbraswell/Library/Mobile Documents/com~apple~CloudDocs/Business Folders/Berry Plastics/BerryPlastics/Berry Plastics perl debug/SOM/SOMcontrol.pm line 236.
Global symbol "$col" requires explicit package name at /Users/frankbraswell/Library/Mobile Documents/com~apple~CloudDocs/Business Folders/Berry Plastics/BerryPlastics/Berry Plastics perl debug/SOM/SOMcontrol.pm line 236.
Global symbol "$linenum" requires explicit package name at /Users/frankbraswell/Library/Mobile Documents/com~apple~CloudDocs/Business Folders/Berry Plastics/BerryPlastics/Berry Plastics perl debug/SOM/SOMcontrol.pm line 236.
Global symbol "@coltemplate" requires explicit package name at /Users/frankbraswell/Library/Mobile Documents/com~apple~CloudDocs/Business Folders/Berry Plastics/BerryPlastics/Berry Plastics perl debug/SOM/SOMcontrol.pm line 236.
Global symbol "@tableobjects" requires explicit package name at /Users/frankbraswell/Library/Mobile Documents/com~apple~CloudDocs/Business Folders/Berry Plastics/BerryPlastics/Berry Plastics perl debug/SOM/SOMcontrol.pm line 236.
Global symbol "$linenum" requires explicit package name at /Users/frankbraswell/Library/Mobile Documents/com~apple~CloudDocs/Business Folders/Berry Plastics/BerryPlastics/Berry Plastics perl debug/SOM/SOMcontrol.pm line 236.
Global symbol "@linearr" requires explicit package name at /Users/frankbraswell/Library/Mobile Documents/com~apple~CloudDocs/Business Folders/Berry Plastics/BerryPlastics/Berry Plastics perl debug/SOM/SOMcontrol.pm line 236.
/Users/frankbraswell/Library/Mobile Documents/com~apple~CloudDocs/Business Folders/Berry Plastics/BerryPlastics/Berry Plastics perl debug/SOM/SOMcontrol.pm has too many errors.
FATAL ERROR MESSAGE! Global symbol "$prevloc" requires explicit package name at /Users/frankbraswell/Library/Mobile Documents/com~apple~CloudDocs/Business Folders/Berry Plastics/BerryPlastics/Berry Plastics perl debug/SOM/SOMcontrol.pm line 236.
Global symbol "$partnum" requires explicit package name at /Users/frankbraswell/Library/Mobile Documents/com~apple~CloudDocs/Business Folders/Berry Plastics/BerryPlastics/Berry Plastics perl debug/SOM/SOMcontrol.pm line 236.
Global symbol "$charttype" requires explicit package name at /Users/frankbraswell/Library/Mobile Documents/com~apple~CloudDocs/Business Folders/Berry Plastics/BerryPlastics/Berry Plastics perl debug/SOM/SOMcontrol.pm line 236.
Global symbol "@linearr" requires explicit package name at /Users/frankbraswell/Library/Mobile Documents/com~apple~CloudDocs/Business Folders/Berry Plastics/BerryPlastics/Berry Plastics perl debug/SOM/SOMcontrol.pm line 236.
Global symbol "$col" requires explicit package name at /Users/frankbraswell/Library/Mobile Documents/com~apple~CloudDocs/Business Folders/Berry Plastics/BerryPlastics/Berry Plastics perl debug/SOM/SOMcontrol.pm line 236.
Global symbol "$linenum" requires explicit package name at /Users/frankbraswell/Library/Mobile Documents/com~apple~CloudDocs/Business Folders/Berry Plastics/BerryPlastics/Berry Plastics perl debug/SOM/SOMcontrol.pm line 236.
Global symbol "@coltemplate" requires explicit package name at /Users/frankbraswell/Library/Mobile Documents/com~apple~CloudDocs/Business Folders/Berry Plastics/BerryPlastics/Berry Plastics perl debug/SOM/SOMcontrol.pm line 236.
Global symbol "@tableobjects" requires explicit package name at /Users/frankbraswell/Library/Mobile Documents/com~apple~CloudDocs/Business Folders/Berry Plastics/BerryPlastics/Berry Plastics perl debug/SOM/SOMcontrol.pm line 236.
Global symbol "$linenum" requires explicit package name at /Users/frankbraswell/Library/Mobile Documents/com~apple~CloudDocs/Business Folders/Berry Plastics/BerryPlastics/Berry Plastics perl debug/SOM/SOMcontrol.pm line 236.
Global symbol "@linearr" requires explicit package name at /Users/frankbraswell/Library/Mobile Documents/com~apple~CloudDocs/Business Folders/Berry Plastics/BerryPlastics/Berry Plastics perl debug/SOM/SOMcontrol.pm line 236.
/Users/frankbraswell/Library/Mobile Documents/com~apple~CloudDocs/Business Folders/Berry Plastics/BerryPlastics/Berry Plastics perl debug/SOM/SOMcontrol.pm has too many errors.
Compilation failed in require at /Users/frankbraswell/Library/Mobile Documents/com~apple~CloudDocs/Business Folders/Berry Plastics/BerryPlastics/Berry Plastics perl debug/runprog.pl line 29.
FATAL ERROR MESSAGE! Global symbol "$prevloc" requires explicit package name at /Users/frankbraswell/Library/Mobile Documents/com~apple~CloudDocs/Business Folders/Berry Plastics/BerryPlastics/Berry Plastics perl debug/SOM/SOMcontrol.pm line 236.
Global symbol "$partnum" requires explicit package name at /Users/frankbraswell/Library/Mobile Documents/com~apple~CloudDocs/Business Folders/Berry Plastics/BerryPlastics/Berry Plastics perl debug/SOM/SOMcontrol.pm line 236.
Global symbol "$charttype" requires explicit package name at /Users/frankbraswell/Library/Mobile Documents/com~apple~CloudDocs/Business Folders/Berry Plastics/BerryPlastics/Berry Plastics perl debug/SOM/SOMcontrol.pm line 236.
Global symbol "@linearr" requires explicit package name at /Users/frankbraswell/Library/Mobile Documents/com~apple~CloudDocs/Business Folders/Berry Plastics/BerryPlastics/Berry Plastics perl debug/SOM/SOMcontrol.pm line 236.
Global symbol "$col" requires explicit package name at /Users/frankbraswell/Library/Mobile Documents/com~apple~CloudDocs/Business Folders/Berry Plastics/BerryPlastics/Berry Plastics perl debug/SOM/SOMcontrol.pm line 236.
Global symbol "$linenum" requires explicit package name at /Users/frankbraswell/Library/Mobile Documents/com~apple~CloudDocs/Business Folders/Berry Plastics/BerryPlastics/Berry Plastics perl debug/SOM/SOMcontrol.pm line 236.
Global symbol "@coltemplate" requires explicit package name at /Users/frankbraswell/Library/Mobile Documents/com~apple~CloudDocs/Business Folders/Berry Plastics/BerryPlastics/Berry Plastics perl debug/SOM/SOMcontrol.pm line 236.
Global symbol "@tableobjects" requires explicit package name at /Users/frankbraswell/Library/Mobile Documents/com~apple~CloudDocs/Business Folders/Berry Plastics/BerryPlastics/Berry Plastics perl debug/SOM/SOMcontrol.pm line 236.
Global symbol "$linenum" requires explicit package name at /Users/frankbraswell/Library/Mobile Documents/com~apple~CloudDocs/Business Folders/Berry Plastics/BerryPlastics/Berry Plastics perl debug/SOM/SOMcontrol.pm line 236.
Global symbol "@linearr" requires explicit package name at /Users/frankbraswell/Library/Mobile Documents/com~apple~CloudDocs/Business Folders/Berry Plastics/BerryPlastics/Berry Plastics perl debug/SOM/SOMcontrol.pm line 236.
/Users/frankbraswell/Library/Mobile Documents/com~apple~CloudDocs/Business Folders/Berry Plastics/BerryPlastics/Berry Plastics perl debug/SOM/SOMcontrol.pm has too many errors.
Compilation failed in require at /Users/frankbraswell/Library/Mobile Documents/com~apple~CloudDocs/Business Folders/Berry Plastics/BerryPlastics/Berry Plastics perl debug/runprog.pl line 29.
BEGIN failed--compilation aborted at /Users/frankbraswell/Library/Mobile Documents/com~apple~CloudDocs/Business Folders/Berry Plastics/BerryPlastics/Berry Plastics perl debug/runprog.pl line 29.
