
------Berry Plastics RatioCompiler Version 2.0 
Date: 5/27/2017, Time: 05:13:31
Program path: /Users/frankbraswell/Library/Mobile Documents/com~apple~CloudDocs/Business Folders/Berry Plastics/BerryPlastics/Berry Plastics perl debug/BerryPlastics-Perl
Command line: runprog.pl
cwd Program path: /
Command line: runprog.pl
**Fonts & Colors file: Berry Fonts & Colors.eps
-Font: Courier
-Font: Helvetica
-Font: Helvetica-Black
-Font: Helvetica-Bold
-Font: Helvetica-Condensed-Bold
-Font: Helvetica-UltraCompressed
-Font: Myriad-Roman
-Font: Times-Bold
-Font: Times-Roman
=Process Color: Black
=Process Color: Cyan
=Process Color: Magenta
=Process Color: Yellow
=Spot Color: Berry Blue
=Spot Color: PANTONE 106 M
=Spot Color: PANTONE 277 M
=Spot Color: PANTONE 2925 M
=Spot Color: PANTONE 484 M
=Spot Color: PANTONE Reflex Blue CVC
Input file: /Users/frankbraswell/Library/Mobile Documents/com~apple~CloudDocs/Business Folders/Berry Plastics/Berry Test Files/Berry Update Dec 2016/Test Files Dec 2016/Test 1/1 Inch Markings-Table 1.txt
^^^^File Name: 1 Inch Markings-Table 1.txt, TXT  - Unix file LF - File Length: 490 - 160 tabs
++Parse ratio tables
line: 0; lookforheader: yes; line array: T30304LW|*|*|*|
|*|*|*|
|*|*|*|
Grams|Inches|*|*|
14.8|0.2498|*|*|
15|0.2548|*|*|
17.5|0.3172|*|*|
18|0.3240|*|*|
18.8|0.3348|*|*|
20|0.3510|*|*|
21|0.3639|*|*|
22.5|0.3833|*|*|
25|0.4177|*|*|
29.6|0.4811|*|*|
30|0.4845|*|*|
35|0.5265|*|*|
36|0.5405|*|*|
37.5|0.5615|*|*|
40|0.5964|*|*|
42|0.6158|*|*|
44.4|0.6392|*|*|
45|0.6450|*|*|
50|0.7002|*|*|
52.5|0.7274|*|*|
54|0.7437|*|*|
56.3|0.7686|*|*|
59.1|0.7990|*|*|
60|0.8146|*|*|
63|0.8664|*|*|
67.5|0.9099|*|*|
70|0.9340|*|*|
73.9|0.9717|*|*|
75|0.9823|*|*|
80|1.0461|*|*|
90|1.1188|*|*|
|*|*|*|
|*|*|*|
|*|*|*|
|*|*|*|
|
**unknown text: T30304LW****unknown text: 
****unknown text: 
****unknown text: 
Grams****unknown text: Inches****unknown text: 
****unknown text: 
****unknown text: 
****unknown text: 
**Ratio table from: table00
row 0: 	|	
14.8|	0.2498|
End Ratio table from tableprint 
Ratio table from: table01
row 0: 	|	
15|	0.2548|
End Ratio table from tableprint 
Ratio table from: table02
row 0: 	|	
17.5|	0.3172|
End Ratio table from tableprint 
Ratio table from: table03
row 0: 	|	
18|	0.3240|
End Ratio table from tableprint 
Ratio table from: table04
row 0: 	|	
18.8|	0.3348|
End Ratio table from tableprint 
Ratio table from: table05
row 0: 	|	
20|	0.3510|
End Ratio table from tableprint 
Ratio table from: table06
row 0: 	|	
21|	0.3639|
End Ratio table from tableprint 
Ratio table from: table07
row 0: 	|	
22.5|	0.3833|
End Ratio table from tableprint 
Ratio table from: table08
row 0: 	|	
25|	0.4177|
End Ratio table from tableprint 
Ratio table from: table09
row 0: 	|	
29.6|	0.4811|
End Ratio table from tableprint 
Ratio table from: table10
row 0: 	|	
30|	0.4845|
End Ratio table from tableprint 
Ratio table from: table11
row 0: 	|	
35|	0.5265|
End Ratio table from tableprint 
Ratio table from: table12
row 0: 	|	
36|	0.5405|
End Ratio table from tableprint 
Ratio table from: table13
row 0: 	|	
37.5|	0.5615|
End Ratio table from tableprint 
Ratio table from: table14
row 0: 	|	
40|	0.5964|
End Ratio table from tableprint 
Ratio table from: table15
row 0: 	|	
42|	0.6158|
End Ratio table from tableprint 
Ratio table from: table16
row 0: 	|	
44.4|	0.6392|
End Ratio table from tableprint 
Ratio table from: table17
row 0: 	|	
45|	0.6450|
End Ratio table from tableprint 
Ratio table from: table18
row 0: 	|	
50|	0.7002|
End Ratio table from tableprint 
Ratio table from: table19
row 0: 	|	
52.5|	0.7274|
End Ratio table from tableprint 
Ratio table from: table20
row 0: 	|	
54|	0.7437|
End Ratio table from tableprint 
Ratio table from: table21
row 0: 	|	
56.3|	0.7686|
End Ratio table from tableprint 
Ratio table from: table22
row 0: 	|	
59.1|	0.7990|
End Ratio table from tableprint 
Ratio table from: table23
row 0: 	|	
60|	0.8146|
End Ratio table from tableprint 
Ratio table from: table24
row 0: 	|	
63|	0.8664|
End Ratio table from tableprint 
Ratio table from: table25
row 0: 	|	
67.5|	0.9099|
End Ratio table from tableprint 
Ratio table from: table26
row 0: 	|	
70|	0.9340|
End Ratio table from tableprint 
Ratio table from: table27
row 0: 	|	
73.9|	0.9717|
End Ratio table from tableprint 
Ratio table from: table28
row 0: 	|	
75|	0.9823|
End Ratio table from tableprint 
Ratio table from: table29
row 0: 	|	
80|	1.0461|
End Ratio table from tableprint 
Ratio table from: table30
row 0: 	|	
90|	1.1188|
End Ratio table from tableprint 
Input file: /Users/frankbraswell/Library/Mobile Documents/com~apple~CloudDocs/Business Folders/Berry Plastics/Berry Test Files/Berry Update Dec 2016/Test Files Dec 2016/Test 1/2 H1080696 Ratio Chart.txt
^^^^File Name: 2 H1080696 Ratio Chart.txt, TXT  - Mac file CR - File Length: 1869 - 985 tabs
Looking for table in "2 H1080696 Ratio Chart.txt" at line 2
Looking for table in "2 H1080696 Ratio Chart.txt" at line 3
Looking for table in "2 H1080696 Ratio Chart.txt" at line 5
Looking for table in "2 H1080696 Ratio Chart.txt" at line 10
Looking for table in "2 H1080696 Ratio Chart.txt" at line 11
Looking for table in "2 H1080696 Ratio Chart.txt" at line 12
Looking for table in "2 H1080696 Ratio Chart.txt" at line 13
Looking for table in "2 H1080696 Ratio Chart.txt" at line 14
Looking for table in "2 H1080696 Ratio Chart.txt" at line 15
Looking for table in "2 H1080696 Ratio Chart.txt" at line 16
Looking for table in "2 H1080696 Ratio Chart.txt" at line 19
Looking for table in "2 H1080696 Ratio Chart.txt" at line 20
Looking for table in "2 H1080696 Ratio Chart.txt" at line 21
Looking for table in "2 H1080696 Ratio Chart.txt" at line 22
Looking for table in "2 H1080696 Ratio Chart.txt" at line 23
Looking for table in "2 H1080696 Ratio Chart.txt" at line 24
Looking for table in "2 H1080696 Ratio Chart.txt" at line 27
Looking for table in "2 H1080696 Ratio Chart.txt" at line 28
Looking for table in "2 H1080696 Ratio Chart.txt" at line 29
Looking for table in "2 H1080696 Ratio Chart.txt" at line 30
Looking for table in "2 H1080696 Ratio Chart.txt" at line 31
Looking for table in "2 H1080696 Ratio Chart.txt" at line 32
Looking for table in "2 H1080696 Ratio Chart.txt" at line 35
Looking for table in "2 H1080696 Ratio Chart.txt" at line 36
Looking for table in "2 H1080696 Ratio Chart.txt" at line 37
Looking for table in "2 H1080696 Ratio Chart.txt" at line 38
Looking for table in "2 H1080696 Ratio Chart.txt" at line 39
Looking for table in "2 H1080696 Ratio Chart.txt" at line 40
Looking for table in "2 H1080696 Ratio Chart.txt" at line 41
Looking for table in "2 H1080696 Ratio Chart.txt" at line 44
Looking for table in "2 H1080696 Ratio Chart.txt" at line 45
Looking for table in "2 H1080696 Ratio Chart.txt" at line 46
Looking for table in "2 H1080696 Ratio Chart.txt" at line 47
Looking for table in "2 H1080696 Ratio Chart.txt" at line 48
Looking for table in "2 H1080696 Ratio Chart.txt" at line 49
++Parse measurement tables
line: 0; lookforheader: yes; line array: T30915CP|
line: 1; lookforheader: yes; line array: blank line
line: 2; lookforheader: yes; line array: *|Customer:  Signed Approval means that all ratios on this spreadsheet are accurate and calculated according to customer specifications.  Any changes needed to the below ratios must be clearly marked and returned to Berry Plastics before artwork can further be processed. |
line: 3; lookforheader: yes; line array: *|Date:|*|*|*|Print #|H1080696 Hyman Auto Body Supply|
**unknown text: Date:****unknown text: Print #**line: 4; lookforheader: yes; line array: blank line
line: 5; lookforheader: yes; line array: *|Signature|
line: 6; lookforheader: yes; line array: blank line
line: 7; lookforheader: yes; line array: blank line
line: 8; lookforheader: yes; line array: blank line
line: 9; lookforheader: yes; line array: blank line
line: 10; lookforheader: yes; line array: *|2|1|10%|
line: 11; lookforheader: no; line array: 1|30|45|48|
line: 12; lookforheader: no; line array: 2|60|90|96|
line: 13; lookforheader: no; line array: 3|90|135|144|
line: 14; lookforheader: no; line array: 4|120|180|192|
line: 15; lookforheader: no; line array: 5|150|225|240|
line: 16; lookforheader: no; line array: 6|180|270|288|
line: 17; lookforheader: no; line array: blank line
line: 18; lookforheader: yes; line array: blank line
line: 19; lookforheader: yes; line array: *|3|1|1|1|
line: 20; lookforheader: no; line array: 1|30|40|50|60|
line: 21; lookforheader: no; line array: 2|60|80|100|120|
line: 22; lookforheader: no; line array: 3|90|120|150|180|
line: 23; lookforheader: no; line array: 4|120|160|200|240|
line: 24; lookforheader: no; line array: 5|150|200|250|300|
line: 25; lookforheader: no; line array: blank line
line: 26; lookforheader: yes; line array: blank line
line: 27; lookforheader: yes; line array: *|3|2|1|
line: 28; lookforheader: no; line array: 1|30|50|60|
line: 29; lookforheader: no; line array: 2|60|100|120|
line: 30; lookforheader: no; line array: 3|90|150|180|
line: 31; lookforheader: no; line array: 4|120|200|240|
line: 32; lookforheader: no; line array: 5|150|250|300|
line: 33; lookforheader: no; line array: blank line
line: 34; lookforheader: yes; line array: blank line
line: 35; lookforheader: yes; line array: *|4|1|1|
line: 36; lookforheader: no; line array: 1|32|40|48|
line: 37; lookforheader: no; line array: 2|64|80|96|
line: 38; lookforheader: no; line array: 3|96|120|144|
line: 39; lookforheader: no; line array: 4|128|160|192|
line: 40; lookforheader: no; line array: 5|160|200|240|
line: 41; lookforheader: no; line array: 6|192|240|288|
line: 42; lookforheader: no; line array: blank line
line: 43; lookforheader: yes; line array: blank line
line: 44; lookforheader: yes; line array: *|4|1|2|
line: 45; lookforheader: no; line array: 1|32|40|56|
line: 46; lookforheader: no; line array: 2|64|80|112|
line: 47; lookforheader: no; line array: 3|96|120|168|
line: 48; lookforheader: no; line array: 4|128|160|224|
line: 49; lookforheader: no; line array: 5|160|200|280|
line: 50; lookforheader: no; line array: blank line
line: 51; lookforheader: yes; line array: blank line
line: 52; lookforheader: yes; line array: Parts|*|*|Ounces|*|*|mL|
line: 53; lookforheader: no; line array: 1|30|*|2|59.1|*|50|
line: 54; lookforheader: no; line array: 2|60|*|3|88.7|*|75|
line: 55; lookforheader: no; line array: 3|90|*|4|118.3|*|100|
line: 56; lookforheader: no; line array: 4|120|*|5|147.9|*|125|
line: 57; lookforheader: no; line array: 5|150|*|6|177.4|*|150|
line: 58; lookforheader: no; line array: 6|180|*|7|207.0|*|175|
line: 59; lookforheader: no; line array: 7|210|*|8|236.6|*|200|
line: 60; lookforheader: no; line array: 8|240|*|9|266.1|*|225|
line: 61; lookforheader: no; line array: 9|270|*|10|295.7|*|250|
line: 62; lookforheader: no; line array: 10|300|*|11|325.3|*|275|
line: 63; lookforheader: no; line array: *|*|*|*|*|*|300|
line: 64; lookforheader: yes; line array: blank line
line: 65; lookforheader: yes; line array: blank line
line: 66; lookforheader: yes; line array: blank line
line: 67; lookforheader: yes; line array: blank line
line: 68; lookforheader: yes; line array: blank line
line: 69; lookforheader: yes; line array: blank line
line: 70; lookforheader: yes; line array: blank line
line: 71; lookforheader: yes; line array: blank line
line: 72; lookforheader: yes; line array: blank line
line: 73; lookforheader: yes; line array: blank line
line: 74; lookforheader: yes; line array: blank line
line: 75; lookforheader: yes; line array: blank line
line: 76; lookforheader: yes; line array: blank line
line: 77; lookforheader: yes; line array: blank line
line: 78; lookforheader: yes; line array: blank line
line: 79; lookforheader: yes; line array: blank line
line: 80; lookforheader: yes; line array: blank line
line: 81; lookforheader: yes; line array: blank line
line: 82; lookforheader: yes; line array: blank line
line: 83; lookforheader: yes; line array: blank line
line: 84; lookforheader: yes; line array: blank line
line: 85; lookforheader: yes; line array: blank line
line: 86; lookforheader: yes; line array: blank line
line: 87; lookforheader: yes; line array: blank line
line: 88; lookforheader: yes; line array: blank line
line: 89; lookforheader: yes; line array: blank line
line: 90; lookforheader: yes; line array: blank line
line: 91; lookforheader: yes; line array: blank line
line: 92; lookforheader: yes; line array: blank line
line: 93; lookforheader: yes; line array: blank line
line: 94; lookforheader: yes; line array: blank line
line: 95; lookforheader: yes; line array: blank line
line: 96; lookforheader: yes; line array: blank line
line: 97; lookforheader: yes; line array: blank line
line: 98; lookforheader: yes; line array: blank line
line: 99; lookforheader: yes; line array: blank line
line: 100; lookforheader: yes; line array: blank line
line: 101; lookforheader: yes; line array: blank line
line: 102; lookforheader: yes; line array: blank line
line: 103; lookforheader: yes; line array: blank line
line: 104; lookforheader: yes; line array: blank line
line: 105; lookforheader: yes; line array: blank line
line: 106; lookforheader: yes; line array: blank line
line: 107; lookforheader: yes; line array: blank line
line: 108; lookforheader: yes; line array: blank line
line: 109; lookforheader: yes; line array: blank line
line: 110; lookforheader: yes; line array: blank line
line: 111; lookforheader: yes; line array: blank line
line: 112; lookforheader: yes; line array: blank line
line: 113; lookforheader: yes; line array: blank line
line: 114; lookforheader: yes; line array: blank line
line: 115; lookforheader: yes; line array: blank line
line: 116; lookforheader: yes; line array: blank line
line: 117; lookforheader: yes; line array: blank line
line: 118; lookforheader: yes; line array: blank line
line: 119; lookforheader: yes; line array: blank line
line: 120; lookforheader: yes; line array: blank line
line: 121; lookforheader: yes; line array: blank line
line: 122; lookforheader: yes; line array: blank line
line: 123; lookforheader: yes; line array: blank line
line: 124; lookforheader: yes; line array: blank line
line: 125; lookforheader: yes; line array: blank line
line: 126; lookforheader: yes; line array: blank line
line: 127; lookforheader: yes; line array: blank line
line: 128; lookforheader: yes; line array: blank line
line: 129; lookforheader: yes; line array: blank line
line: 130; lookforheader: yes; line array: blank line
line: 131; lookforheader: yes; line array: blank line
line: 132; lookforheader: yes; line array: blank line
line: 133; lookforheader: yes; line array: blank line
line: 134; lookforheader: yes; line array: blank line
line: 135; lookforheader: yes; line array: blank line
line: 136; lookforheader: yes; line array: blank line
line: 137; lookforheader: yes; line array: blank line
line: 138; lookforheader: yes; line array: blank line
line: 139; lookforheader: yes; line array: blank line
line: 140; lookforheader: yes; line array: blank line
line: 141; lookforheader: yes; line array: blank line
Ratio table from: table00
row 0: 	|	2|	1|	10%|
row 1: 	1|	30|	45|	48|
row 2: 	2|	60|	90|	96|
row 3: 	3|	90|	135|	144|
row 4: 	4|	120|	180|	192|
row 5: 	5|	150|	225|	240|
row 6: 	6|	180|	270|	288|
End Ratio table from tableprint 
Ratio table from: table01
row 0: 	|	3|	1|	1|	1|
row 1: 	1|	30|	40|	50|	60|
row 2: 	2|	60|	80|	100|	120|
row 3: 	3|	90|	120|	150|	180|
row 4: 	4|	120|	160|	200|	240|
row 5: 	5|	150|	200|	250|	300|
End Ratio table from tableprint 
Ratio table from: table02
row 0: 	|	3|	2|	1|
row 1: 	1|	30|	50|	60|
row 2: 	2|	60|	100|	120|
row 3: 	3|	90|	150|	180|
row 4: 	4|	120|	200|	240|
row 5: 	5|	150|	250|	300|
End Ratio table from tableprint 
Ratio table from: table03
row 0: 	|	4|	1|	1|
row 1: 	1|	32|	40|	48|
row 2: 	2|	64|	80|	96|
row 3: 	3|	96|	120|	144|
row 4: 	4|	128|	160|	192|
row 5: 	5|	160|	200|	240|
row 6: 	6|	192|	240|	288|
End Ratio table from tableprint 
Ratio table from: table04
row 0: 	|	4|	1|	2|
row 1: 	1|	32|	40|	56|
row 2: 	2|	64|	80|	112|
row 3: 	3|	96|	120|	168|
row 4: 	4|	128|	160|	224|
row 5: 	5|	160|	200|	280|
End Ratio table from tableprint 
Ratio table from: table05
row 0: 	Parts|	 |
row 1: 	1|	30|
row 2: 	2|	60|
row 3: 	3|	90|
row 4: 	4|	120|
row 5: 	5|	150|
row 6: 	6|	180|
row 7: 	7|	210|
row 8: 	8|	240|
row 9: 	9|	270|
row 10: 	10|	300|
End Ratio table from tableprint 
Ratio table from: table06
row 0: 	Ounces|	 |
row 1: 	2|	59.1|
row 2: 	3|	88.7|
row 3: 	4|	118.3|
row 4: 	5|	147.9|
row 5: 	6|	177.4|
row 6: 	7|	207.0|
row 7: 	8|	236.6|
row 8: 	9|	266.1|
row 9: 	10|	295.7|
row 10: 	11|	325.3|
End Ratio table from tableprint 
Ratio table from: table07
row 0: 	mL|
row 1: 	50|
row 2: 	75|
row 3: 	100|
row 4: 	125|
row 5: 	150|
row 6: 	175|
row 7: 	200|
row 8: 	225|
row 9: 	250|
row 10: 	275|
row 11: 	300|
End Ratio table from tableprint 
Input file: /Users/frankbraswell/Library/Mobile Documents/com~apple~CloudDocs/Business Folders/Berry Plastics/Berry Test Files/Berry Update Dec 2016/Test Files Dec 2016/Test 1/3 T30304LW Parameter chart.txt
^^^^File Name: 3 T30304LW Parameter chart.txt, TXT  - Unix file LF - File Length: 1150 - 34 tabs
Looking for table in "3 T30304LW Parameter chart.txt" at line 0
++Build EPS file
FATAL ERROR MESSAGE! Conversion table doesn't exist
