
------Berry Plastics RatioCompiler Version 2.0 
Date: 5/31/2017, Time: 13:22:21
Program path: /Users/frankbraswell/Library/Mobile Documents/com~apple~CloudDocs/Business Folders/Berry Plastics/BerryPlastics/Berry Plastics perl debug/BerryPlastics-Perl
Command line: runprog.pl
cwd Program path: /
Command line: runprog.pl
**Fonts & Colors file: Berry Fonts & Colors.eps
-Font: Courier
-Font: Helvetica
-Font: Helvetica-Black
-Font: Helvetica-Bold
-Font: Helvetica-Condensed-Bold
-Font: Helvetica-UltraCompressed
-Font: Myriad-Roman
-Font: Times-Bold
-Font: Times-Roman
=Process Color: Black
=Process Color: Cyan
=Process Color: Magenta
=Process Color: Yellow
=Spot Color: Berry Blue
=Spot Color: PANTONE 106 M
=Spot Color: PANTONE 277 M
=Spot Color: PANTONE 2925 M
=Spot Color: PANTONE 484 M
=Spot Color: PANTONE Reflex Blue CVC
Input file: /Users/frankbraswell/Library/Mobile Documents/com~apple~CloudDocs/Business Folders/Berry Plastics/Berry Test Files/B1466721 folder Bug test 5-20-17/B1466721 Ratio Chart.txt
^^^^File Name: B1466721 Ratio Chart.txt, TXT  - Mac file CR - File Length: 569 - 171 tabs
Looking for table in "B1466721 Ratio Chart.txt" at line 2
Looking for table in "B1466721 Ratio Chart.txt" at line 3
Looking for table in "B1466721 Ratio Chart.txt" at line 5
----values found:  and 4
--found ratio on line: 	4	3	1	
++Parse ratio tables
line: 0; lookforheader: yes; line array: S40232-2|
line: 1; lookforheader: yes; line array: blank line
line: 2; lookforheader: yes; line array: *|Customer:  Signed Approval means that all ratios on this spreadsheet are accurate and calculated according to customer specifications.  Any changes needed to the below ratios must be clearly marked and returned to Berry Global before artwork can further be processed. |
line: 3; lookforheader: yes; line array: *|Date:|*|*|*|Print #|BASF Serifel 32oz|
line: 4; lookforheader: yes; line array: blank line
line: 5; lookforheader: yes; line array: *|Signature|
line: 6; lookforheader: yes; line array: blank line
line: 7; lookforheader: yes; line array: *|4|3|1|
line: 8; lookforheader: no; line array: 1|120|200|300|
line: 9; lookforheader: no; line array: 2|150|250|350|
line: 10; lookforheader: no; line array: 3|200|300|400|
line: 11; lookforheader: no; line array: blank line
line: 12; lookforheader: yes; line array: Ounces|*|*|ml|
line: 13; lookforheader: no; line array: 4|150|*|39|
line: 14; lookforheader: no; line array: 8|200|*|40|
line: 15; lookforheader: no; line array: 12|250|*|41|
line: 16; lookforheader: no; line array: 16|300|
line: 17; lookforheader: yes; line array: blank line
line: 18; lookforheader: yes; line array: blank line
Ratio table from: table00
row 0: 	|	4|	3|	1|
row 1: 	1|	120|	200|	300|
row 2: 	2|	150|	250|	350|
row 3: 	3|	200|	300|	400|
End Ratio table from tableprint 
Ratio table from: table01
row 0: 	Ounces|	 |
row 1: 	4|	150|
row 2: 	8|	200|
row 3: 	12|	250|
row 4: 	16|	300|
End Ratio table from tableprint 
Ratio table from: table02
row 0: 	ml|
row 1: 	39|
row 2: 	40|
row 3: 	41|
End Ratio table from tableprint 
Input file: /Users/frankbraswell/Library/Mobile Documents/com~apple~CloudDocs/Business Folders/Berry Plastics/Berry Test Files/B1466721 folder Bug test 5-20-17/S40232 BASF Serifel 32oz.xlsx
^^^^File Name: S40232 BASF Serifel 32oz.xlsx, noTXT FATAL ERROR MESSAGE! 

File must be a text file - extension = .txt
