
------Berry Plastics RatioCompiler Version 2.0 
Date: 5/30/2017, Time: 07:28:38
Program path: /Users/frankbraswell/Library/Mobile Documents/com~apple~CloudDocs/Business Folders/Berry Plastics/BerryPlastics/Berry Plastics perl debug/BerryPlastics-Perl
Command line: runprog.pl
cwd Program path: /
Command line: runprog.pl
**Fonts & Colors file: Berry Fonts & Colors.eps
-Font: Courier
-Font: Helvetica
-Font: Helvetica-Black
-Font: Helvetica-Bold
-Font: Helvetica-Condensed-Bold
-Font: Helvetica-UltraCompressed
-Font: Myriad-Roman
-Font: Times-Bold
-Font: Times-Roman
=Process Color: Black
=Process Color: Cyan
=Process Color: Magenta
=Process Color: Yellow
=Spot Color: Berry Blue
=Spot Color: PANTONE 106 M
=Spot Color: PANTONE 277 M
=Spot Color: PANTONE 2925 M
=Spot Color: PANTONE 484 M
=Spot Color: PANTONE Reflex Blue CVC
Input file: /Users/frankbraswell/Library/Mobile Documents/com~apple~CloudDocs/Business Folders/Berry Plastics/Berry Test Files/Berry Update Dec 2016/Test Files Dec 2016/Test 1/1 Inch Markings-Table 1.txt
^^^^File Name: 1 Inch Markings-Table 1.txt, TXT  - Mac file CR - File Length: 490 - 160 tabs
++Parse conversion table
k 14.8|v 0.2498|
k 15|v 0.2548|
k 17.5|v 0.3172|
k 18|v 0.3240|
k 18.8|v 0.3348|
k 20|v 0.3510|
k 21|v 0.3639|
k 22.5|v 0.3833|
k 25|v 0.4177|
k 29.6|v 0.4811|
k 30|v 0.4845|
k 35|v 0.5265|
k 36|v 0.5405|
k 37.5|v 0.5615|
k 40|v 0.5964|
k 42|v 0.6158|
k 44.4|v 0.6392|
k 45|v 0.6450|
k 50|v 0.7002|
k 52.5|v 0.7274|
k 54|v 0.7437|
k 56.3|v 0.7686|
k 59.1|v 0.7990|
k 60|v 0.8146|
k 63|v 0.8664|
k 67.5|v 0.9099|
k 70|v 0.9340|
k 73.9|v 0.9717|
k 75|v 0.9823|
k 80|v 1.0461|
k 90|v 1.1188|
Input file: /Users/frankbraswell/Library/Mobile Documents/com~apple~CloudDocs/Business Folders/Berry Plastics/Berry Test Files/Berry Update Dec 2016/Test Files Dec 2016/Test 1/2 H1080696 Ratio Chart.txt
^^^^File Name: 2 H1080696 Ratio Chart.txt, TXT  - Mac file CR - File Length: 1869 - 985 tabs
Looking for table in "2 H1080696 Ratio Chart.txt" at line 2
Looking for table in "2 H1080696 Ratio Chart.txt" at line 3
Looking for table in "2 H1080696 Ratio Chart.txt" at line 5
----values found:  and 2
--found ratio on line: 	2	1	10%						
++Parse ratio tables
line: 0; lookforheader: yes; line array: T30915CP|
line: 1; lookforheader: yes; line array: blank line
line: 2; lookforheader: yes; line array: *|Customer:  Signed Approval means that all ratios on this spreadsheet are accurate and calculated according to customer specifications.  Any changes needed to the below ratios must be clearly marked and returned to Berry Plastics before artwork can further be processed. |
line: 3; lookforheader: yes; line array: *|Date:|*|*|*|Print #|H1080696 Hyman Auto Body Supply|
line: 4; lookforheader: yes; line array: blank line
line: 5; lookforheader: yes; line array: *|Signature|
line: 6; lookforheader: yes; line array: blank line
line: 7; lookforheader: yes; line array: blank line
line: 8; lookforheader: yes; line array: blank line
line: 9; lookforheader: yes; line array: blank line
line: 10; lookforheader: yes; line array: *|2|1|10%|
line: 11; lookforheader: no; line array: 1|30|45|48|
line: 12; lookforheader: no; line array: 2|60|90|96|
line: 13; lookforheader: no; line array: 3|90|135|144|
line: 14; lookforheader: no; line array: 4|120|180|192|
line: 15; lookforheader: no; line array: 5|150|225|240|
line: 16; lookforheader: no; line array: 6|180|270|288|
line: 17; lookforheader: no; line array: blank line
line: 18; lookforheader: yes; line array: blank line
line: 19; lookforheader: yes; line array: *|3|1|1|1|
line: 20; lookforheader: no; line array: 1|30|40|50|60|
line: 21; lookforheader: no; line array: 2|60|80|100|120|
line: 22; lookforheader: no; line array: 3|90|120|150|180|
line: 23; lookforheader: no; line array: 4|120|160|200|240|
line: 24; lookforheader: no; line array: 5|150|200|250|300|
line: 25; lookforheader: no; line array: blank line
line: 26; lookforheader: yes; line array: blank line
line: 27; lookforheader: yes; line array: *|3|2|1|
line: 28; lookforheader: no; line array: 1|30|50|60|
line: 29; lookforheader: no; line array: 2|60|100|120|
line: 30; lookforheader: no; line array: 3|90|150|180|
line: 31; lookforheader: no; line array: 4|120|200|240|
line: 32; lookforheader: no; line array: 5|150|250|300|
line: 33; lookforheader: no; line array: blank line
line: 34; lookforheader: yes; line array: blank line
line: 35; lookforheader: yes; line array: *|4|1|1|
line: 36; lookforheader: no; line array: 1|32|40|48|
line: 37; lookforheader: no; line array: 2|64|80|96|
line: 38; lookforheader: no; line array: 3|96|120|144|
line: 39; lookforheader: no; line array: 4|128|160|192|
line: 40; lookforheader: no; line array: 5|160|200|240|
line: 41; lookforheader: no; line array: 6|192|240|288|
line: 42; lookforheader: no; line array: blank line
line: 43; lookforheader: yes; line array: blank line
line: 44; lookforheader: yes; line array: *|4|1|2|
line: 45; lookforheader: no; line array: 1|32|40|56|
line: 46; lookforheader: no; line array: 2|64|80|112|
line: 47; lookforheader: no; line array: 3|96|120|168|
line: 48; lookforheader: no; line array: 4|128|160|224|
line: 49; lookforheader: no; line array: 5|160|200|280|
line: 50; lookforheader: no; line array: blank line
line: 51; lookforheader: yes; line array: blank line
line: 52; lookforheader: yes; line array: Parts|*|*|Ounces|*|*|mL|
line: 53; lookforheader: no; line array: 1|30|*|2|59.1|*|50|
line: 54; lookforheader: no; line array: 2|60|*|3|88.7|*|75|
line: 55; lookforheader: no; line array: 3|90|*|4|118.3|*|100|
line: 56; lookforheader: no; line array: 4|120|*|5|147.9|*|125|
line: 57; lookforheader: no; line array: 5|150|*|6|177.4|*|150|
line: 58; lookforheader: no; line array: 6|180|*|7|207.0|*|175|
line: 59; lookforheader: no; line array: 7|210|*|8|236.6|*|200|
line: 60; lookforheader: no; line array: 8|240|*|9|266.1|*|225|
line: 61; lookforheader: no; line array: 9|270|*|10|295.7|*|250|
line: 62; lookforheader: no; line array: 10|300|*|11|325.3|*|275|
line: 63; lookforheader: no; line array: *|*|*|*|*|*|300|
line: 64; lookforheader: yes; line array: blank line
line: 65; lookforheader: yes; line array: blank line
line: 66; lookforheader: yes; line array: blank line
line: 67; lookforheader: yes; line array: blank line
line: 68; lookforheader: yes; line array: blank line
line: 69; lookforheader: yes; line array: blank line
line: 70; lookforheader: yes; line array: blank line
line: 71; lookforheader: yes; line array: blank line
line: 72; lookforheader: yes; line array: blank line
line: 73; lookforheader: yes; line array: blank line
line: 74; lookforheader: yes; line array: blank line
line: 75; lookforheader: yes; line array: blank line
line: 76; lookforheader: yes; line array: blank line
line: 77; lookforheader: yes; line array: blank line
line: 78; lookforheader: yes; line array: blank line
line: 79; lookforheader: yes; line array: blank line
line: 80; lookforheader: yes; line array: blank line
line: 81; lookforheader: yes; line array: blank line
line: 82; lookforheader: yes; line array: blank line
line: 83; lookforheader: yes; line array: blank line
line: 84; lookforheader: yes; line array: blank line
line: 85; lookforheader: yes; line array: blank line
line: 86; lookforheader: yes; line array: blank line
line: 87; lookforheader: yes; line array: blank line
line: 88; lookforheader: yes; line array: blank line
line: 89; lookforheader: yes; line array: blank line
line: 90; lookforheader: yes; line array: blank line
line: 91; lookforheader: yes; line array: blank line
line: 92; lookforheader: yes; line array: blank line
line: 93; lookforheader: yes; line array: blank line
line: 94; lookforheader: yes; line array: blank line
line: 95; lookforheader: yes; line array: blank line
line: 96; lookforheader: yes; line array: blank line
line: 97; lookforheader: yes; line array: blank line
line: 98; lookforheader: yes; line array: blank line
line: 99; lookforheader: yes; line array: blank line
line: 100; lookforheader: yes; line array: blank line
line: 101; lookforheader: yes; line array: blank line
line: 102; lookforheader: yes; line array: blank line
line: 103; lookforheader: yes; line array: blank line
line: 104; lookforheader: yes; line array: blank line
line: 105; lookforheader: yes; line array: blank line
line: 106; lookforheader: yes; line array: blank line
line: 107; lookforheader: yes; line array: blank line
line: 108; lookforheader: yes; line array: blank line
line: 109; lookforheader: yes; line array: blank line
line: 110; lookforheader: yes; line array: blank line
line: 111; lookforheader: yes; line array: blank line
line: 112; lookforheader: yes; line array: blank line
line: 113; lookforheader: yes; line array: blank line
line: 114; lookforheader: yes; line array: blank line
line: 115; lookforheader: yes; line array: blank line
line: 116; lookforheader: yes; line array: blank line
line: 117; lookforheader: yes; line array: blank line
line: 118; lookforheader: yes; line array: blank line
line: 119; lookforheader: yes; line array: blank line
line: 120; lookforheader: yes; line array: blank line
line: 121; lookforheader: yes; line array: blank line
line: 122; lookforheader: yes; line array: blank line
line: 123; lookforheader: yes; line array: blank line
line: 124; lookforheader: yes; line array: blank line
line: 125; lookforheader: yes; line array: blank line
line: 126; lookforheader: yes; line array: blank line
line: 127; lookforheader: yes; line array: blank line
line: 128; lookforheader: yes; line array: blank line
line: 129; lookforheader: yes; line array: blank line
line: 130; lookforheader: yes; line array: blank line
line: 131; lookforheader: yes; line array: blank line
line: 132; lookforheader: yes; line array: blank line
line: 133; lookforheader: yes; line array: blank line
line: 134; lookforheader: yes; line array: blank line
line: 135; lookforheader: yes; line array: blank line
line: 136; lookforheader: yes; line array: blank line
line: 137; lookforheader: yes; line array: blank line
line: 138; lookforheader: yes; line array: blank line
line: 139; lookforheader: yes; line array: blank line
line: 140; lookforheader: yes; line array: blank line
line: 141; lookforheader: yes; line array: blank line
Ratio table from: table00
row 0: 	|	2|	1|	10%|
row 1: 	1|	30|	45|	48|
row 2: 	2|	60|	90|	96|
row 3: 	3|	90|	135|	144|
row 4: 	4|	120|	180|	192|
row 5: 	5|	150|	225|	240|
row 6: 	6|	180|	270|	288|
End Ratio table from tableprint 
Ratio table from: table01
row 0: 	|	3|	1|	1|	1|
row 1: 	1|	30|	40|	50|	60|
row 2: 	2|	60|	80|	100|	120|
row 3: 	3|	90|	120|	150|	180|
row 4: 	4|	120|	160|	200|	240|
row 5: 	5|	150|	200|	250|	300|
End Ratio table from tableprint 
Ratio table from: table02
row 0: 	|	3|	2|	1|
row 1: 	1|	30|	50|	60|
row 2: 	2|	60|	100|	120|
row 3: 	3|	90|	150|	180|
row 4: 	4|	120|	200|	240|
row 5: 	5|	150|	250|	300|
End Ratio table from tableprint 
Ratio table from: table03
row 0: 	|	4|	1|	1|
row 1: 	1|	32|	40|	48|
row 2: 	2|	64|	80|	96|
row 3: 	3|	96|	120|	144|
row 4: 	4|	128|	160|	192|
row 5: 	5|	160|	200|	240|
row 6: 	6|	192|	240|	288|
End Ratio table from tableprint 
Ratio table from: table04
row 0: 	|	4|	1|	2|
row 1: 	1|	32|	40|	56|
row 2: 	2|	64|	80|	112|
row 3: 	3|	96|	120|	168|
row 4: 	4|	128|	160|	224|
row 5: 	5|	160|	200|	280|
End Ratio table from tableprint 
Ratio table from: table05
row 0: 	Parts|	 |
row 1: 	1|	30|
row 2: 	2|	60|
row 3: 	3|	90|
row 4: 	4|	120|
row 5: 	5|	150|
row 6: 	6|	180|
row 7: 	7|	210|
row 8: 	8|	240|
row 9: 	9|	270|
row 10: 	10|	300|
End Ratio table from tableprint 
Ratio table from: table06
row 0: 	Ounces|	 |
row 1: 	2|	59.1|
row 2: 	3|	88.7|
row 3: 	4|	118.3|
row 4: 	5|	147.9|
row 5: 	6|	177.4|
row 6: 	7|	207.0|
row 7: 	8|	236.6|
row 8: 	9|	266.1|
row 9: 	10|	295.7|
row 10: 	11|	325.3|
End Ratio table from tableprint 
Ratio table from: table07
row 0: 	mL|
row 1: 	50|
row 2: 	75|
row 3: 	100|
row 4: 	125|
row 5: 	150|
row 6: 	175|
row 7: 	200|
row 8: 	225|
row 9: 	250|
row 10: 	275|
row 11: 	300|
End Ratio table from tableprint 
Input file: /Users/frankbraswell/Library/Mobile Documents/com~apple~CloudDocs/Business Folders/Berry Plastics/Berry Test Files/Berry Update Dec 2016/Test Files Dec 2016/Test 1/3 T30304LW Parameter chart.txt
^^^^File Name: 3 T30304LW Parameter chart.txt, TXT  - Mac file CR - File Length: 1150 - 34 tabs
Looking for table in "3 T30304LW Parameter chart.txt" at line 1
++Parse parameter table
Parameter table from: parametertable
line: 1 = val: 0.15			key: Column Space (inches)
line: 2 = val: T30304LW			key: Container Part Number
line: 3 = val: HYMAN			key: Customer Name
line: 4 = val: Black			key: Header Horizontal Line Color
line: 5 = val: 1.5			key: Header Horizontal Line Weight (points)
line: 6 = val: Black			key: Horizontal Line Color
line: 7 = val: .75			key: Horizontal Line Weight (points)
line: 8 = val: H1305709			key: Job Number
line: 9 = val: Helvetica-Bold			key: Measurement Chart Font
line: 10 = val: Black			key: Measurement Chart Font Color
line: 11 = val: 7			key: Measurement Chart Font Size (points)
line: 12 = val: 0.9375			key: Measurement Chart Height (inches)
line: 13 = val: Right			key: Measurement Chart Location (on Right or on Left)
line: 14 = val: 0.75			key: Measurement Chart Width (inches)
line: 15 = val: Bill			key: Operator Name
line: 16 = val: 0.9375			key: Ratio Chart Height (inches)
line: 17 = val: 0.125			key: Ratio Chart Top Offset (inches)
line: 18 = val: 0.2			key: Ratio Chart Width (inches)
line: 19 = val: Helvetica-Condensed-Bold			key: Ratio Column Font
line: 20 = val: Black			key: Ratio Column Font Color
line: 21 = val: 6			key: Ratio Column Font Size (points)
line: 22 = val: Helvetica-Condensed-Bold			key: Ratio Header Font
line: 23 = val: Black			key: Ratio Header Font Color
line: 24 = val: 8			key: Ratio Header Font Size (points)
line: 25 = val: 0.125			key: Ratio Header Height (inches)
line: 26 = val: Below			key: Ratio Number Location (Above or Below)
line: 27 = val: Black			key: Vertical Line Color Inside
line: 28 = val: Black			key: Vertical Line Color Outside
line: 29 = val: .75			key: Vertical Line Weight Inside (points)
line: 30 = val: 1.5			key: Vertical Line Weight Outside (points)
End parameter table from paramtableprint
++Color and Font Check.
-color param: Header Horizontal Line Color = Black --Exists in process colors hash.
-color param: Horizontal Line Color = Black --Exists in process colors hash.
-color param: Measurement Chart Font Color = Black --Exists in process colors hash.
-color param: Ratio Column Font Color = Black --Exists in process colors hash.
-color param: Ratio Header Font Color = Black --Exists in process colors hash.
-color param: Vertical Line Color Inside = Black --Exists in process colors hash.
-color param: Vertical Line Color Outside = Black --Exists in process colors hash.
-font param: Measurement Chart Font = Helvetica-Bold--Exists in fonts hash.
-font param: Ratio Column Font = Helvetica-Condensed-Bold--Exists in fonts hash.
-font param: Ratio Header Font = Helvetica-Condensed-Bold--Exists in fonts hash.
++Build EPS file
--Warning - Value outside printable area!
---table name: table00 - row: 4; col: 1; name: 4; Measurement Value: 120; offset: no value - skip to next value
--Warning - Value outside printable area!
---table name: table00 - row: 5; col: 1; name: 5; Measurement Value: 150; offset: no value - skip to next value
--Warning - Value outside printable area!
---table name: table00 - row: 6; col: 1; name: 6; Measurement Value: 180; offset: no value - skip to next value
--Warning - Value outside printable area!
---table name: table00 - row: 3; col: 2; name: 3; Measurement Value: 135; offset: no value - skip to next value
--Warning - Value outside printable area!
---table name: table00 - row: 4; col: 2; name: 4; Measurement Value: 180; offset: no value - skip to next value
--Warning - Value outside printable area!
---table name: table00 - row: 5; col: 2; name: 5; Measurement Value: 225; offset: no value - skip to next value
--Warning - Value outside printable area!
---table name: table00 - row: 6; col: 2; name: 6; Measurement Value: 270; offset: no value - skip to next value
--Warning - Value outside printable area!
---table name: table00 - row: 1; col: 3; name: 1; Measurement Value: 48; offset: no value - skip to next value
--Warning - Value outside printable area!
---table name: table00 - row: 2; col: 3; name: 2; Measurement Value: 96; offset: no value - skip to next value
--Warning - Value outside printable area!
---table name: table00 - row: 3; col: 3; name: 3; Measurement Value: 144; offset: no value - skip to next value
--Warning - Value outside printable area!
---table name: table00 - row: 4; col: 3; name: 4; Measurement Value: 192; offset: no value - skip to next value
--Warning - Value outside printable area!
---table name: table00 - row: 5; col: 3; name: 5; Measurement Value: 240; offset: no value - skip to next value
--Warning - Value outside printable area!
---table name: table00 - row: 6; col: 3; name: 6; Measurement Value: 288; offset: no value - skip to next value
--Warning - Value outside printable area!
---table name: table01 - row: 4; col: 1; name: 4; Measurement Value: 120; offset: no value - skip to next value
--Warning - Value outside printable area!
---table name: table01 - row: 5; col: 1; name: 5; Measurement Value: 150; offset: no value - skip to next value
--Warning - Value outside printable area!
---table name: table01 - row: 3; col: 2; name: 3; Measurement Value: 120; offset: no value - skip to next value
--Warning - Value outside printable area!
---table name: table01 - row: 4; col: 2; name: 4; Measurement Value: 160; offset: no value - skip to next value
--Warning - Value outside printable area!
---table name: table01 - row: 5; col: 2; name: 5; Measurement Value: 200; offset: no value - skip to next value
--Warning - Value outside printable area!
---table name: table01 - row: 2; col: 3; name: 2; Measurement Value: 100; offset: no value - skip to next value
--Warning - Value outside printable area!
---table name: table01 - row: 3; col: 3; name: 3; Measurement Value: 150; offset: no value - skip to next value
--Warning - Value outside printable area!
---table name: table01 - row: 4; col: 3; name: 4; Measurement Value: 200; offset: no value - skip to next value
--Warning - Value outside printable area!
---table name: table01 - row: 5; col: 3; name: 5; Measurement Value: 250; offset: no value - skip to next value
--Warning - Value outside printable area!
---table name: table01 - row: 2; col: 4; name: 2; Measurement Value: 120; offset: no value - skip to next value
--Warning - Value outside printable area!
---table name: table01 - row: 3; col: 4; name: 3; Measurement Value: 180; offset: no value - skip to next value
--Warning - Value outside printable area!
---table name: table01 - row: 4; col: 4; name: 4; Measurement Value: 240; offset: no value - skip to next value
--Warning - Value outside printable area!
---table name: table01 - row: 5; col: 4; name: 5; Measurement Value: 300; offset: no value - skip to next value
--Warning - Value outside printable area!
---table name: table02 - row: 4; col: 1; name: 4; Measurement Value: 120; offset: no value - skip to next value
--Warning - Value outside printable area!
---table name: table02 - row: 5; col: 1; name: 5; Measurement Value: 150; offset: no value - skip to next value
--Warning - Value outside printable area!
---table name: table02 - row: 2; col: 2; name: 2; Measurement Value: 100; offset: no value - skip to next value
--Warning - Value outside printable area!
---table name: table02 - row: 3; col: 2; name: 3; Measurement Value: 150; offset: no value - skip to next value
--Warning - Value outside printable area!
---table name: table02 - row: 4; col: 2; name: 4; Measurement Value: 200; offset: no value - skip to next value
--Warning - Value outside printable area!
---table name: table02 - row: 5; col: 2; name: 5; Measurement Value: 250; offset: no value - skip to next value
--Warning - Value outside printable area!
---table name: table02 - row: 2; col: 3; name: 2; Measurement Value: 120; offset: no value - skip to next value
--Warning - Value outside printable area!
---table name: table02 - row: 3; col: 3; name: 3; Measurement Value: 180; offset: no value - skip to next value
--Warning - Value outside printable area!
---table name: table02 - row: 4; col: 3; name: 4; Measurement Value: 240; offset: no value - skip to next value
--Warning - Value outside printable area!
---table name: table02 - row: 5; col: 3; name: 5; Measurement Value: 300; offset: no value - skip to next value
--Warning - Value outside printable area!
---table name: table03 - row: 1; col: 1; name: 1; Measurement Value: 32; offset: no value - skip to next value
--Warning - Value outside printable area!
---table name: table03 - row: 2; col: 1; name: 2; Measurement Value: 64; offset: no value - skip to next value
--Warning - Value outside printable area!
---table name: table03 - row: 3; col: 1; name: 3; Measurement Value: 96; offset: no value - skip to next value
--Warning - Value outside printable area!
---table name: table03 - row: 4; col: 1; name: 4; Measurement Value: 128; offset: no value - skip to next value
--Warning - Value outside printable area!
---table name: table03 - row: 5; col: 1; name: 5; Measurement Value: 160; offset: no value - skip to next value
--Warning - Value outside printable area!
---table name: table03 - row: 6; col: 1; name: 6; Measurement Value: 192; offset: no value - skip to next value
--Warning - Value outside printable area!
---table name: table03 - row: 3; col: 2; name: 3; Measurement Value: 120; offset: no value - skip to next value
--Warning - Value outside printable area!
---table name: table03 - row: 4; col: 2; name: 4; Measurement Value: 160; offset: no value - skip to next value
--Warning - Value outside printable area!
---table name: table03 - row: 5; col: 2; name: 5; Measurement Value: 200; offset: no value - skip to next value
--Warning - Value outside printable area!
---table name: table03 - row: 6; col: 2; name: 6; Measurement Value: 240; offset: no value - skip to next value
--Warning - Value outside printable area!
---table name: table03 - row: 1; col: 3; name: 1; Measurement Value: 48; offset: no value - skip to next value
--Warning - Value outside printable area!
---table name: table03 - row: 2; col: 3; name: 2; Measurement Value: 96; offset: no value - skip to next value
--Warning - Value outside printable area!
---table name: table03 - row: 3; col: 3; name: 3; Measurement Value: 144; offset: no value - skip to next value
--Warning - Value outside printable area!
---table name: table03 - row: 4; col: 3; name: 4; Measurement Value: 192; offset: no value - skip to next value
--Warning - Value outside printable area!
---table name: table03 - row: 5; col: 3; name: 5; Measurement Value: 240; offset: no value - skip to next value
--Warning - Value outside printable area!
---table name: table03 - row: 6; col: 3; name: 6; Measurement Value: 288; offset: no value - skip to next value
--Warning - Value outside printable area!
---table name: table04 - row: 1; col: 1; name: 1; Measurement Value: 32; offset: no value - skip to next value
--Warning - Value outside printable area!
---table name: table04 - row: 2; col: 1; name: 2; Measurement Value: 64; offset: no value - skip to next value
--Warning - Value outside printable area!
---table name: table04 - row: 3; col: 1; name: 3; Measurement Value: 96; offset: no value - skip to next value
--Warning - Value outside printable area!
---table name: table04 - row: 4; col: 1; name: 4; Measurement Value: 128; offset: no value - skip to next value
--Warning - Value outside printable area!
---table name: table04 - row: 5; col: 1; name: 5; Measurement Value: 160; offset: no value - skip to next value
--Warning - Value outside printable area!
---table name: table04 - row: 3; col: 2; name: 3; Measurement Value: 120; offset: no value - skip to next value
--Warning - Value outside printable area!
---table name: table04 - row: 4; col: 2; name: 4; Measurement Value: 160; offset: no value - skip to next value
--Warning - Value outside printable area!
---table name: table04 - row: 5; col: 2; name: 5; Measurement Value: 200; offset: no value - skip to next value
--Warning - Value outside printable area!
---table name: table04 - row: 1; col: 3; name: 1; Measurement Value: 56; offset: no value - skip to next value
--Warning - Value outside printable area!
---table name: table04 - row: 2; col: 3; name: 2; Measurement Value: 112; offset: no value - skip to next value
--Warning - Value outside printable area!
---table name: table04 - row: 3; col: 3; name: 3; Measurement Value: 168; offset: no value - skip to next value
--Warning - Value outside printable area!
---table name: table04 - row: 4; col: 3; name: 4; Measurement Value: 224; offset: no value - skip to next value
--Warning - Value outside printable area!
---table name: table04 - row: 5; col: 3; name: 5; Measurement Value: 280; offset: no value - skip to next value
--Warning - Value outside printable area!
---table name: table05 - row: 4; col: 1; name: 4; Measurement Value: 120; offset: no value - skip to next value
--Warning - Value outside printable area!
---table name: table05 - row: 5; col: 1; name: 5; Measurement Value: 150; offset: no value - skip to next value
--Warning - Value outside printable area!
---table name: table05 - row: 6; col: 1; name: 6; Measurement Value: 180; offset: no value - skip to next value
--Warning - Value outside printable area!
---table name: table05 - row: 7; col: 1; name: 7; Measurement Value: 210; offset: no value - skip to next value
--Warning - Value outside printable area!
---table name: table05 - row: 8; col: 1; name: 8; Measurement Value: 240; offset: no value - skip to next value
--Warning - Value outside printable area!
---table name: table05 - row: 9; col: 1; name: 9; Measurement Value: 270; offset: no value - skip to next value
--Warning - Value outside printable area!
---table name: table05 - row: 10; col: 1; name: 10; Measurement Value: 300; offset: no value - skip to next value
--Warning - Value outside printable area!
---table name: table06 - row: 2; col: 1; name: 3; Measurement Value: 88.7; offset: no value - skip to next value
--Warning - Value outside printable area!
---table name: table06 - row: 3; col: 1; name: 4; Measurement Value: 118.3; offset: no value - skip to next value
--Warning - Value outside printable area!
---table name: table06 - row: 4; col: 1; name: 5; Measurement Value: 147.9; offset: no value - skip to next value
--Warning - Value outside printable area!
---table name: table06 - row: 5; col: 1; name: 6; Measurement Value: 177.4; offset: no value - skip to next value
--Warning - Value outside printable area!
---table name: table06 - row: 6; col: 1; name: 7; Measurement Value: 207.0; offset: no value - skip to next value
--Warning - Value outside printable area!
---table name: table06 - row: 7; col: 1; name: 8; Measurement Value: 236.6; offset: no value - skip to next value
--Warning - Value outside printable area!
---table name: table06 - row: 8; col: 1; name: 9; Measurement Value: 266.1; offset: no value - skip to next value
--Warning - Value outside printable area!
---table name: table06 - row: 9; col: 1; name: 10; Measurement Value: 295.7; offset: no value - skip to next value
--Warning - Value outside printable area!
---table name: table06 - row: 10; col: 1; name: 11; Measurement Value: 325.3; offset: no value - skip to next value
--Warning - Value outside printable area!
---table name: table07 - row: 3; col: 0; name: 100; Measurement Value: 100; offset: no value - skip to next value
--Warning - Value outside printable area!
---table name: table07 - row: 4; col: 0; name: 125; Measurement Value: 125; offset: no value - skip to next value
--Warning - Value outside printable area!
---table name: table07 - row: 5; col: 0; name: 150; Measurement Value: 150; offset: no value - skip to next value
--Warning - Value outside printable area!
---table name: table07 - row: 6; col: 0; name: 175; Measurement Value: 175; offset: no value - skip to next value
--Warning - Value outside printable area!
---table name: table07 - row: 7; col: 0; name: 200; Measurement Value: 200; offset: no value - skip to next value
--Warning - Value outside printable area!
---table name: table07 - row: 8; col: 0; name: 225; Measurement Value: 225; offset: no value - skip to next value
--Warning - Value outside printable area!
---table name: table07 - row: 9; col: 0; name: 250; Measurement Value: 250; offset: no value - skip to next value
--Warning - Value outside printable area!
---table name: table07 - row: 10; col: 0; name: 275; Measurement Value: 275; offset: no value - skip to next value
--Warning - Value outside printable area!
---table name: table07 - row: 11; col: 0; name: 300; Measurement Value: 300; offset: no value - skip to next value
++New file name: /Users/frankbraswell/Library/Mobile Documents/com~apple~CloudDocs/Business Folders/Berry Plastics/Berry Test Files/Berry Update Dec 2016/Test Files Dec 2016/Test 1/2 H1080696 Ratio Chart.eps
