
------Berry Plastics RatioCompiler Version 2.0 
Date: 5/31/2017, Time: 13:17:01
Program path: /Users/frankbraswell/Library/Mobile Documents/com~apple~CloudDocs/Business Folders/Berry Plastics/BerryPlastics/Berry Plastics perl debug/BerryPlastics-Perl
Command line: runprog.pl
cwd Program path: /
Command line: runprog.pl
**Fonts & Colors file: Berry Fonts & Colors.eps
-Font: Courier
-Font: Helvetica
-Font: Helvetica-Black
-Font: Helvetica-Bold
-Font: Helvetica-Condensed-Bold
-Font: Helvetica-UltraCompressed
-Font: Myriad-Roman
-Font: Times-Bold
-Font: Times-Roman
=Process Color: Black
=Process Color: Cyan
=Process Color: Magenta
=Process Color: Yellow
=Spot Color: Berry Blue
=Spot Color: PANTONE 106 M
=Spot Color: PANTONE 277 M
=Spot Color: PANTONE 2925 M
=Spot Color: PANTONE 484 M
=Spot Color: PANTONE Reflex Blue CVC
Input file: /Users/frankbraswell/Library/Mobile Documents/com~apple~CloudDocs/Business Folders/Berry Plastics/Berry Test Files/B1466721 folder Bug test 5-20-17/B1466721 Conversion Chart.txt
^^^^File Name: B1466721 Conversion Chart.txt, TXT  - Mac file CR - File Length: 739 - 62 tabs
++Parse conversion table
k 40|v 5.4785|
k 44.4|v 5.4356|
k 59.1|v 5.2902|
k 80|v 4.9670|
k 88.7|v 4.8325|
k 100|v 4.9272|
k 115|v 4.8015|
k 118.3|v 4.7740|
k 120|v 4.7945|
k 133.1|v 4.6628|
k 140|v 4.5929|
k 147.9|v 4.5275|
k 150|v 4.5101|
k 160|v 4.4255|
k 177.4|v 4.2780|
k 200|v 4.0872|
k 207.0|v 4.0345|
k 221.8|v 3.9235|
k 230|v 3.8618|
k 236.6|v 3.8125|
k 240|v 3.7868|
k 250|v 3.7121|
k 266.1|v 3.5930|
k 266.1|v 3.5930|
k 280|v 3.4906|
k 295.7|v 3.3747|
k 300|v 3.3434|
k 310.5|v 3.2567|
k 320|v 3.1780|
k 325.3|v 3.1578|
k 345|v 3.0133|
k 350|v 2.9767|
k 354.8|v 2.9425|
k 360|v 2.9242|
k 380|v 2.7651|
k 384.4|v 2.7300|
k 399.2|v 2.6241|
k 400|v 2.6183|
k 414.0|v 2.5203|
k 420|v 2.4782|
k 443.6|v 2.3137|
k 450|v 2.2691|
k 460|v 2.2023|
k 473.1|v 2.1147|
k 500|v 1.9352|
k 502.7|v 1.9183|
k 532.3|v 1.7354|
k 550|v 1.6257|
k 560|v 1.5604|
k 561.8|v 1.5484|
k 575|v 1.4616|
k 591.4|v 1.3536|
k 600|v 1.2968|
k 621.0|v 1.1588|
k 650.5|v 0.9647|
k 680.1|v 0.7700|
k 709.7|v 0.5750|
k 739.3|v 0.5087|
k 768.8|v 0.6474|
Input file: /Users/frankbraswell/Library/Mobile Documents/com~apple~CloudDocs/Business Folders/Berry Plastics/Berry Test Files/B1466721 folder Bug test 5-20-17/B1466721 Ratio Chart no ml.txt
^^^^File Name: B1466721 Ratio Chart no ml.txt, TXT  - Mac file CR - File Length: 557 - 167 tabs
Looking for table in "B1466721 Ratio Chart no ml.txt" at line 2
Looking for table in "B1466721 Ratio Chart no ml.txt" at line 3
Looking for table in "B1466721 Ratio Chart no ml.txt" at line 5
----values found:  and 4
--found ratio on line: 	4	3	1	
++Parse ratio tables
line: 0; lookforheader: yes; line array: S40232-2|
line: 1; lookforheader: yes; line array: blank line
line: 2; lookforheader: yes; line array: *|Customer:  Signed Approval means that all ratios on this spreadsheet are accurate and calculated according to customer specifications.  Any changes needed to the below ratios must be clearly marked and returned to Berry Global before artwork can further be processed. |
line: 3; lookforheader: yes; line array: *|Date:|*|*|*|Print #|BASF Serifel 32oz|
line: 4; lookforheader: yes; line array: blank line
line: 5; lookforheader: yes; line array: *|Signature|
line: 6; lookforheader: yes; line array: blank line
line: 7; lookforheader: yes; line array: *|4|3|1|
line: 8; lookforheader: no; line array: 1|120|200|300|
line: 9; lookforheader: no; line array: 2|150|250|350|
line: 10; lookforheader: no; line array: 3|200|300|400|
line: 11; lookforheader: no; line array: blank line
line: 12; lookforheader: yes; line array: Ounces|
line: 13; lookforheader: no; line array: 4|150|
line: 14; lookforheader: no; line array: 8|200|
line: 15; lookforheader: no; line array: 12|250|
line: 16; lookforheader: no; line array: 16|300|
line: 17; lookforheader: no; line array: blank line
line: 18; lookforheader: yes; line array: blank line
Ratio table from: table00
row 0: 	|	4|	3|	1|
row 1: 	1|	120|	200|	300|
row 2: 	2|	150|	250|	350|
row 3: 	3|	200|	300|	400|
End Ratio table from tableprint 
Ratio table from: table01
row 0: 	Ounces|	 |
row 1: 	4|	150|
row 2: 	8|	200|
row 3: 	12|	250|
row 4: 	16|	300|
End Ratio table from tableprint 
Input file: /Users/frankbraswell/Library/Mobile Documents/com~apple~CloudDocs/Business Folders/Berry Plastics/Berry Test Files/B1466721 folder Bug test 5-20-17/B1466721 Ratio Chart.eps
^^^^File Name: B1466721 Ratio Chart.eps, noTXT FATAL ERROR MESSAGE! File must be a text file - extension = .txt
